GAS LISTING C:\Users\Docker\AppData\Local\Temp\cczIueiX.s 			page 1


   1               		.file	"funsapeLibPcint2.cpp"
   2               	__SP_H__ = 0x3e
   3               	__SP_L__ = 0x3d
   4               	__SREG__ = 0x3f
   5               	__tmp_reg__ = 0
   6               	__zero_reg__ = 1
   7               		.text
   8               		.section	.text._Z7getTickv,"ax",@progbits
   9               		.weak	_Z7getTickv
  11               	_Z7getTickv:
  12               	/* prologue: function */
  13               	/* frame size = 0 */
  14               	/* stack size = 0 */
  15               	.L__stack_usage = 0
  16 0000 60E0      		ldi r22,0
  17 0002 70E0      		ldi r23,0
  18 0004 CB01      		movw r24,r22
  19               	/* epilogue start */
  20 0006 0895      		ret
  22               		.section	.text._ZN6Pcint2C2Ev,"ax",@progbits
  23               	.global	_ZN6Pcint2C2Ev
  25               	_ZN6Pcint2C2Ev:
  26               	/* prologue: function */
  27               	/* frame size = 0 */
  28               	/* stack size = 0 */
  29               	.L__stack_usage = 0
  30 0000 FC01      		movw r30,r24
  31 0002 1182      		std Z+1,__zero_reg__
  32 0004 8081      		ld r24,Z
  33 0006 8E7F      		andi r24,lo8(~(1<<0))
  34 0008 8083      		st Z,r24
  35 000a 1382      		std Z+3,__zero_reg__
  36 000c 1282      		std Z+2,__zero_reg__
  37               	/* epilogue start */
  38 000e 0895      		ret
  40               	.global	_ZN6Pcint2C1Ev
  41               		.set	_ZN6Pcint2C1Ev,_ZN6Pcint2C2Ev
  42               		.section	.text._ZN6Pcint2D2Ev,"ax",@progbits
  43               	.global	_ZN6Pcint2D2Ev
  45               	_ZN6Pcint2D2Ev:
  46               	/* prologue: function */
  47               	/* frame size = 0 */
  48               	/* stack size = 0 */
  49               	.L__stack_usage = 0
  50               	/* epilogue start */
  51 0000 0895      		ret
  53               	.global	_ZN6Pcint2D1Ev
  54               		.set	_ZN6Pcint2D1Ev,_ZN6Pcint2D2Ev
  55               		.section	.text._ZN6Pcint24initENS_3PinE,"ax",@progbits
  56               	.global	_ZN6Pcint24initENS_3PinE
  58               	_ZN6Pcint24initENS_3PinE:
  59               	/* prologue: function */
  60               	/* frame size = 0 */
  61               	/* stack size = 0 */
  62               	.L__stack_usage = 0
  63 0000 FC01      		movw r30,r24
  64 0002 ADE6      		ldi r26,lo8(109)
GAS LISTING C:\Users\Docker\AppData\Local\Temp\cczIueiX.s 			page 2


  65 0004 B0E0      		ldi r27,0
  66 0006 8C91      		ld r24,X
  67 0008 6C93      		st X,r22
  68 000a 6183      		std Z+1,r22
  69 000c 8081      		ld r24,Z
  70 000e 8160      		ori r24,lo8(1<<0)
  71 0010 8083      		st Z,r24
  72 0012 1382      		std Z+3,__zero_reg__
  73 0014 1282      		std Z+2,__zero_reg__
  74 0016 81E0      		ldi r24,lo8(1)
  75               	/* epilogue start */
  76 0018 0895      		ret
  78               		.section	.text._ZN6Pcint210enablePinsENS_3PinE,"ax",@progbits
  79               	.global	_ZN6Pcint210enablePinsENS_3PinE
  81               	_ZN6Pcint210enablePinsENS_3PinE:
  82               	/* prologue: function */
  83               	/* frame size = 0 */
  84               	/* stack size = 0 */
  85               	.L__stack_usage = 0
  86 0000 FC01      		movw r30,r24
  87 0002 ADE6      		ldi r26,lo8(109)
  88 0004 B0E0      		ldi r27,0
  89 0006 8C91      		ld r24,X
  90 0008 8181      		ldd r24,Z+1
  91 000a 682B      		or r22,r24
  92 000c 6C93      		st X,r22
  93 000e 6183      		std Z+1,r22
  94 0010 1382      		std Z+3,__zero_reg__
  95 0012 1282      		std Z+2,__zero_reg__
  96 0014 81E0      		ldi r24,lo8(1)
  97               	/* epilogue start */
  98 0016 0895      		ret
 100               		.section	.text._ZN6Pcint211disablePinsENS_3PinE,"ax",@progbits
 101               	.global	_ZN6Pcint211disablePinsENS_3PinE
 103               	_ZN6Pcint211disablePinsENS_3PinE:
 104               	/* prologue: function */
 105               	/* frame size = 0 */
 106               	/* stack size = 0 */
 107               	.L__stack_usage = 0
 108 0000 FC01      		movw r30,r24
 109 0002 ADE6      		ldi r26,lo8(109)
 110 0004 B0E0      		ldi r27,0
 111 0006 8C91      		ld r24,X
 112 0008 6095      		com r22
 113 000a 8181      		ldd r24,Z+1
 114 000c 6823      		and r22,r24
 115 000e 6C93      		st X,r22
 116 0010 6183      		std Z+1,r22
 117 0012 1382      		std Z+3,__zero_reg__
 118 0014 1282      		std Z+2,__zero_reg__
 119 0016 81E0      		ldi r24,lo8(1)
 120               	/* epilogue start */
 121 0018 0895      		ret
 123               		.section	.text._ZN6Pcint212getLastErrorEv,"ax",@progbits
 124               	.global	_ZN6Pcint212getLastErrorEv
 126               	_ZN6Pcint212getLastErrorEv:
 127               	/* prologue: function */
GAS LISTING C:\Users\Docker\AppData\Local\Temp\cczIueiX.s 			page 3


 128               	/* frame size = 0 */
 129               	/* stack size = 0 */
 130               	.L__stack_usage = 0
 131 0000 FC01      		movw r30,r24
 132 0002 8281      		ldd r24,Z+2
 133 0004 9381      		ldd r25,Z+3
 134               	/* epilogue start */
 135 0006 0895      		ret
 137               		.section	.text._Z23pcint2InterruptCallbackv,"ax",@progbits
 138               		.weak	_Z23pcint2InterruptCallbackv
 140               	_Z23pcint2InterruptCallbackv:
 141               	/* prologue: function */
 142               	/* frame size = 0 */
 143               	/* stack size = 0 */
 144               	.L__stack_usage = 0
 145               	/* epilogue start */
 146 0000 0895      		ret
 148               		.section	.text.__vector_5,"ax",@progbits
 149               	.global	__vector_5
 151               	__vector_5:
 152 0000 1F92      		push r1
 153 0002 0F92      		push r0
 154 0004 0FB6      		in r0,__SREG__
 155 0006 0F92      		push r0
 156 0008 1124      		clr __zero_reg__
 157 000a 2F93      		push r18
 158 000c 3F93      		push r19
 159 000e 4F93      		push r20
 160 0010 5F93      		push r21
 161 0012 6F93      		push r22
 162 0014 7F93      		push r23
 163 0016 8F93      		push r24
 164 0018 9F93      		push r25
 165 001a AF93      		push r26
 166 001c BF93      		push r27
 167 001e EF93      		push r30
 168 0020 FF93      		push r31
 169               	/* prologue: Signal */
 170               	/* frame size = 0 */
 171               	/* stack size = 15 */
 172               	.L__stack_usage = 15
 173 0022 0E94 0000 		call _Z23pcint2InterruptCallbackv
 174               	/* epilogue start */
 175 0026 FF91      		pop r31
 176 0028 EF91      		pop r30
 177 002a BF91      		pop r27
 178 002c AF91      		pop r26
 179 002e 9F91      		pop r25
 180 0030 8F91      		pop r24
 181 0032 7F91      		pop r23
 182 0034 6F91      		pop r22
 183 0036 5F91      		pop r21
 184 0038 4F91      		pop r20
 185 003a 3F91      		pop r19
 186 003c 2F91      		pop r18
 187 003e 0F90      		pop r0
 188 0040 0FBE      		out __SREG__,r0
GAS LISTING C:\Users\Docker\AppData\Local\Temp\cczIueiX.s 			page 4


 189 0042 0F90      		pop r0
 190 0044 1F90      		pop r1
 191 0046 1895      		reti
 193               		.section	.text.startup._GLOBAL__sub_I_pcint2,"ax",@progbits
 195               	_GLOBAL__sub_I_pcint2:
 196               	/* prologue: function */
 197               	/* frame size = 0 */
 198               	/* stack size = 0 */
 199               	.L__stack_usage = 0
 200 0000 E0E0      		ldi r30,lo8(pcint2)
 201 0002 F0E0      		ldi r31,hi8(pcint2)
 202 0004 1182      		std Z+1,__zero_reg__
 203 0006 8081      		ld r24,Z
 204 0008 8E7F      		andi r24,lo8(~(1<<0))
 205 000a 8083      		st Z,r24
 206 000c 1382      		std Z+3,__zero_reg__
 207 000e 1282      		std Z+2,__zero_reg__
 208               	/* epilogue start */
 209 0010 0895      		ret
 211               		.global __do_global_ctors
 212               		.section .ctors,"a",@progbits
 213               		.p2align	1
 214 0000 0000      		.word	gs(_GLOBAL__sub_I_pcint2)
 215               	.global	pcint2
 216               		.section	.bss.pcint2,"aw",@nobits
 219               	pcint2:
 220 0000 0000 0000 		.zero	4
 221               		.ident	"GCC: (AVR_8_bit_GNU_Toolchain_3.7.0_1796) 7.3.0"
 222               	.global __do_clear_bss
GAS LISTING C:\Users\Docker\AppData\Local\Temp\cczIueiX.s 			page 5


DEFINED SYMBOLS
                            *ABS*:0000000000000000 funsapeLibPcint2.cpp
C:\Users\Docker\AppData\Local\Temp\cczIueiX.s:2      *ABS*:000000000000003e __SP_H__
C:\Users\Docker\AppData\Local\Temp\cczIueiX.s:3      *ABS*:000000000000003d __SP_L__
C:\Users\Docker\AppData\Local\Temp\cczIueiX.s:4      *ABS*:000000000000003f __SREG__
C:\Users\Docker\AppData\Local\Temp\cczIueiX.s:5      *ABS*:0000000000000000 __tmp_reg__
C:\Users\Docker\AppData\Local\Temp\cczIueiX.s:6      *ABS*:0000000000000001 __zero_reg__
C:\Users\Docker\AppData\Local\Temp\cczIueiX.s:11     .text._Z7getTickv:0000000000000000 _Z7getTickv
C:\Users\Docker\AppData\Local\Temp\cczIueiX.s:25     .text._ZN6Pcint2C2Ev:0000000000000000 _ZN6Pcint2C2Ev
C:\Users\Docker\AppData\Local\Temp\cczIueiX.s:25     .text._ZN6Pcint2C2Ev:0000000000000000 _ZN6Pcint2C1Ev
C:\Users\Docker\AppData\Local\Temp\cczIueiX.s:45     .text._ZN6Pcint2D2Ev:0000000000000000 _ZN6Pcint2D2Ev
C:\Users\Docker\AppData\Local\Temp\cczIueiX.s:45     .text._ZN6Pcint2D2Ev:0000000000000000 _ZN6Pcint2D1Ev
C:\Users\Docker\AppData\Local\Temp\cczIueiX.s:58     .text._ZN6Pcint24initENS_3PinE:0000000000000000 _ZN6Pcint24initENS_3PinE
C:\Users\Docker\AppData\Local\Temp\cczIueiX.s:81     .text._ZN6Pcint210enablePinsENS_3PinE:0000000000000000 _ZN6Pcint210enablePinsENS_3PinE
C:\Users\Docker\AppData\Local\Temp\cczIueiX.s:103    .text._ZN6Pcint211disablePinsENS_3PinE:0000000000000000 _ZN6Pcint211disablePinsENS_3PinE
C:\Users\Docker\AppData\Local\Temp\cczIueiX.s:126    .text._ZN6Pcint212getLastErrorEv:0000000000000000 _ZN6Pcint212getLastErrorEv
C:\Users\Docker\AppData\Local\Temp\cczIueiX.s:140    .text._Z23pcint2InterruptCallbackv:0000000000000000 _Z23pcint2InterruptCallbackv
C:\Users\Docker\AppData\Local\Temp\cczIueiX.s:151    .text.__vector_5:0000000000000000 __vector_5
C:\Users\Docker\AppData\Local\Temp\cczIueiX.s:195    .text.startup._GLOBAL__sub_I_pcint2:0000000000000000 _GLOBAL__sub_I_pcint2
C:\Users\Docker\AppData\Local\Temp\cczIueiX.s:219    .bss.pcint2:0000000000000000 pcint2

UNDEFINED SYMBOLS
__do_global_ctors
__do_clear_bss
