GAS LISTING C:\Users\Docker\AppData\Local\Temp\ccMGYr4e.s 			page 1


   1               		.file	"funsapeLibTimer2.cpp"
   2               	__SP_H__ = 0x3e
   3               	__SP_L__ = 0x3d
   4               	__SREG__ = 0x3f
   5               	__tmp_reg__ = 0
   6               	__zero_reg__ = 1
   7               		.text
   8               		.section	.text._Z7getTickv,"ax",@progbits
   9               		.weak	_Z7getTickv
  11               	_Z7getTickv:
  12               	/* prologue: function */
  13               	/* frame size = 0 */
  14               	/* stack size = 0 */
  15               	.L__stack_usage = 0
  16 0000 60E0      		ldi r22,0
  17 0002 70E0      		ldi r23,0
  18 0004 CB01      		movw r24,r22
  19               	/* epilogue start */
  20 0006 0895      		ret
  22               		.section	.text._ZN6Timer2C2Ev,"ax",@progbits
  23               	.global	_ZN6Timer2C2Ev
  25               	_ZN6Timer2C2Ev:
  26               	/* prologue: function */
  27               	/* frame size = 0 */
  28               	/* stack size = 0 */
  29               	.L__stack_usage = 0
  30 0000 FC01      		movw r30,r24
  31 0002 1182      		std Z+1,__zero_reg__
  32 0004 1282      		std Z+2,__zero_reg__
  33 0006 8081      		ld r24,Z
  34 0008 8E7F      		andi r24,lo8(~(1<<0))
  35 000a 8083      		st Z,r24
  36 000c 1482      		std Z+4,__zero_reg__
  37 000e 1382      		std Z+3,__zero_reg__
  38               	/* epilogue start */
  39 0010 0895      		ret
  41               	.global	_ZN6Timer2C1Ev
  42               		.set	_ZN6Timer2C1Ev,_ZN6Timer2C2Ev
  43               		.section	.text._ZN6Timer2D2Ev,"ax",@progbits
  44               	.global	_ZN6Timer2D2Ev
  46               	_ZN6Timer2D2Ev:
  47               	/* prologue: function */
  48               	/* frame size = 0 */
  49               	/* stack size = 0 */
  50               	.L__stack_usage = 0
  51               	/* epilogue start */
  52 0000 0895      		ret
  54               	.global	_ZN6Timer2D1Ev
  55               		.set	_ZN6Timer2D1Ev,_ZN6Timer2D2Ev
  56               		.section	.text._ZN6Timer24initENS_4ModeENS_11ClockSourceE,"ax",@progbits
  57               	.global	_ZN6Timer24initENS_4ModeENS_11ClockSourceE
  59               	_ZN6Timer24initENS_4ModeENS_11ClockSourceE:
  60 0000 CF93      		push r28
  61 0002 DF93      		push r29
  62               	/* prologue: function */
  63               	/* frame size = 0 */
  64               	/* stack size = 2 */
GAS LISTING C:\Users\Docker\AppData\Local\Temp\ccMGYr4e.s 			page 2


  65               	.L__stack_usage = 2
  66 0004 FC01      		movw r30,r24
  67 0006 C0EB      		ldi r28,lo8(-80)
  68 0008 D0E0      		ldi r29,0
  69 000a 8881      		ld r24,Y
  70 000c A1EB      		ldi r26,lo8(-79)
  71 000e B0E0      		ldi r27,0
  72 0010 9C91      		ld r25,X
  73 0012 8C7F      		andi r24,lo8(-4)
  74 0014 262F      		mov r18,r22
  75 0016 2370      		andi r18,lo8(3)
  76 0018 822B      		or r24,r18
  77 001a 262F      		mov r18,r22
  78 001c 30E0      		ldi r19,0
  79 001e 3595      		asr r19
  80 0020 2795      		ror r18
  81 0022 3595      		asr r19
  82 0024 2795      		ror r18
  83 0026 73E0      		ldi r23,3
  84               		1:
  85 0028 220F      		lsl r18
  86 002a 331F      		rol r19
  87 002c 7A95      		dec r23
  88 002e 01F4      		brne 1b
  89 0030 977F      		andi r25,lo8(-9)
  90 0032 922B      		or r25,r18
  91 0034 987F      		andi r25,lo8(-8)
  92 0036 942B      		or r25,r20
  93 0038 8883      		st Y,r24
  94 003a 9C93      		st X,r25
  95 003c 6283      		std Z+2,r22
  96 003e 4183      		std Z+1,r20
  97 0040 8081      		ld r24,Z
  98 0042 8160      		ori r24,lo8(1<<0)
  99 0044 8083      		st Z,r24
 100 0046 1482      		std Z+4,__zero_reg__
 101 0048 1382      		std Z+3,__zero_reg__
 102 004a 81E0      		ldi r24,lo8(1)
 103               	/* epilogue start */
 104 004c DF91      		pop r29
 105 004e CF91      		pop r28
 106 0050 0895      		ret
 108               		.section	.text._ZN6Timer27setModeENS_4ModeE,"ax",@progbits
 109               	.global	_ZN6Timer27setModeENS_4ModeE
 111               	_ZN6Timer27setModeENS_4ModeE:
 112 0000 CF93      		push r28
 113 0002 DF93      		push r29
 114               	/* prologue: function */
 115               	/* frame size = 0 */
 116               	/* stack size = 2 */
 117               	.L__stack_usage = 2
 118 0004 FC01      		movw r30,r24
 119 0006 C0EB      		ldi r28,lo8(-80)
 120 0008 D0E0      		ldi r29,0
 121 000a 2881      		ld r18,Y
 122 000c A1EB      		ldi r26,lo8(-79)
 123 000e B0E0      		ldi r27,0
GAS LISTING C:\Users\Docker\AppData\Local\Temp\ccMGYr4e.s 			page 3


 124 0010 9C91      		ld r25,X
 125 0012 2C7F      		andi r18,lo8(-4)
 126 0014 862F      		mov r24,r22
 127 0016 8370      		andi r24,lo8(3)
 128 0018 282B      		or r18,r24
 129 001a 462F      		mov r20,r22
 130 001c 50E0      		ldi r21,0
 131 001e 5595      		asr r21
 132 0020 4795      		ror r20
 133 0022 5595      		asr r21
 134 0024 4795      		ror r20
 135 0026 33E0      		ldi r19,3
 136               		1:
 137 0028 440F      		lsl r20
 138 002a 551F      		rol r21
 139 002c 3A95      		dec r19
 140 002e 01F4      		brne 1b
 141 0030 977F      		andi r25,lo8(-9)
 142 0032 942B      		or r25,r20
 143 0034 2883      		st Y,r18
 144 0036 9C93      		st X,r25
 145 0038 6283      		std Z+2,r22
 146 003a 1482      		std Z+4,__zero_reg__
 147 003c 1382      		std Z+3,__zero_reg__
 148 003e 81E0      		ldi r24,lo8(1)
 149               	/* epilogue start */
 150 0040 DF91      		pop r29
 151 0042 CF91      		pop r28
 152 0044 0895      		ret
 154               		.section	.text._ZN6Timer214setClockSourceENS_11ClockSourceE,"ax",@progbits
 155               	.global	_ZN6Timer214setClockSourceENS_11ClockSourceE
 157               	_ZN6Timer214setClockSourceENS_11ClockSourceE:
 158               	/* prologue: function */
 159               	/* frame size = 0 */
 160               	/* stack size = 0 */
 161               	.L__stack_usage = 0
 162 0000 FC01      		movw r30,r24
 163 0002 A1EB      		ldi r26,lo8(-79)
 164 0004 B0E0      		ldi r27,0
 165 0006 9C91      		ld r25,X
 166 0008 987F      		andi r25,lo8(-8)
 167 000a 962B      		or r25,r22
 168 000c 9C93      		st X,r25
 169 000e 6183      		std Z+1,r22
 170 0010 1482      		std Z+4,__zero_reg__
 171 0012 1382      		std Z+3,__zero_reg__
 172 0014 81E0      		ldi r24,lo8(1)
 173               	/* epilogue start */
 174 0016 0895      		ret
 176               		.section	.text._ZN6Timer213setOutputModeENS_10OutputModeES0_,"ax",@progbits
 177               	.global	_ZN6Timer213setOutputModeENS_10OutputModeES0_
 179               	_ZN6Timer213setOutputModeENS_10OutputModeES0_:
 180               	/* prologue: function */
 181               	/* frame size = 0 */
 182               	/* stack size = 0 */
 183               	.L__stack_usage = 0
 184 0000 E0EB      		ldi r30,lo8(-80)
GAS LISTING C:\Users\Docker\AppData\Local\Temp\ccMGYr4e.s 			page 4


 185 0002 F0E0      		ldi r31,0
 186 0004 2081      		ld r18,Z
 187 0006 2F73      		andi r18,lo8(63)
 188 0008 30E4      		ldi r19,lo8(64)
 189 000a 639F      		mul r22,r19
 190 000c B001      		movw r22,r0
 191 000e 1124      		clr __zero_reg__
 192 0010 622B      		or r22,r18
 193 0012 6F7C      		andi r22,lo8(-49)
 194 0014 20E1      		ldi r18,lo8(16)
 195 0016 429F      		mul r20,r18
 196 0018 A001      		movw r20,r0
 197 001a 1124      		clr __zero_reg__
 198 001c 462B      		or r20,r22
 199 001e 4083      		st Z,r20
 200 0020 FC01      		movw r30,r24
 201 0022 1482      		std Z+4,__zero_reg__
 202 0024 1382      		std Z+3,__zero_reg__
 203 0026 81E0      		ldi r24,lo8(1)
 204               	/* epilogue start */
 205 0028 0895      		ret
 207               		.section	.text._ZN6Timer212getLastErrorEv,"ax",@progbits
 208               	.global	_ZN6Timer212getLastErrorEv
 210               	_ZN6Timer212getLastErrorEv:
 211               	/* prologue: function */
 212               	/* frame size = 0 */
 213               	/* stack size = 0 */
 214               	.L__stack_usage = 0
 215 0000 FC01      		movw r30,r24
 216 0002 8381      		ldd r24,Z+3
 217 0004 9481      		ldd r25,Z+4
 218               	/* epilogue start */
 219 0006 0895      		ret
 221               		.section	.text._Z22timer2CompareACallbackv,"ax",@progbits
 222               		.weak	_Z22timer2CompareACallbackv
 224               	_Z22timer2CompareACallbackv:
 225               	/* prologue: function */
 226               	/* frame size = 0 */
 227               	/* stack size = 0 */
 228               	.L__stack_usage = 0
 229               	/* epilogue start */
 230 0000 0895      		ret
 232               		.section	.text._Z22timer2CompareBCallbackv,"ax",@progbits
 233               		.weak	_Z22timer2CompareBCallbackv
 235               	_Z22timer2CompareBCallbackv:
 236               	/* prologue: function */
 237               	/* frame size = 0 */
 238               	/* stack size = 0 */
 239               	.L__stack_usage = 0
 240               	/* epilogue start */
 241 0000 0895      		ret
 243               		.section	.text._Z22timer2OverflowCallbackv,"ax",@progbits
 244               		.weak	_Z22timer2OverflowCallbackv
 246               	_Z22timer2OverflowCallbackv:
 247               	/* prologue: function */
 248               	/* frame size = 0 */
 249               	/* stack size = 0 */
GAS LISTING C:\Users\Docker\AppData\Local\Temp\ccMGYr4e.s 			page 5


 250               	.L__stack_usage = 0
 251               	/* epilogue start */
 252 0000 0895      		ret
 254               		.section	.text.__vector_7,"ax",@progbits
 255               	.global	__vector_7
 257               	__vector_7:
 258 0000 1F92      		push r1
 259 0002 0F92      		push r0
 260 0004 0FB6      		in r0,__SREG__
 261 0006 0F92      		push r0
 262 0008 1124      		clr __zero_reg__
 263 000a 2F93      		push r18
 264 000c 3F93      		push r19
 265 000e 4F93      		push r20
 266 0010 5F93      		push r21
 267 0012 6F93      		push r22
 268 0014 7F93      		push r23
 269 0016 8F93      		push r24
 270 0018 9F93      		push r25
 271 001a AF93      		push r26
 272 001c BF93      		push r27
 273 001e EF93      		push r30
 274 0020 FF93      		push r31
 275               	/* prologue: Signal */
 276               	/* frame size = 0 */
 277               	/* stack size = 15 */
 278               	.L__stack_usage = 15
 279 0022 0E94 0000 		call _Z22timer2CompareACallbackv
 280               	/* epilogue start */
 281 0026 FF91      		pop r31
 282 0028 EF91      		pop r30
 283 002a BF91      		pop r27
 284 002c AF91      		pop r26
 285 002e 9F91      		pop r25
 286 0030 8F91      		pop r24
 287 0032 7F91      		pop r23
 288 0034 6F91      		pop r22
 289 0036 5F91      		pop r21
 290 0038 4F91      		pop r20
 291 003a 3F91      		pop r19
 292 003c 2F91      		pop r18
 293 003e 0F90      		pop r0
 294 0040 0FBE      		out __SREG__,r0
 295 0042 0F90      		pop r0
 296 0044 1F90      		pop r1
 297 0046 1895      		reti
 299               		.section	.text.__vector_8,"ax",@progbits
 300               	.global	__vector_8
 302               	__vector_8:
 303 0000 1F92      		push r1
 304 0002 0F92      		push r0
 305 0004 0FB6      		in r0,__SREG__
 306 0006 0F92      		push r0
 307 0008 1124      		clr __zero_reg__
 308 000a 2F93      		push r18
 309 000c 3F93      		push r19
 310 000e 4F93      		push r20
GAS LISTING C:\Users\Docker\AppData\Local\Temp\ccMGYr4e.s 			page 6


 311 0010 5F93      		push r21
 312 0012 6F93      		push r22
 313 0014 7F93      		push r23
 314 0016 8F93      		push r24
 315 0018 9F93      		push r25
 316 001a AF93      		push r26
 317 001c BF93      		push r27
 318 001e EF93      		push r30
 319 0020 FF93      		push r31
 320               	/* prologue: Signal */
 321               	/* frame size = 0 */
 322               	/* stack size = 15 */
 323               	.L__stack_usage = 15
 324 0022 0E94 0000 		call _Z22timer2CompareBCallbackv
 325               	/* epilogue start */
 326 0026 FF91      		pop r31
 327 0028 EF91      		pop r30
 328 002a BF91      		pop r27
 329 002c AF91      		pop r26
 330 002e 9F91      		pop r25
 331 0030 8F91      		pop r24
 332 0032 7F91      		pop r23
 333 0034 6F91      		pop r22
 334 0036 5F91      		pop r21
 335 0038 4F91      		pop r20
 336 003a 3F91      		pop r19
 337 003c 2F91      		pop r18
 338 003e 0F90      		pop r0
 339 0040 0FBE      		out __SREG__,r0
 340 0042 0F90      		pop r0
 341 0044 1F90      		pop r1
 342 0046 1895      		reti
 344               		.section	.text.__vector_9,"ax",@progbits
 345               	.global	__vector_9
 347               	__vector_9:
 348 0000 1F92      		push r1
 349 0002 0F92      		push r0
 350 0004 0FB6      		in r0,__SREG__
 351 0006 0F92      		push r0
 352 0008 1124      		clr __zero_reg__
 353 000a 2F93      		push r18
 354 000c 3F93      		push r19
 355 000e 4F93      		push r20
 356 0010 5F93      		push r21
 357 0012 6F93      		push r22
 358 0014 7F93      		push r23
 359 0016 8F93      		push r24
 360 0018 9F93      		push r25
 361 001a AF93      		push r26
 362 001c BF93      		push r27
 363 001e EF93      		push r30
 364 0020 FF93      		push r31
 365               	/* prologue: Signal */
 366               	/* frame size = 0 */
 367               	/* stack size = 15 */
 368               	.L__stack_usage = 15
 369 0022 0E94 0000 		call _Z22timer2OverflowCallbackv
GAS LISTING C:\Users\Docker\AppData\Local\Temp\ccMGYr4e.s 			page 7


 370               	/* epilogue start */
 371 0026 FF91      		pop r31
 372 0028 EF91      		pop r30
 373 002a BF91      		pop r27
 374 002c AF91      		pop r26
 375 002e 9F91      		pop r25
 376 0030 8F91      		pop r24
 377 0032 7F91      		pop r23
 378 0034 6F91      		pop r22
 379 0036 5F91      		pop r21
 380 0038 4F91      		pop r20
 381 003a 3F91      		pop r19
 382 003c 2F91      		pop r18
 383 003e 0F90      		pop r0
 384 0040 0FBE      		out __SREG__,r0
 385 0042 0F90      		pop r0
 386 0044 1F90      		pop r1
 387 0046 1895      		reti
 389               		.section	.text.startup._GLOBAL__sub_I_timer2,"ax",@progbits
 391               	_GLOBAL__sub_I_timer2:
 392               	/* prologue: function */
 393               	/* frame size = 0 */
 394               	/* stack size = 0 */
 395               	.L__stack_usage = 0
 396 0000 E0E0      		ldi r30,lo8(timer2)
 397 0002 F0E0      		ldi r31,hi8(timer2)
 398 0004 1182      		std Z+1,__zero_reg__
 399 0006 1282      		std Z+2,__zero_reg__
 400 0008 8081      		ld r24,Z
 401 000a 8E7F      		andi r24,lo8(~(1<<0))
 402 000c 8083      		st Z,r24
 403 000e 1482      		std Z+4,__zero_reg__
 404 0010 1382      		std Z+3,__zero_reg__
 405               	/* epilogue start */
 406 0012 0895      		ret
 408               		.global __do_global_ctors
 409               		.section .ctors,"a",@progbits
 410               		.p2align	1
 411 0000 0000      		.word	gs(_GLOBAL__sub_I_timer2)
 412               	.global	timer2
 413               		.section	.bss.timer2,"aw",@nobits
 416               	timer2:
 417 0000 0000 0000 		.zero	5
 417      00
 418               		.ident	"GCC: (AVR_8_bit_GNU_Toolchain_3.7.0_1796) 7.3.0"
 419               	.global __do_clear_bss
GAS LISTING C:\Users\Docker\AppData\Local\Temp\ccMGYr4e.s 			page 8


DEFINED SYMBOLS
                            *ABS*:0000000000000000 funsapeLibTimer2.cpp
C:\Users\Docker\AppData\Local\Temp\ccMGYr4e.s:2      *ABS*:000000000000003e __SP_H__
C:\Users\Docker\AppData\Local\Temp\ccMGYr4e.s:3      *ABS*:000000000000003d __SP_L__
C:\Users\Docker\AppData\Local\Temp\ccMGYr4e.s:4      *ABS*:000000000000003f __SREG__
C:\Users\Docker\AppData\Local\Temp\ccMGYr4e.s:5      *ABS*:0000000000000000 __tmp_reg__
C:\Users\Docker\AppData\Local\Temp\ccMGYr4e.s:6      *ABS*:0000000000000001 __zero_reg__
C:\Users\Docker\AppData\Local\Temp\ccMGYr4e.s:11     .text._Z7getTickv:0000000000000000 _Z7getTickv
C:\Users\Docker\AppData\Local\Temp\ccMGYr4e.s:25     .text._ZN6Timer2C2Ev:0000000000000000 _ZN6Timer2C2Ev
C:\Users\Docker\AppData\Local\Temp\ccMGYr4e.s:25     .text._ZN6Timer2C2Ev:0000000000000000 _ZN6Timer2C1Ev
C:\Users\Docker\AppData\Local\Temp\ccMGYr4e.s:46     .text._ZN6Timer2D2Ev:0000000000000000 _ZN6Timer2D2Ev
C:\Users\Docker\AppData\Local\Temp\ccMGYr4e.s:46     .text._ZN6Timer2D2Ev:0000000000000000 _ZN6Timer2D1Ev
C:\Users\Docker\AppData\Local\Temp\ccMGYr4e.s:59     .text._ZN6Timer24initENS_4ModeENS_11ClockSourceE:0000000000000000 _ZN6Timer24initENS_4ModeENS_11ClockSourceE
C:\Users\Docker\AppData\Local\Temp\ccMGYr4e.s:111    .text._ZN6Timer27setModeENS_4ModeE:0000000000000000 _ZN6Timer27setModeENS_4ModeE
C:\Users\Docker\AppData\Local\Temp\ccMGYr4e.s:157    .text._ZN6Timer214setClockSourceENS_11ClockSourceE:0000000000000000 _ZN6Timer214setClockSourceENS_11ClockSourceE
C:\Users\Docker\AppData\Local\Temp\ccMGYr4e.s:179    .text._ZN6Timer213setOutputModeENS_10OutputModeES0_:0000000000000000 _ZN6Timer213setOutputModeENS_10OutputModeES0_
C:\Users\Docker\AppData\Local\Temp\ccMGYr4e.s:210    .text._ZN6Timer212getLastErrorEv:0000000000000000 _ZN6Timer212getLastErrorEv
C:\Users\Docker\AppData\Local\Temp\ccMGYr4e.s:224    .text._Z22timer2CompareACallbackv:0000000000000000 _Z22timer2CompareACallbackv
C:\Users\Docker\AppData\Local\Temp\ccMGYr4e.s:235    .text._Z22timer2CompareBCallbackv:0000000000000000 _Z22timer2CompareBCallbackv
C:\Users\Docker\AppData\Local\Temp\ccMGYr4e.s:246    .text._Z22timer2OverflowCallbackv:0000000000000000 _Z22timer2OverflowCallbackv
C:\Users\Docker\AppData\Local\Temp\ccMGYr4e.s:257    .text.__vector_7:0000000000000000 __vector_7
C:\Users\Docker\AppData\Local\Temp\ccMGYr4e.s:302    .text.__vector_8:0000000000000000 __vector_8
C:\Users\Docker\AppData\Local\Temp\ccMGYr4e.s:347    .text.__vector_9:0000000000000000 __vector_9
C:\Users\Docker\AppData\Local\Temp\ccMGYr4e.s:391    .text.startup._GLOBAL__sub_I_timer2:0000000000000000 _GLOBAL__sub_I_timer2
C:\Users\Docker\AppData\Local\Temp\ccMGYr4e.s:416    .bss.timer2:0000000000000000 timer2

UNDEFINED SYMBOLS
__do_global_ctors
__do_clear_bss
