GAS LISTING C:\Users\Docker\AppData\Local\Temp\ccYxu6Mh.s 			page 1


   1               		.file	"funsapeLibGpioPin.cpp"
   2               	__SP_H__ = 0x3e
   3               	__SP_L__ = 0x3d
   4               	__SREG__ = 0x3f
   5               	__tmp_reg__ = 0
   6               	__zero_reg__ = 1
   7               		.text
   8               		.section	.text._Z7getTickv,"ax",@progbits
   9               		.weak	_Z7getTickv
  11               	_Z7getTickv:
  12               	/* prologue: function */
  13               	/* frame size = 0 */
  14               	/* stack size = 0 */
  15               	.L__stack_usage = 0
  16 0000 60E0      		ldi r22,0
  17 0002 70E0      		ldi r23,0
  18 0004 CB01      		movw r24,r22
  19               	/* epilogue start */
  20 0006 0895      		ret
  22               		.section	.text._ZN7GpioPinC2Ev,"ax",@progbits
  23               	.global	_ZN7GpioPinC2Ev
  25               	_ZN7GpioPinC2Ev:
  26               	/* prologue: function */
  27               	/* frame size = 0 */
  28               	/* stack size = 0 */
  29               	.L__stack_usage = 0
  30 0000 FC01      		movw r30,r24
  31 0002 1182      		std Z+1,__zero_reg__
  32 0004 1082      		st Z,__zero_reg__
  33 0006 1382      		std Z+3,__zero_reg__
  34 0008 1282      		std Z+2,__zero_reg__
  35 000a 1582      		std Z+5,__zero_reg__
  36 000c 1482      		std Z+4,__zero_reg__
  37 000e 1682      		std Z+6,__zero_reg__
  38 0010 1782      		std Z+7,__zero_reg__
  39 0012 8085      		ldd r24,Z+8
  40 0014 8E7F      		andi r24,lo8(~(1<<0))
  41 0016 8087      		std Z+8,r24
  42 0018 81E0      		ldi r24,lo8(1)
  43 001a 8387      		std Z+11,r24
  44 001c 1286      		std Z+10,__zero_reg__
  45 001e 1186      		std Z+9,__zero_reg__
  46               	/* epilogue start */
  47 0020 0895      		ret
  49               	.global	_ZN7GpioPinC1Ev
  50               		.set	_ZN7GpioPinC1Ev,_ZN7GpioPinC2Ev
  51               		.section	.text._ZN7GpioPinD2Ev,"ax",@progbits
  52               	.global	_ZN7GpioPinD2Ev
  54               	_ZN7GpioPinD2Ev:
  55               	/* prologue: function */
  56               	/* frame size = 0 */
  57               	/* stack size = 0 */
  58               	.L__stack_usage = 0
  59               	/* epilogue start */
  60 0000 0895      		ret
  62               	.global	_ZN7GpioPinD1Ev
  63               		.set	_ZN7GpioPinD1Ev,_ZN7GpioPinD2Ev
GAS LISTING C:\Users\Docker\AppData\Local\Temp\ccYxu6Mh.s 			page 2


  64               		.section	.text._ZN7GpioPin12getLastErrorEv,"ax",@progbits
  65               	.global	_ZN7GpioPin12getLastErrorEv
  67               	_ZN7GpioPin12getLastErrorEv:
  68               	/* prologue: function */
  69               	/* frame size = 0 */
  70               	/* stack size = 0 */
  71               	.L__stack_usage = 0
  72 0000 FC01      		movw r30,r24
  73 0002 8185      		ldd r24,Z+9
  74 0004 9285      		ldd r25,Z+10
  75               	/* epilogue start */
  76 0006 0895      		ret
  78               		.section	.text._ZN7GpioPin4initEPVhNS_8PinIndexE,"ax",@progbits
  79               	.global	_ZN7GpioPin4initEPVhNS_8PinIndexE
  81               	_ZN7GpioPin4initEPVhNS_8PinIndexE:
  82               	/* prologue: function */
  83               	/* frame size = 0 */
  84               	/* stack size = 0 */
  85               	.L__stack_usage = 0
  86 0000 FC01      		movw r30,r24
  87 0002 6115      		cp r22,__zero_reg__
  88 0004 7105      		cpc r23,__zero_reg__
  89 0006 01F4      		brne .L6
  90 0008 83ED      		ldi r24,lo8(-45)
  91 000a 90E0      		ldi r25,0
  92 000c 9287      		std Z+10,r25
  93 000e 8187      		std Z+9,r24
  94 0010 80E0      		ldi r24,0
  95 0012 0895      		ret
  96               	.L6:
  97 0014 CB01      		movw r24,r22
  98 0016 8097      		sbiw r24,32
  99 0018 63E0      		ldi r22,lo8(3)
 100 001a 70E0      		ldi r23,0
 101 001c 0E94 0000 		call __udivmodhi4
 102 0020 DB01      		movw r26,r22
 103 0022 AA0F      		lsl r26
 104 0024 BB1F      		rol r27
 105 0026 A60F      		add r26,r22
 106 0028 B71F      		adc r27,r23
 107 002a BD01      		movw r22,r26
 108 002c 6F5D      		subi r22,-33
 109 002e 7F4F      		sbci r23,-1
 110 0030 9D01      		movw r18,r26
 111 0032 2E5D      		subi r18,-34
 112 0034 3F4F      		sbci r19,-1
 113 0036 9196      		adiw r26,33
 114 0038 8C91      		ld r24,X
 115 003a 9197      		sbiw r26,33
 116 003c 90E0      		ldi r25,0
 117 003e 042E      		mov r0,r20
 118 0040 00C0      		rjmp 2f
 119               		1:
 120 0042 9595      		asr r25
 121 0044 8795      		ror r24
 122               		2:
 123 0046 0A94      		dec r0
GAS LISTING C:\Users\Docker\AppData\Local\Temp\ccYxu6Mh.s 			page 3


 124 0048 02F4      		brpl 1b
 125 004a 80FF      		sbrs r24,0
 126 004c 00C0      		rjmp .L8
 127 004e 85E0      		ldi r24,lo8(5)
 128               	.L11:
 129 0050 8387      		std Z+11,r24
 130 0052 7183      		std Z+1,r23
 131 0054 6083      		st Z,r22
 132 0056 3383      		std Z+3,r19
 133 0058 2283      		std Z+2,r18
 134 005a 9096      		adiw r26,32
 135 005c B583      		std Z+5,r27
 136 005e A483      		std Z+4,r26
 137 0060 81E0      		ldi r24,lo8(1)
 138 0062 042E      		mov r0,r20
 139 0064 00C0      		rjmp 2f
 140               		1:
 141 0066 880F      		lsl r24
 142               		2:
 143 0068 0A94      		dec r0
 144 006a 02F4      		brpl 1b
 145 006c 8683      		std Z+6,r24
 146 006e 4783      		std Z+7,r20
 147 0070 8085      		ldd r24,Z+8
 148 0072 8160      		ori r24,lo8(1<<0)
 149 0074 8087      		std Z+8,r24
 150 0076 1286      		std Z+10,__zero_reg__
 151 0078 1186      		std Z+9,__zero_reg__
 152 007a 81E0      		ldi r24,lo8(1)
 153               	/* epilogue start */
 154 007c 0895      		ret
 155               	.L8:
 156 007e 9296      		adiw r26,34
 157 0080 8C91      		ld r24,X
 158 0082 9297      		sbiw r26,34
 159 0084 90E0      		ldi r25,0
 160 0086 042E      		mov r0,r20
 161 0088 00C0      		rjmp 2f
 162               		1:
 163 008a 9595      		asr r25
 164 008c 8795      		ror r24
 165               		2:
 166 008e 0A94      		dec r0
 167 0090 02F4      		brpl 1b
 168 0092 80FF      		sbrs r24,0
 169 0094 00C0      		rjmp .L10
 170 0096 83E0      		ldi r24,lo8(3)
 171 0098 00C0      		rjmp .L11
 172               	.L10:
 173 009a 81E0      		ldi r24,lo8(1)
 174 009c 00C0      		rjmp .L11
 176               		.section	.text._ZN7GpioPin7setModeENS_4ModeE,"ax",@progbits
 177               	.global	_ZN7GpioPin7setModeENS_4ModeE
 179               	_ZN7GpioPin7setModeENS_4ModeE:
 180               	/* prologue: function */
 181               	/* frame size = 0 */
 182               	/* stack size = 0 */
GAS LISTING C:\Users\Docker\AppData\Local\Temp\ccYxu6Mh.s 			page 4


 183               	.L__stack_usage = 0
 184 0000 FC01      		movw r30,r24
 185 0002 9085      		ldd r25,Z+8
 186 0004 892F      		mov r24,r25
 187 0006 8170      		andi r24,1
 188 0008 90FF      		sbrs r25,0
 189 000a 00C0      		rjmp .L12
 190 000c 9385      		ldd r25,Z+11
 191 000e 9613      		cpse r25,r22
 192 0010 00C0      		rjmp .L14
 193               	.L24:
 194 0012 1286      		std Z+10,__zero_reg__
 195 0014 1186      		std Z+9,__zero_reg__
 196               	.L12:
 197               	/* epilogue start */
 198 0016 0895      		ret
 199               	.L14:
 200 0018 6330      		cpi r22,lo8(3)
 201 001a 01F0      		breq .L16
 202 001c 6530      		cpi r22,lo8(5)
 203 001e 01F0      		breq .L17
 204 0020 6130      		cpi r22,lo8(1)
 205 0022 01F4      		brne .L15
 206 0024 A081      		ld r26,Z
 207 0026 B181      		ldd r27,Z+1
 208 0028 2C91      		ld r18,X
 209 002a 9681      		ldd r25,Z+6
 210 002c 9095      		com r25
 211 002e 9223      		and r25,r18
 212 0030 9C93      		st X,r25
 213 0032 A281      		ldd r26,Z+2
 214 0034 B381      		ldd r27,Z+3
 215 0036 2C91      		ld r18,X
 216 0038 9681      		ldd r25,Z+6
 217 003a 9095      		com r25
 218 003c 9223      		and r25,r18
 219               	.L22:
 220 003e 9C93      		st X,r25
 221               	.L15:
 222 0040 6387      		std Z+11,r22
 223 0042 00C0      		rjmp .L24
 224               	.L16:
 225 0044 A081      		ld r26,Z
 226 0046 B181      		ldd r27,Z+1
 227 0048 2C91      		ld r18,X
 228 004a 9681      		ldd r25,Z+6
 229 004c 9095      		com r25
 230 004e 9223      		and r25,r18
 231 0050 9C93      		st X,r25
 232 0052 A281      		ldd r26,Z+2
 233 0054 B381      		ldd r27,Z+3
 234               	.L23:
 235 0056 9C91      		ld r25,X
 236 0058 2681      		ldd r18,Z+6
 237 005a 922B      		or r25,r18
 238 005c 00C0      		rjmp .L22
 239               	.L17:
GAS LISTING C:\Users\Docker\AppData\Local\Temp\ccYxu6Mh.s 			page 5


 240 005e A081      		ld r26,Z
 241 0060 B181      		ldd r27,Z+1
 242 0062 00C0      		rjmp .L23
 244               		.ident	"GCC: (AVR_8_bit_GNU_Toolchain_3.7.0_1796) 7.3.0"
GAS LISTING C:\Users\Docker\AppData\Local\Temp\ccYxu6Mh.s 			page 6


DEFINED SYMBOLS
                            *ABS*:0000000000000000 funsapeLibGpioPin.cpp
C:\Users\Docker\AppData\Local\Temp\ccYxu6Mh.s:2      *ABS*:000000000000003e __SP_H__
C:\Users\Docker\AppData\Local\Temp\ccYxu6Mh.s:3      *ABS*:000000000000003d __SP_L__
C:\Users\Docker\AppData\Local\Temp\ccYxu6Mh.s:4      *ABS*:000000000000003f __SREG__
C:\Users\Docker\AppData\Local\Temp\ccYxu6Mh.s:5      *ABS*:0000000000000000 __tmp_reg__
C:\Users\Docker\AppData\Local\Temp\ccYxu6Mh.s:6      *ABS*:0000000000000001 __zero_reg__
C:\Users\Docker\AppData\Local\Temp\ccYxu6Mh.s:11     .text._Z7getTickv:0000000000000000 _Z7getTickv
C:\Users\Docker\AppData\Local\Temp\ccYxu6Mh.s:25     .text._ZN7GpioPinC2Ev:0000000000000000 _ZN7GpioPinC2Ev
C:\Users\Docker\AppData\Local\Temp\ccYxu6Mh.s:25     .text._ZN7GpioPinC2Ev:0000000000000000 _ZN7GpioPinC1Ev
C:\Users\Docker\AppData\Local\Temp\ccYxu6Mh.s:54     .text._ZN7GpioPinD2Ev:0000000000000000 _ZN7GpioPinD2Ev
C:\Users\Docker\AppData\Local\Temp\ccYxu6Mh.s:54     .text._ZN7GpioPinD2Ev:0000000000000000 _ZN7GpioPinD1Ev
C:\Users\Docker\AppData\Local\Temp\ccYxu6Mh.s:67     .text._ZN7GpioPin12getLastErrorEv:0000000000000000 _ZN7GpioPin12getLastErrorEv
C:\Users\Docker\AppData\Local\Temp\ccYxu6Mh.s:81     .text._ZN7GpioPin4initEPVhNS_8PinIndexE:0000000000000000 _ZN7GpioPin4initEPVhNS_8PinIndexE
C:\Users\Docker\AppData\Local\Temp\ccYxu6Mh.s:179    .text._ZN7GpioPin7setModeENS_4ModeE:0000000000000000 _ZN7GpioPin7setModeENS_4ModeE

UNDEFINED SYMBOLS
__udivmodhi4
