GAS LISTING C:\Users\Aluno\AppData\Local\Temp\ccz8afej.s 			page 1


   1               		.file	"funsapeLibSevenSegmentsMuxDisplay.cpp"
   2               	__SP_H__ = 0x3e
   3               	__SP_L__ = 0x3d
   4               	__SREG__ = 0x3f
   5               	__tmp_reg__ = 0
   6               	__zero_reg__ = 1
   7               		.text
   8               		.section	.text._Z7getTickv,"ax",@progbits
   9               		.weak	_Z7getTickv
  11               	_Z7getTickv:
  12               	/* prologue: function */
  13               	/* frame size = 0 */
  14               	/* stack size = 0 */
  15               	.L__stack_usage = 0
  16 0000 60E0      		ldi r22,0
  17 0002 70E0      		ldi r23,0
  18 0004 CB01      		movw r24,r22
  19               	/* epilogue start */
  20 0006 0895      		ret
  22               		.section	.text._ZN23SevenSegmentsMuxDisplayC2Ev,"ax",@progbits
  23               	.global	_ZN23SevenSegmentsMuxDisplayC2Ev
  25               	_ZN23SevenSegmentsMuxDisplayC2Ev:
  26               	/* prologue: function */
  27               	/* frame size = 0 */
  28               	/* stack size = 0 */
  29               	.L__stack_usage = 0
  30 0000 FC01      		movw r30,r24
  31 0002 1382      		std Z+3,__zero_reg__
  32 0004 1282      		std Z+2,__zero_reg__
  33 0006 1182      		std Z+1,__zero_reg__
  34 0008 1082      		st Z,__zero_reg__
  35 000a 8781      		ldd r24,Z+7
  36 000c 8370      		andi r24,lo8(3)
  37 000e 8783      		std Z+7,r24
  38 0010 DF01      		movw r26,r30
  39 0012 1896      		adiw r26,8
  40 0014 CF01      		movw r24,r30
  41 0016 4096      		adiw r24,16
  42 0018 2FEF      		ldi r18,lo8(-1)
  43               	.L3:
  44 001a 2D93      		st X+,r18
  45 001c 1796      		adiw r26,7
  46 001e 1C92      		st X,__zero_reg__
  47 0020 1797      		sbiw r26,7
  48 0022 A817      		cp r26,r24
  49 0024 B907      		cpc r27,r25
  50 0026 01F4      		brne .L3
  51 0028 8781      		ldd r24,Z+7
  52 002a 9481      		ldd r25,Z+4
  53 002c 9E7F      		andi r25,lo8(-2)
  54 002e 9D7F      		andi r25,lo8(~(1<<1))
  55 0030 9483      		std Z+4,r25
  56 0032 8E7F      		andi r24,lo8(-2)
  57 0034 8260      		ori r24,lo8(1<<1)
  58 0036 8783      		std Z+7,r24
  59 0038 1682      		std Z+6,__zero_reg__
  60 003a 1582      		std Z+5,__zero_reg__
GAS LISTING C:\Users\Aluno\AppData\Local\Temp\ccz8afej.s 			page 2


  61               	/* epilogue start */
  62 003c 0895      		ret
  64               	.global	_ZN23SevenSegmentsMuxDisplayC1Ev
  65               		.set	_ZN23SevenSegmentsMuxDisplayC1Ev,_ZN23SevenSegmentsMuxDisplayC2Ev
  66               		.section	.text._ZN23SevenSegmentsMuxDisplayD2Ev,"ax",@progbits
  67               	.global	_ZN23SevenSegmentsMuxDisplayD2Ev
  69               	_ZN23SevenSegmentsMuxDisplayD2Ev:
  70               	/* prologue: function */
  71               	/* frame size = 0 */
  72               	/* stack size = 0 */
  73               	.L__stack_usage = 0
  74               	/* epilogue start */
  75 0000 0895      		ret
  77               	.global	_ZN23SevenSegmentsMuxDisplayD1Ev
  78               		.set	_ZN23SevenSegmentsMuxDisplayD1Ev,_ZN23SevenSegmentsMuxDisplayD2Ev
  79               		.section	.text._ZN23SevenSegmentsMuxDisplay4initENS_6DigitsE24SevenSegmentsDisplayType,"ax",@progb
  80               	.global	_ZN23SevenSegmentsMuxDisplay4initENS_6DigitsE24SevenSegmentsDisplayType
  82               	_ZN23SevenSegmentsMuxDisplay4initENS_6DigitsE24SevenSegmentsDisplayType:
  83 0000 FF92      		push r15
  84 0002 0F93      		push r16
  85 0004 1F93      		push r17
  86 0006 CF93      		push r28
  87 0008 DF93      		push r29
  88               	/* prologue: function */
  89               	/* frame size = 0 */
  90               	/* stack size = 5 */
  91               	.L__stack_usage = 5
  92 000a EC01      		movw r28,r24
  93 000c 8F81      		ldd r24,Y+7
  94 000e 8370      		andi r24,lo8(3)
  95 0010 8F83      		std Y+7,r24
  96 0012 8C81      		ldd r24,Y+4
  97 0014 8E7F      		andi r24,lo8(~(1<<0))
  98 0016 8C83      		std Y+4,r24
  99 0018 81FB      		bst r24,1
 100 001a 0027      		clr r16
 101 001c 00F9      		bld r16,0
 102 001e 81FD      		sbrc r24,1
 103 0020 00C0      		rjmp .L7
 104 0022 80ED      		ldi r24,lo8(-48)
 105 0024 90E0      		ldi r25,0
 106 0026 9E83      		std Y+6,r25
 107 0028 8D83      		std Y+5,r24
 108               	.L6:
 109 002a 802F      		mov r24,r16
 110               	/* epilogue start */
 111 002c DF91      		pop r29
 112 002e CF91      		pop r28
 113 0030 1F91      		pop r17
 114 0032 0F91      		pop r16
 115 0034 FF90      		pop r15
 116 0036 0895      		ret
 117               	.L7:
 118 0038 8EEF      		ldi r24,lo8(-2)
 119 003a 860F      		add r24,r22
 120 003c 8730      		cpi r24,lo8(7)
 121 003e 00F0      		brlo .L9
GAS LISTING C:\Users\Aluno\AppData\Local\Temp\ccz8afej.s 			page 3


 122 0040 82E1      		ldi r24,lo8(18)
 123 0042 90E0      		ldi r25,0
 124               	.L17:
 125 0044 9E83      		std Y+6,r25
 126 0046 8D83      		std Y+5,r24
 127 0048 00E0      		ldi r16,0
 128 004a 00C0      		rjmp .L6
 129               	.L9:
 130 004c F42E      		mov r15,r20
 131 004e 162F      		mov r17,r22
 132 0050 8A81      		ldd r24,Y+2
 133 0052 9B81      		ldd r25,Y+3
 134 0054 0E94 0000 		call _ZN7GpioBus10getBusSizeEv
 135 0058 1817      		cp r17,r24
 136 005a 01F0      		breq .L10
 137 005c 8BED      		ldi r24,lo8(-37)
 138 005e 90E0      		ldi r25,0
 139 0060 00C0      		rjmp .L17
 140               	.L10:
 141 0062 A881      		ld r26,Y
 142 0064 B981      		ldd r27,Y+1
 143 0066 1296      		adiw r26,2
 144 0068 ED91      		ld r30,X+
 145 006a FC91      		ld r31,X
 146 006c 1397      		sbiw r26,2+1
 147 006e 1696      		adiw r26,6
 148 0070 8C91      		ld r24,X
 149 0072 9F81      		ldd r25,Y+7
 150 0074 90FD      		sbrc r25,0
 151 0076 00C0      		rjmp .L11
 152 0078 9081      		ld r25,Z
 153 007a 892B      		or r24,r25
 154               	.L15:
 155 007c 8083      		st Z,r24
 156 007e 65E0      		ldi r22,lo8(5)
 157 0080 8881      		ld r24,Y
 158 0082 9981      		ldd r25,Y+1
 159 0084 0E94 0000 		call _ZN7GpioBus7setModeENS_4ModeE
 160 0088 8F81      		ldd r24,Y+7
 161 008a EA81      		ldd r30,Y+2
 162 008c FB81      		ldd r31,Y+3
 163 008e A281      		ldd r26,Z+2
 164 0090 B381      		ldd r27,Z+3
 165 0092 81FF      		sbrs r24,1
 166 0094 00C0      		rjmp .L13
 167 0096 9C91      		ld r25,X
 168 0098 8681      		ldd r24,Z+6
 169 009a 8095      		com r24
 170 009c 8923      		and r24,r25
 171               	.L16:
 172 009e 8C93      		st X,r24
 173 00a0 65E0      		ldi r22,lo8(5)
 174 00a2 8A81      		ldd r24,Y+2
 175 00a4 9B81      		ldd r25,Y+3
 176 00a6 0E94 0000 		call _ZN7GpioBus7setModeENS_4ModeE
 177 00aa 8F81      		ldd r24,Y+7
 178 00ac F0FA      		bst r15,0
GAS LISTING C:\Users\Aluno\AppData\Local\Temp\ccz8afej.s 			page 4


 179 00ae 80F9      		bld r24,0
 180 00b0 1150      		subi r17,lo8(-(-1))
 181 00b2 1770      		andi r17,lo8(7)
 182 00b4 110F      		lsl r17
 183 00b6 110F      		lsl r17
 184 00b8 837E      		andi r24,lo8(-29)
 185 00ba 182B      		or r17,r24
 186 00bc 1F83      		std Y+7,r17
 187 00be 8C81      		ldd r24,Y+4
 188 00c0 8160      		ori r24,lo8(1<<0)
 189 00c2 8C83      		std Y+4,r24
 190 00c4 1E82      		std Y+6,__zero_reg__
 191 00c6 1D82      		std Y+5,__zero_reg__
 192 00c8 00C0      		rjmp .L6
 193               	.L11:
 194 00ca 9081      		ld r25,Z
 195 00cc 8095      		com r24
 196 00ce 8923      		and r24,r25
 197 00d0 00C0      		rjmp .L15
 198               	.L13:
 199 00d2 8C91      		ld r24,X
 200 00d4 9681      		ldd r25,Z+6
 201 00d6 892B      		or r24,r25
 202 00d8 00C0      		rjmp .L16
 204               		.section	.text._ZN23SevenSegmentsMuxDisplay8setPortsEP7GpioBusS1_10LogicLevel,"ax",@progbits
 205               	.global	_ZN23SevenSegmentsMuxDisplay8setPortsEP7GpioBusS1_10LogicLevel
 207               	_ZN23SevenSegmentsMuxDisplay8setPortsEP7GpioBusS1_10LogicLevel:
 208 0000 DF92      		push r13
 209 0002 EF92      		push r14
 210 0004 FF92      		push r15
 211 0006 0F93      		push r16
 212 0008 1F93      		push r17
 213 000a CF93      		push r28
 214 000c DF93      		push r29
 215               	/* prologue: function */
 216               	/* frame size = 0 */
 217               	/* stack size = 7 */
 218               	.L__stack_usage = 7
 219 000e EC01      		movw r28,r24
 220 0010 1B82      		std Y+3,__zero_reg__
 221 0012 1A82      		std Y+2,__zero_reg__
 222 0014 1982      		std Y+1,__zero_reg__
 223 0016 1882      		st Y,__zero_reg__
 224 0018 8C81      		ldd r24,Y+4
 225 001a 8D7F      		andi r24,lo8(~(1<<1))
 226 001c 8C83      		std Y+4,r24
 227 001e 8F81      		ldd r24,Y+7
 228 0020 8F71      		andi r24,lo8(31)
 229 0022 8F83      		std Y+7,r24
 230 0024 84ED      		ldi r24,lo8(-44)
 231 0026 90E0      		ldi r25,0
 232 0028 6115      		cp r22,__zero_reg__
 233 002a 7105      		cpc r23,__zero_reg__
 234 002c 01F0      		breq .L23
 235 002e D22E      		mov r13,r18
 236 0030 7A01      		movw r14,r20
 237 0032 8B01      		movw r16,r22
GAS LISTING C:\Users\Aluno\AppData\Local\Temp\ccz8afej.s 			page 5


 238 0034 CB01      		movw r24,r22
 239 0036 0E94 0000 		call _ZN7GpioBus10getBusSizeEv
 240 003a 8830      		cpi r24,lo8(8)
 241 003c 01F0      		breq .L21
 242 003e 8BED      		ldi r24,lo8(-37)
 243 0040 90E0      		ldi r25,0
 244               	.L23:
 245 0042 9E83      		std Y+6,r25
 246 0044 8D83      		std Y+5,r24
 247 0046 80E0      		ldi r24,0
 248               	.L18:
 249               	/* epilogue start */
 250 0048 DF91      		pop r29
 251 004a CF91      		pop r28
 252 004c 1F91      		pop r17
 253 004e 0F91      		pop r16
 254 0050 FF90      		pop r15
 255 0052 EF90      		pop r14
 256 0054 DF90      		pop r13
 257 0056 0895      		ret
 258               	.L21:
 259 0058 E114      		cp r14,__zero_reg__
 260 005a F104      		cpc r15,__zero_reg__
 261 005c 01F4      		brne .L22
 262 005e 85ED      		ldi r24,lo8(-43)
 263 0060 90E0      		ldi r25,0
 264 0062 00C0      		rjmp .L23
 265               	.L22:
 266 0064 FB82      		std Y+3,r15
 267 0066 EA82      		std Y+2,r14
 268 0068 1983      		std Y+1,r17
 269 006a 0883      		st Y,r16
 270 006c 8F81      		ldd r24,Y+7
 271 006e D0FA      		bst r13,0
 272 0070 81F9      		bld r24,1
 273 0072 8F83      		std Y+7,r24
 274 0074 8C81      		ldd r24,Y+4
 275 0076 8260      		ori r24,lo8(1<<1)
 276 0078 8C83      		std Y+4,r24
 277 007a 1E82      		std Y+6,__zero_reg__
 278 007c 1D82      		std Y+5,__zero_reg__
 279 007e 81E0      		ldi r24,lo8(1)
 280 0080 00C0      		rjmp .L18
 282               		.section	.text._ZN23SevenSegmentsMuxDisplay13showNextDigitEv,"ax",@progbits
 283               	.global	_ZN23SevenSegmentsMuxDisplay13showNextDigitEv
 285               	_ZN23SevenSegmentsMuxDisplay13showNextDigitEv:
 286 0000 1F93      		push r17
 287 0002 CF93      		push r28
 288 0004 DF93      		push r29
 289               	/* prologue: function */
 290               	/* frame size = 0 */
 291               	/* stack size = 3 */
 292               	.L__stack_usage = 3
 293 0006 DC01      		movw r26,r24
 294 0008 1496      		adiw r26,4
 295 000a 8C91      		ld r24,X
 296 000c 1497      		sbiw r26,4
GAS LISTING C:\Users\Aluno\AppData\Local\Temp\ccz8afej.s 			page 6


 297 000e 182F      		mov r17,r24
 298 0010 1170      		andi r17,1
 299 0012 80FD      		sbrc r24,0
 300 0014 00C0      		rjmp .L25
 301 0016 84E0      		ldi r24,lo8(4)
 302 0018 90E0      		ldi r25,0
 303 001a 1696      		adiw r26,5+1
 304 001c 9C93      		st X,r25
 305 001e 8E93      		st -X,r24
 306 0020 1597      		sbiw r26,5
 307               	.L24:
 308 0022 812F      		mov r24,r17
 309               	/* epilogue start */
 310 0024 DF91      		pop r29
 311 0026 CF91      		pop r28
 312 0028 1F91      		pop r17
 313 002a 0895      		ret
 314               	.L25:
 315 002c CD91      		ld r28,X+
 316 002e DC91      		ld r29,X
 317 0030 1197      		sbiw r26,1
 318 0032 EA81      		ldd r30,Y+2
 319 0034 FB81      		ldd r31,Y+3
 320 0036 8E81      		ldd r24,Y+6
 321 0038 1796      		adiw r26,7
 322 003a 9C91      		ld r25,X
 323 003c 1797      		sbiw r26,7
 324 003e 90FD      		sbrc r25,0
 325 0040 00C0      		rjmp .L27
 326 0042 9081      		ld r25,Z
 327 0044 892B      		or r24,r25
 328               	.L35:
 329 0046 8083      		st Z,r24
 330 0048 1296      		adiw r26,2
 331 004a CD91      		ld r28,X+
 332 004c DC91      		ld r29,X
 333 004e 1397      		sbiw r26,2+1
 334 0050 EA81      		ldd r30,Y+2
 335 0052 FB81      		ldd r31,Y+3
 336 0054 8E81      		ldd r24,Y+6
 337 0056 1796      		adiw r26,7
 338 0058 9C91      		ld r25,X
 339 005a 1797      		sbiw r26,7
 340 005c 91FF      		sbrs r25,1
 341 005e 00C0      		rjmp .L29
 342 0060 9081      		ld r25,Z
 343 0062 8095      		com r24
 344 0064 8923      		and r24,r25
 345               	.L36:
 346 0066 8083      		st Z,r24
 347 0068 1796      		adiw r26,7
 348 006a 8C91      		ld r24,X
 349 006c 1797      		sbiw r26,7
 350 006e E82F      		mov r30,r24
 351 0070 E295      		swap r30
 352 0072 E695      		lsr r30
 353 0074 E770      		andi r30,lo8(7)
GAS LISTING C:\Users\Aluno\AppData\Local\Temp\ccz8afej.s 			page 7


 354 0076 8695      		lsr r24
 355 0078 8695      		lsr r24
 356 007a 8770      		andi r24,lo8(7)
 357 007c E817      		cp r30,r24
 358 007e 01F0      		breq .L34
 359 0080 EF5F      		subi r30,lo8(-(1))
 360 0082 E770      		andi r30,lo8(7)
 361               	.L31:
 362 0084 ED01      		movw r28,r26
 363 0086 8E2F      		mov r24,r30
 364 0088 8295      		swap r24
 365 008a 880F      		lsl r24
 366 008c 807E      		andi r24,lo8(-32)
 367 008e 4F81      		ldd r20,Y+7
 368 0090 4F71      		andi r20,lo8(31)
 369 0092 482B      		or r20,r24
 370 0094 4F83      		std Y+7,r20
 371 0096 4170      		andi r20,1
 372 0098 EA0F      		add r30,r26
 373 009a FB2F      		mov r31,r27
 374 009c F11D      		adc r31,__zero_reg__
 375 009e 6089      		ldd r22,Z+16
 376 00a0 8085      		ldd r24,Z+8
 377 00a2 0E94 0000 		call _Z22convertToSevenSegmentshb24SevenSegmentsDisplayType
 378 00a6 682F      		mov r22,r24
 379 00a8 8881      		ld r24,Y
 380 00aa 9981      		ldd r25,Y+1
 381 00ac 0E94 0000 		call _ZN7GpioBus5writeEh
 382 00b0 8F81      		ldd r24,Y+7
 383 00b2 EA81      		ldd r30,Y+2
 384 00b4 FB81      		ldd r31,Y+3
 385 00b6 282F      		mov r18,r24
 386 00b8 2295      		swap r18
 387 00ba 2695      		lsr r18
 388 00bc 2770      		andi r18,lo8(7)
 389 00be A281      		ldd r26,Z+2
 390 00c0 B381      		ldd r27,Z+3
 391 00c2 81FF      		sbrs r24,1
 392 00c4 00C0      		rjmp .L32
 393 00c6 8C91      		ld r24,X
 394 00c8 9385      		ldd r25,Z+11
 395 00ca 290F      		add r18,r25
 396 00cc 3327      		clr r19
 397 00ce 331F      		rol r19
 398 00d0 41E0      		ldi r20,lo8(1)
 399 00d2 50E0      		ldi r21,0
 400 00d4 00C0      		rjmp 2f
 401               		1:
 402 00d6 440F      		lsl r20
 403               		2:
 404 00d8 2A95      		dec r18
 405 00da 02F4      		brpl 1b
 406 00dc 842B      		or r24,r20
 407               	.L37:
 408 00de 8C93      		st X,r24
 409 00e0 1E82      		std Y+6,__zero_reg__
 410 00e2 1D82      		std Y+5,__zero_reg__
GAS LISTING C:\Users\Aluno\AppData\Local\Temp\ccz8afej.s 			page 8


 411 00e4 00C0      		rjmp .L24
 412               	.L27:
 413 00e6 9081      		ld r25,Z
 414 00e8 8095      		com r24
 415 00ea 8923      		and r24,r25
 416 00ec 00C0      		rjmp .L35
 417               	.L29:
 418 00ee 9081      		ld r25,Z
 419 00f0 892B      		or r24,r25
 420 00f2 00C0      		rjmp .L36
 421               	.L34:
 422 00f4 E0E0      		ldi r30,0
 423 00f6 00C0      		rjmp .L31
 424               	.L32:
 425 00f8 4C91      		ld r20,X
 426 00fa 8385      		ldd r24,Z+11
 427 00fc 280F      		add r18,r24
 428 00fe 3327      		clr r19
 429 0100 331F      		rol r19
 430 0102 81E0      		ldi r24,lo8(1)
 431 0104 90E0      		ldi r25,0
 432 0106 00C0      		rjmp 2f
 433               		1:
 434 0108 880F      		lsl r24
 435               		2:
 436 010a 2A95      		dec r18
 437 010c 02F4      		brpl 1b
 438 010e 8095      		com r24
 439 0110 8423      		and r24,r20
 440 0112 00C0      		rjmp .L37
 442               		.section	.text._ZN23SevenSegmentsMuxDisplay17updateDigitValuesEPKhPKb,"ax",@progbits
 443               	.global	_ZN23SevenSegmentsMuxDisplay17updateDigitValuesEPKhPKb
 445               	_ZN23SevenSegmentsMuxDisplay17updateDigitValuesEPKhPKb:
 446 0000 CF93      		push r28
 447 0002 DF93      		push r29
 448               	/* prologue: function */
 449               	/* frame size = 0 */
 450               	/* stack size = 2 */
 451               	.L__stack_usage = 2
 452 0004 DC01      		movw r26,r24
 453 0006 6115      		cp r22,__zero_reg__
 454 0008 7105      		cpc r23,__zero_reg__
 455 000a 01F0      		breq .L39
 456 000c 1796      		adiw r26,7
 457 000e 2C91      		ld r18,X
 458 0010 1797      		sbiw r26,7
 459 0012 2695      		lsr r18
 460 0014 2695      		lsr r18
 461 0016 2770      		andi r18,lo8(7)
 462 0018 30E0      		ldi r19,0
 463 001a 80E0      		ldi r24,0
 464               	.L40:
 465 001c E82F      		mov r30,r24
 466 001e F0E0      		ldi r31,0
 467 0020 2E17      		cp r18,r30
 468 0022 3F07      		cpc r19,r31
 469 0024 04F0      		brlt .L42
GAS LISTING C:\Users\Aluno\AppData\Local\Temp\ccz8afej.s 			page 9


 470 0026 EB01      		movw r28,r22
 471 0028 CE0F      		add r28,r30
 472 002a DF1F      		adc r29,r31
 473 002c 9881      		ld r25,Y
 474 002e ED01      		movw r28,r26
 475 0030 CE0F      		add r28,r30
 476 0032 DF1F      		adc r29,r31
 477 0034 9887      		std Y+8,r25
 478 0036 4115      		cp r20,__zero_reg__
 479 0038 5105      		cpc r21,__zero_reg__
 480 003a 01F0      		breq .L43
 481 003c E40F      		add r30,r20
 482 003e F51F      		adc r31,r21
 483 0040 9081      		ld r25,Z
 484 0042 988B      		std Y+16,r25
 485               	.L43:
 486 0044 8F5F      		subi r24,lo8(-(1))
 487 0046 00C0      		rjmp .L40
 488               	.L39:
 489 0048 81E1      		ldi r24,lo8(17)
 490 004a 90E0      		ldi r25,0
 491 004c 1696      		adiw r26,5+1
 492 004e 9C93      		st X,r25
 493 0050 8E93      		st -X,r24
 494 0052 1597      		sbiw r26,5
 495 0054 80E0      		ldi r24,0
 496               	.L38:
 497               	/* epilogue start */
 498 0056 DF91      		pop r29
 499 0058 CF91      		pop r28
 500 005a 0895      		ret
 501               	.L42:
 502 005c 1696      		adiw r26,5+1
 503 005e 1C92      		st X,__zero_reg__
 504 0060 1E92      		st -X,__zero_reg__
 505 0062 1597      		sbiw r26,5
 506 0064 81E0      		ldi r24,lo8(1)
 507 0066 00C0      		rjmp .L38
 509               		.ident	"GCC: (AVR_8_bit_GNU_Toolchain_3.7.0_1796) 7.3.0"
GAS LISTING C:\Users\Aluno\AppData\Local\Temp\ccz8afej.s 			page 10


DEFINED SYMBOLS
                            *ABS*:0000000000000000 funsapeLibSevenSegmentsMuxDisplay.cpp
C:\Users\Aluno\AppData\Local\Temp\ccz8afej.s:2      *ABS*:000000000000003e __SP_H__
C:\Users\Aluno\AppData\Local\Temp\ccz8afej.s:3      *ABS*:000000000000003d __SP_L__
C:\Users\Aluno\AppData\Local\Temp\ccz8afej.s:4      *ABS*:000000000000003f __SREG__
C:\Users\Aluno\AppData\Local\Temp\ccz8afej.s:5      *ABS*:0000000000000000 __tmp_reg__
C:\Users\Aluno\AppData\Local\Temp\ccz8afej.s:6      *ABS*:0000000000000001 __zero_reg__
C:\Users\Aluno\AppData\Local\Temp\ccz8afej.s:11     .text._Z7getTickv:0000000000000000 _Z7getTickv
C:\Users\Aluno\AppData\Local\Temp\ccz8afej.s:25     .text._ZN23SevenSegmentsMuxDisplayC2Ev:0000000000000000 _ZN23SevenSegmentsMuxDisplayC2Ev
C:\Users\Aluno\AppData\Local\Temp\ccz8afej.s:25     .text._ZN23SevenSegmentsMuxDisplayC2Ev:0000000000000000 _ZN23SevenSegmentsMuxDisplayC1Ev
C:\Users\Aluno\AppData\Local\Temp\ccz8afej.s:69     .text._ZN23SevenSegmentsMuxDisplayD2Ev:0000000000000000 _ZN23SevenSegmentsMuxDisplayD2Ev
C:\Users\Aluno\AppData\Local\Temp\ccz8afej.s:69     .text._ZN23SevenSegmentsMuxDisplayD2Ev:0000000000000000 _ZN23SevenSegmentsMuxDisplayD1Ev
C:\Users\Aluno\AppData\Local\Temp\ccz8afej.s:82     .text._ZN23SevenSegmentsMuxDisplay4initENS_6DigitsE24SevenSegmentsDisplayType:0000000000000000 _ZN23SevenSegmentsMuxDisplay4initENS_6DigitsE24SevenSegmentsDisplayType
C:\Users\Aluno\AppData\Local\Temp\ccz8afej.s:207    .text._ZN23SevenSegmentsMuxDisplay8setPortsEP7GpioBusS1_10LogicLevel:0000000000000000 _ZN23SevenSegmentsMuxDisplay8setPortsEP7GpioBusS1_10LogicLevel
C:\Users\Aluno\AppData\Local\Temp\ccz8afej.s:285    .text._ZN23SevenSegmentsMuxDisplay13showNextDigitEv:0000000000000000 _ZN23SevenSegmentsMuxDisplay13showNextDigitEv
C:\Users\Aluno\AppData\Local\Temp\ccz8afej.s:445    .text._ZN23SevenSegmentsMuxDisplay17updateDigitValuesEPKhPKb:0000000000000000 _ZN23SevenSegmentsMuxDisplay17updateDigitValuesEPKhPKb

UNDEFINED SYMBOLS
_ZN7GpioBus10getBusSizeEv
_ZN7GpioBus7setModeENS_4ModeE
_Z22convertToSevenSegmentshb24SevenSegmentsDisplayType
_ZN7GpioBus5writeEh
