GAS LISTING C:\Users\Docker\AppData\Local\Temp\ccfQm06r.s 			page 1


   1               		.file	"funsapeLibInt1.cpp"
   2               	__SP_H__ = 0x3e
   3               	__SP_L__ = 0x3d
   4               	__SREG__ = 0x3f
   5               	__tmp_reg__ = 0
   6               	__zero_reg__ = 1
   7               		.text
   8               		.section	.text._Z7getTickv,"ax",@progbits
   9               		.weak	_Z7getTickv
  11               	_Z7getTickv:
  12               	/* prologue: function */
  13               	/* frame size = 0 */
  14               	/* stack size = 0 */
  15               	.L__stack_usage = 0
  16 0000 60E0      		ldi r22,0
  17 0002 70E0      		ldi r23,0
  18 0004 CB01      		movw r24,r22
  19               	/* epilogue start */
  20 0006 0895      		ret
  22               		.section	.text._ZN4Int1C2Ev,"ax",@progbits
  23               	.global	_ZN4Int1C2Ev
  25               	_ZN4Int1C2Ev:
  26               	/* prologue: function */
  27               	/* frame size = 0 */
  28               	/* stack size = 0 */
  29               	.L__stack_usage = 0
  30 0000 FC01      		movw r30,r24
  31 0002 1182      		std Z+1,__zero_reg__
  32 0004 8081      		ld r24,Z
  33 0006 8E7F      		andi r24,lo8(~(1<<0))
  34 0008 8083      		st Z,r24
  35 000a 1382      		std Z+3,__zero_reg__
  36 000c 1282      		std Z+2,__zero_reg__
  37               	/* epilogue start */
  38 000e 0895      		ret
  40               	.global	_ZN4Int1C1Ev
  41               		.set	_ZN4Int1C1Ev,_ZN4Int1C2Ev
  42               		.section	.text._ZN4Int1D2Ev,"ax",@progbits
  43               	.global	_ZN4Int1D2Ev
  45               	_ZN4Int1D2Ev:
  46               	/* prologue: function */
  47               	/* frame size = 0 */
  48               	/* stack size = 0 */
  49               	.L__stack_usage = 0
  50               	/* epilogue start */
  51 0000 0895      		ret
  53               	.global	_ZN4Int1D1Ev
  54               		.set	_ZN4Int1D1Ev,_ZN4Int1D2Ev
  55               		.section	.text._ZN4Int14initENS_9SenseModeE,"ax",@progbits
  56               	.global	_ZN4Int14initENS_9SenseModeE
  58               	_ZN4Int14initENS_9SenseModeE:
  59               	/* prologue: function */
  60               	/* frame size = 0 */
  61               	/* stack size = 0 */
  62               	.L__stack_usage = 0
  63 0000 FC01      		movw r30,r24
  64 0002 A9E6      		ldi r26,lo8(105)
GAS LISTING C:\Users\Docker\AppData\Local\Temp\ccfQm06r.s 			page 2


  65 0004 B0E0      		ldi r27,0
  66 0006 9C91      		ld r25,X
  67 0008 937F      		andi r25,lo8(-13)
  68 000a 84E0      		ldi r24,lo8(4)
  69 000c 689F      		mul r22,r24
  70 000e 9001      		movw r18,r0
  71 0010 1124      		clr __zero_reg__
  72 0012 922B      		or r25,r18
  73 0014 9C93      		st X,r25
  74 0016 6183      		std Z+1,r22
  75 0018 8081      		ld r24,Z
  76 001a 8160      		ori r24,lo8(1<<0)
  77 001c 8083      		st Z,r24
  78 001e 1382      		std Z+3,__zero_reg__
  79 0020 1282      		std Z+2,__zero_reg__
  80 0022 81E0      		ldi r24,lo8(1)
  81               	/* epilogue start */
  82 0024 0895      		ret
  84               		.section	.text._ZN4Int112setSenseModeENS_9SenseModeE,"ax",@progbits
  85               	.global	_ZN4Int112setSenseModeENS_9SenseModeE
  87               	_ZN4Int112setSenseModeENS_9SenseModeE:
  88               	/* prologue: function */
  89               	/* frame size = 0 */
  90               	/* stack size = 0 */
  91               	.L__stack_usage = 0
  92 0000 FC01      		movw r30,r24
  93 0002 A9E6      		ldi r26,lo8(105)
  94 0004 B0E0      		ldi r27,0
  95 0006 9C91      		ld r25,X
  96 0008 937F      		andi r25,lo8(-13)
  97 000a 84E0      		ldi r24,lo8(4)
  98 000c 689F      		mul r22,r24
  99 000e 9001      		movw r18,r0
 100 0010 1124      		clr __zero_reg__
 101 0012 922B      		or r25,r18
 102 0014 9C93      		st X,r25
 103 0016 6183      		std Z+1,r22
 104 0018 1382      		std Z+3,__zero_reg__
 105 001a 1282      		std Z+2,__zero_reg__
 106 001c 81E0      		ldi r24,lo8(1)
 107               	/* epilogue start */
 108 001e 0895      		ret
 110               		.section	.text._ZN4Int112getLastErrorEv,"ax",@progbits
 111               	.global	_ZN4Int112getLastErrorEv
 113               	_ZN4Int112getLastErrorEv:
 114               	/* prologue: function */
 115               	/* frame size = 0 */
 116               	/* stack size = 0 */
 117               	.L__stack_usage = 0
 118 0000 FC01      		movw r30,r24
 119 0002 8281      		ldd r24,Z+2
 120 0004 9381      		ldd r25,Z+3
 121               	/* epilogue start */
 122 0006 0895      		ret
 124               		.section	.text._Z21int1InterruptCallbackv,"ax",@progbits
 125               		.weak	_Z21int1InterruptCallbackv
 127               	_Z21int1InterruptCallbackv:
GAS LISTING C:\Users\Docker\AppData\Local\Temp\ccfQm06r.s 			page 3


 128               	/* prologue: function */
 129               	/* frame size = 0 */
 130               	/* stack size = 0 */
 131               	.L__stack_usage = 0
 132               	/* epilogue start */
 133 0000 0895      		ret
 135               		.section	.text.__vector_2,"ax",@progbits
 136               	.global	__vector_2
 138               	__vector_2:
 139 0000 1F92      		push r1
 140 0002 0F92      		push r0
 141 0004 0FB6      		in r0,__SREG__
 142 0006 0F92      		push r0
 143 0008 1124      		clr __zero_reg__
 144 000a 2F93      		push r18
 145 000c 3F93      		push r19
 146 000e 4F93      		push r20
 147 0010 5F93      		push r21
 148 0012 6F93      		push r22
 149 0014 7F93      		push r23
 150 0016 8F93      		push r24
 151 0018 9F93      		push r25
 152 001a AF93      		push r26
 153 001c BF93      		push r27
 154 001e EF93      		push r30
 155 0020 FF93      		push r31
 156               	/* prologue: Signal */
 157               	/* frame size = 0 */
 158               	/* stack size = 15 */
 159               	.L__stack_usage = 15
 160 0022 0E94 0000 		call _Z21int1InterruptCallbackv
 161               	/* epilogue start */
 162 0026 FF91      		pop r31
 163 0028 EF91      		pop r30
 164 002a BF91      		pop r27
 165 002c AF91      		pop r26
 166 002e 9F91      		pop r25
 167 0030 8F91      		pop r24
 168 0032 7F91      		pop r23
 169 0034 6F91      		pop r22
 170 0036 5F91      		pop r21
 171 0038 4F91      		pop r20
 172 003a 3F91      		pop r19
 173 003c 2F91      		pop r18
 174 003e 0F90      		pop r0
 175 0040 0FBE      		out __SREG__,r0
 176 0042 0F90      		pop r0
 177 0044 1F90      		pop r1
 178 0046 1895      		reti
 180               		.section	.text.startup._GLOBAL__sub_I_int1,"ax",@progbits
 182               	_GLOBAL__sub_I_int1:
 183               	/* prologue: function */
 184               	/* frame size = 0 */
 185               	/* stack size = 0 */
 186               	.L__stack_usage = 0
 187 0000 E0E0      		ldi r30,lo8(int1)
 188 0002 F0E0      		ldi r31,hi8(int1)
GAS LISTING C:\Users\Docker\AppData\Local\Temp\ccfQm06r.s 			page 4


 189 0004 1182      		std Z+1,__zero_reg__
 190 0006 8081      		ld r24,Z
 191 0008 8E7F      		andi r24,lo8(~(1<<0))
 192 000a 8083      		st Z,r24
 193 000c 1382      		std Z+3,__zero_reg__
 194 000e 1282      		std Z+2,__zero_reg__
 195               	/* epilogue start */
 196 0010 0895      		ret
 198               		.global __do_global_ctors
 199               		.section .ctors,"a",@progbits
 200               		.p2align	1
 201 0000 0000      		.word	gs(_GLOBAL__sub_I_int1)
 202               	.global	int1
 203               		.section	.bss.int1,"aw",@nobits
 206               	int1:
 207 0000 0000 0000 		.zero	4
 208               		.ident	"GCC: (AVR_8_bit_GNU_Toolchain_3.7.0_1796) 7.3.0"
 209               	.global __do_clear_bss
GAS LISTING C:\Users\Docker\AppData\Local\Temp\ccfQm06r.s 			page 5


DEFINED SYMBOLS
                            *ABS*:0000000000000000 funsapeLibInt1.cpp
C:\Users\Docker\AppData\Local\Temp\ccfQm06r.s:2      *ABS*:000000000000003e __SP_H__
C:\Users\Docker\AppData\Local\Temp\ccfQm06r.s:3      *ABS*:000000000000003d __SP_L__
C:\Users\Docker\AppData\Local\Temp\ccfQm06r.s:4      *ABS*:000000000000003f __SREG__
C:\Users\Docker\AppData\Local\Temp\ccfQm06r.s:5      *ABS*:0000000000000000 __tmp_reg__
C:\Users\Docker\AppData\Local\Temp\ccfQm06r.s:6      *ABS*:0000000000000001 __zero_reg__
C:\Users\Docker\AppData\Local\Temp\ccfQm06r.s:11     .text._Z7getTickv:0000000000000000 _Z7getTickv
C:\Users\Docker\AppData\Local\Temp\ccfQm06r.s:25     .text._ZN4Int1C2Ev:0000000000000000 _ZN4Int1C2Ev
C:\Users\Docker\AppData\Local\Temp\ccfQm06r.s:25     .text._ZN4Int1C2Ev:0000000000000000 _ZN4Int1C1Ev
C:\Users\Docker\AppData\Local\Temp\ccfQm06r.s:45     .text._ZN4Int1D2Ev:0000000000000000 _ZN4Int1D2Ev
C:\Users\Docker\AppData\Local\Temp\ccfQm06r.s:45     .text._ZN4Int1D2Ev:0000000000000000 _ZN4Int1D1Ev
C:\Users\Docker\AppData\Local\Temp\ccfQm06r.s:58     .text._ZN4Int14initENS_9SenseModeE:0000000000000000 _ZN4Int14initENS_9SenseModeE
C:\Users\Docker\AppData\Local\Temp\ccfQm06r.s:87     .text._ZN4Int112setSenseModeENS_9SenseModeE:0000000000000000 _ZN4Int112setSenseModeENS_9SenseModeE
C:\Users\Docker\AppData\Local\Temp\ccfQm06r.s:113    .text._ZN4Int112getLastErrorEv:0000000000000000 _ZN4Int112getLastErrorEv
C:\Users\Docker\AppData\Local\Temp\ccfQm06r.s:127    .text._Z21int1InterruptCallbackv:0000000000000000 _Z21int1InterruptCallbackv
C:\Users\Docker\AppData\Local\Temp\ccfQm06r.s:138    .text.__vector_2:0000000000000000 __vector_2
C:\Users\Docker\AppData\Local\Temp\ccfQm06r.s:182    .text.startup._GLOBAL__sub_I_int1:0000000000000000 _GLOBAL__sub_I_int1
C:\Users\Docker\AppData\Local\Temp\ccfQm06r.s:206    .bss.int1:0000000000000000 int1

UNDEFINED SYMBOLS
__do_global_ctors
__do_clear_bss
