GAS LISTING C:\Users\Aluno\AppData\Local\Temp\ccG3XMKI.s 			page 1


   1               		.file	"funsapeLibTm1637.cpp"
   2               	__SP_H__ = 0x3e
   3               	__SP_L__ = 0x3d
   4               	__SREG__ = 0x3f
   5               	__tmp_reg__ = 0
   6               	__zero_reg__ = 1
   7               		.text
   8               		.section	.text._Z7getTickv,"ax",@progbits
   9               		.weak	_Z7getTickv
  11               	_Z7getTickv:
  12               	/* prologue: function */
  13               	/* frame size = 0 */
  14               	/* stack size = 0 */
  15               	.L__stack_usage = 0
  16 0000 60E0      		ldi r22,0
  17 0002 70E0      		ldi r23,0
  18 0004 CB01      		movw r24,r22
  19               	/* epilogue start */
  20 0006 0895      		ret
  22               		.section	.text._ZN6Tm1637C2Ev,"ax",@progbits
  23               	.global	_ZN6Tm1637C2Ev
  25               	_ZN6Tm1637C2Ev:
  26               	/* prologue: function */
  27               	/* frame size = 0 */
  28               	/* stack size = 0 */
  29               	.L__stack_usage = 0
  30 0000 FC01      		movw r30,r24
  31 0002 1182      		std Z+1,__zero_reg__
  32 0004 1082      		st Z,__zero_reg__
  33 0006 83E0      		ldi r24,lo8(3)
  34 0008 8087      		std Z+8,r24
  35 000a 1382      		std Z+3,__zero_reg__
  36 000c 1282      		std Z+2,__zero_reg__
  37 000e 8481      		ldd r24,Z+4
  38 0010 8E7F      		andi r24,lo8(~(1<<0))
  39 0012 8483      		std Z+4,r24
  40 0014 1186      		std Z+9,__zero_reg__
  41 0016 8781      		ldd r24,Z+7
  42 0018 8160      		ori r24,lo8(1<<0)
  43 001a 8783      		std Z+7,r24
  44 001c 1682      		std Z+6,__zero_reg__
  45 001e 1582      		std Z+5,__zero_reg__
  46               	/* epilogue start */
  47 0020 0895      		ret
  49               	.global	_ZN6Tm1637C1Ev
  50               		.set	_ZN6Tm1637C1Ev,_ZN6Tm1637C2Ev
  51               		.section	.text._ZN6Tm1637C2EPK7GpioPinS2_,"ax",@progbits
  52               	.global	_ZN6Tm1637C2EPK7GpioPinS2_
  54               	_ZN6Tm1637C2EPK7GpioPinS2_:
  55 0000 CF93      		push r28
  56 0002 DF93      		push r29
  57               	/* prologue: function */
  58               	/* frame size = 0 */
  59               	/* stack size = 2 */
  60               	.L__stack_usage = 2
  61 0004 EC01      		movw r28,r24
  62 0006 1982      		std Y+1,__zero_reg__
GAS LISTING C:\Users\Aluno\AppData\Local\Temp\ccG3XMKI.s 			page 2


  63 0008 1882      		st Y,__zero_reg__
  64 000a 83E0      		ldi r24,lo8(3)
  65 000c 8887      		std Y+8,r24
  66 000e 1B82      		std Y+3,__zero_reg__
  67 0010 1A82      		std Y+2,__zero_reg__
  68 0012 9C81      		ldd r25,Y+4
  69 0014 9E7F      		andi r25,lo8(~(1<<0))
  70 0016 9C83      		std Y+4,r25
  71 0018 1986      		std Y+9,__zero_reg__
  72 001a 8F81      		ldd r24,Y+7
  73 001c 8160      		ori r24,lo8(1<<0)
  74 001e 8F83      		std Y+7,r24
  75 0020 6115      		cp r22,__zero_reg__
  76 0022 7105      		cpc r23,__zero_reg__
  77 0024 01F0      		breq .L4
  78 0026 4115      		cp r20,__zero_reg__
  79 0028 5105      		cpc r21,__zero_reg__
  80 002a 01F4      		brne .L5
  81               	.L4:
  82 002c 81E1      		ldi r24,lo8(17)
  83 002e 90E0      		ldi r25,0
  84 0030 9E83      		std Y+6,r25
  85 0032 8D83      		std Y+5,r24
  86               	.L3:
  87               	/* epilogue start */
  88 0034 DF91      		pop r29
  89 0036 CF91      		pop r28
  90 0038 0895      		ret
  91               	.L5:
  92 003a 5983      		std Y+1,r21
  93 003c 4883      		st Y,r20
  94 003e 7B83      		std Y+3,r23
  95 0040 6A83      		std Y+2,r22
  96 0042 9160      		ori r25,lo8(1<<0)
  97 0044 9C83      		std Y+4,r25
  98 0046 65E0      		ldi r22,lo8(5)
  99 0048 CA01      		movw r24,r20
 100 004a 0E94 0000 		call _ZN7GpioPin7setModeENS_4ModeE
 101 004e A881      		ld r26,Y
 102 0050 B981      		ldd r27,Y+1
 103 0052 1296      		adiw r26,2
 104 0054 ED91      		ld r30,X+
 105 0056 FC91      		ld r31,X
 106 0058 1397      		sbiw r26,2+1
 107 005a 8081      		ld r24,Z
 108 005c 1696      		adiw r26,6
 109 005e 9C91      		ld r25,X
 110 0060 892B      		or r24,r25
 111 0062 8083      		st Z,r24
 112 0064 61E0      		ldi r22,lo8(1)
 113 0066 8A81      		ldd r24,Y+2
 114 0068 9B81      		ldd r25,Y+3
 115 006a 0E94 0000 		call _ZN7GpioPin7setModeENS_4ModeE
 116 006e 1E82      		std Y+6,__zero_reg__
 117 0070 1D82      		std Y+5,__zero_reg__
 118 0072 00C0      		rjmp .L3
 120               	.global	_ZN6Tm1637C1EPK7GpioPinS2_
GAS LISTING C:\Users\Aluno\AppData\Local\Temp\ccG3XMKI.s 			page 3


 121               		.set	_ZN6Tm1637C1EPK7GpioPinS2_,_ZN6Tm1637C2EPK7GpioPinS2_
 122               		.section	.text._ZN6Tm1637D2Ev,"ax",@progbits
 123               	.global	_ZN6Tm1637D2Ev
 125               	_ZN6Tm1637D2Ev:
 126               	/* prologue: function */
 127               	/* frame size = 0 */
 128               	/* stack size = 0 */
 129               	.L__stack_usage = 0
 130               	/* epilogue start */
 131 0000 0895      		ret
 133               	.global	_ZN6Tm1637D1Ev
 134               		.set	_ZN6Tm1637D1Ev,_ZN6Tm1637D2Ev
 135               		.section	.text._ZN6Tm163712getLastErrorEv,"ax",@progbits
 136               	.global	_ZN6Tm163712getLastErrorEv
 138               	_ZN6Tm163712getLastErrorEv:
 139               	/* prologue: function */
 140               	/* frame size = 0 */
 141               	/* stack size = 0 */
 142               	.L__stack_usage = 0
 143 0000 FC01      		movw r30,r24
 144 0002 8581      		ldd r24,Z+5
 145 0004 9681      		ldd r25,Z+6
 146               	/* epilogue start */
 147 0006 0895      		ret
 149               		.section	.text._ZN6Tm16374initEPK7GpioPinS2_,"ax",@progbits
 150               	.global	_ZN6Tm16374initEPK7GpioPinS2_
 152               	_ZN6Tm16374initEPK7GpioPinS2_:
 153 0000 CF93      		push r28
 154 0002 DF93      		push r29
 155               	/* prologue: function */
 156               	/* frame size = 0 */
 157               	/* stack size = 2 */
 158               	.L__stack_usage = 2
 159 0004 EC01      		movw r28,r24
 160 0006 1982      		std Y+1,__zero_reg__
 161 0008 1882      		st Y,__zero_reg__
 162 000a 83E0      		ldi r24,lo8(3)
 163 000c 8887      		std Y+8,r24
 164 000e 1B82      		std Y+3,__zero_reg__
 165 0010 1A82      		std Y+2,__zero_reg__
 166 0012 9C81      		ldd r25,Y+4
 167 0014 9E7F      		andi r25,lo8(~(1<<0))
 168 0016 9C83      		std Y+4,r25
 169 0018 1986      		std Y+9,__zero_reg__
 170 001a 8F81      		ldd r24,Y+7
 171 001c 8160      		ori r24,lo8(1<<0)
 172 001e 8F83      		std Y+7,r24
 173 0020 6115      		cp r22,__zero_reg__
 174 0022 7105      		cpc r23,__zero_reg__
 175 0024 01F0      		breq .L13
 176 0026 4115      		cp r20,__zero_reg__
 177 0028 5105      		cpc r21,__zero_reg__
 178 002a 01F4      		brne .L14
 179               	.L13:
 180 002c 81E1      		ldi r24,lo8(17)
 181 002e 90E0      		ldi r25,0
 182 0030 9E83      		std Y+6,r25
GAS LISTING C:\Users\Aluno\AppData\Local\Temp\ccG3XMKI.s 			page 4


 183 0032 8D83      		std Y+5,r24
 184 0034 80E0      		ldi r24,0
 185               	.L12:
 186               	/* epilogue start */
 187 0036 DF91      		pop r29
 188 0038 CF91      		pop r28
 189 003a 0895      		ret
 190               	.L14:
 191 003c 5983      		std Y+1,r21
 192 003e 4883      		st Y,r20
 193 0040 7B83      		std Y+3,r23
 194 0042 6A83      		std Y+2,r22
 195 0044 9160      		ori r25,lo8(1<<0)
 196 0046 9C83      		std Y+4,r25
 197 0048 65E0      		ldi r22,lo8(5)
 198 004a CA01      		movw r24,r20
 199 004c 0E94 0000 		call _ZN7GpioPin7setModeENS_4ModeE
 200 0050 A881      		ld r26,Y
 201 0052 B981      		ldd r27,Y+1
 202 0054 1296      		adiw r26,2
 203 0056 ED91      		ld r30,X+
 204 0058 FC91      		ld r31,X
 205 005a 1397      		sbiw r26,2+1
 206 005c 8081      		ld r24,Z
 207 005e 1696      		adiw r26,6
 208 0060 9C91      		ld r25,X
 209 0062 892B      		or r24,r25
 210 0064 8083      		st Z,r24
 211 0066 61E0      		ldi r22,lo8(1)
 212 0068 8A81      		ldd r24,Y+2
 213 006a 9B81      		ldd r25,Y+3
 214 006c 0E94 0000 		call _ZN7GpioPin7setModeENS_4ModeE
 215 0070 1E82      		std Y+6,__zero_reg__
 216 0072 1D82      		std Y+5,__zero_reg__
 217 0074 81E0      		ldi r24,lo8(1)
 218 0076 00C0      		rjmp .L12
 220               		.section	.text._ZN6Tm163717setAddressingModeEb,"ax",@progbits
 221               	.global	_ZN6Tm163717setAddressingModeEb
 223               	_ZN6Tm163717setAddressingModeEb:
 224               	/* prologue: function */
 225               	/* frame size = 0 */
 226               	/* stack size = 0 */
 227               	.L__stack_usage = 0
 228 0000 FC01      		movw r30,r24
 229 0002 8781      		ldd r24,Z+7
 230 0004 60FB      		bst r22,0
 231 0006 80F9      		bld r24,0
 232 0008 8783      		std Z+7,r24
 233 000a 1682      		std Z+6,__zero_reg__
 234 000c 1582      		std Z+5,__zero_reg__
 235 000e 81E0      		ldi r24,lo8(1)
 236               	/* epilogue start */
 237 0010 0895      		ret
 239               		.section	.text._ZN6Tm163714readKeypadDataEPh,"ax",@progbits
 240               	.global	_ZN6Tm163714readKeypadDataEPh
 242               	_ZN6Tm163714readKeypadDataEPh:
 243               	/* prologue: function */
GAS LISTING C:\Users\Aluno\AppData\Local\Temp\ccG3XMKI.s 			page 5


 244               	/* frame size = 0 */
 245               	/* stack size = 0 */
 246               	.L__stack_usage = 0
 247 0000 81E0      		ldi r24,lo8(1)
 248               	/* epilogue start */
 249 0002 0895      		ret
 251               		.section	.text._ZN6Tm163714_isInitializedEv,"ax",@progbits
 252               	.global	_ZN6Tm163714_isInitializedEv
 254               	_ZN6Tm163714_isInitializedEv:
 255               	/* prologue: function */
 256               	/* frame size = 0 */
 257               	/* stack size = 0 */
 258               	.L__stack_usage = 0
 259 0000 FC01      		movw r30,r24
 260 0002 9481      		ldd r25,Z+4
 261 0004 892F      		mov r24,r25
 262 0006 8170      		andi r24,1
 263 0008 90FD      		sbrc r25,0
 264 000a 00C0      		rjmp .L22
 265 000c 24E0      		ldi r18,lo8(4)
 266 000e 30E0      		ldi r19,0
 267 0010 3683      		std Z+6,r19
 268 0012 2583      		std Z+5,r18
 269 0014 0895      		ret
 270               	.L22:
 271 0016 1682      		std Z+6,__zero_reg__
 272 0018 1582      		std Z+5,__zero_reg__
 273               	/* epilogue start */
 274 001a 0895      		ret
 276               		.section	.text._ZN6Tm163710_sendStartEv,"ax",@progbits
 277               	.global	_ZN6Tm163710_sendStartEv
 279               	_ZN6Tm163710_sendStartEv:
 280 0000 CF93      		push r28
 281 0002 DF93      		push r29
 282               	/* prologue: function */
 283               	/* frame size = 0 */
 284               	/* stack size = 2 */
 285               	.L__stack_usage = 2
 286 0004 EC01      		movw r28,r24
 287 0006 A881      		ld r26,Y
 288 0008 B981      		ldd r27,Y+1
 289 000a 1296      		adiw r26,2
 290 000c ED91      		ld r30,X+
 291 000e FC91      		ld r31,X
 292 0010 1397      		sbiw r26,2+1
 293 0012 8081      		ld r24,Z
 294 0014 1696      		adiw r26,6
 295 0016 9C91      		ld r25,X
 296 0018 892B      		or r24,r25
 297 001a 8083      		st Z,r24
 298 001c 61E0      		ldi r22,lo8(1)
 299 001e 8A81      		ldd r24,Y+2
 300 0020 9B81      		ldd r25,Y+3
 301 0022 0E94 0000 		call _ZN7GpioPin7setModeENS_4ModeE
 302 0026 85E3      		ldi r24,lo8(53)
 303 0028 8A95      	1:	dec r24
 304 002a 01F4      		brne 1b
GAS LISTING C:\Users\Aluno\AppData\Local\Temp\ccG3XMKI.s 			page 6


 305 002c 0000      		nop
 306 002e 65E0      		ldi r22,lo8(5)
 307 0030 8A81      		ldd r24,Y+2
 308 0032 9B81      		ldd r25,Y+3
 309 0034 0E94 0000 		call _ZN7GpioPin7setModeENS_4ModeE
 310 0038 8AE1      		ldi r24,lo8(26)
 311 003a 8A95      	1:	dec r24
 312 003c 01F4      		brne 1b
 313 003e 00C0      		rjmp .
 314 0040 A881      		ld r26,Y
 315 0042 B981      		ldd r27,Y+1
 316 0044 1296      		adiw r26,2
 317 0046 ED91      		ld r30,X+
 318 0048 FC91      		ld r31,X
 319 004a 1397      		sbiw r26,2+1
 320 004c 9081      		ld r25,Z
 321 004e 1696      		adiw r26,6
 322 0050 8C91      		ld r24,X
 323 0052 8095      		com r24
 324 0054 8923      		and r24,r25
 325 0056 8083      		st Z,r24
 326               	/* epilogue start */
 327 0058 DF91      		pop r29
 328 005a CF91      		pop r28
 329 005c 0895      		ret
 331               		.section	.text._ZN6Tm16379_sendStopEv,"ax",@progbits
 332               	.global	_ZN6Tm16379_sendStopEv
 334               	_ZN6Tm16379_sendStopEv:
 335 0000 CF93      		push r28
 336 0002 DF93      		push r29
 337               	/* prologue: function */
 338               	/* frame size = 0 */
 339               	/* stack size = 2 */
 340               	.L__stack_usage = 2
 341 0004 EC01      		movw r28,r24
 342 0006 65E0      		ldi r22,lo8(5)
 343 0008 8A81      		ldd r24,Y+2
 344 000a 9B81      		ldd r25,Y+3
 345 000c 0E94 0000 		call _ZN7GpioPin7setModeENS_4ModeE
 346 0010 8AE1      		ldi r24,lo8(26)
 347 0012 8A95      	1:	dec r24
 348 0014 01F4      		brne 1b
 349 0016 00C0      		rjmp .
 350 0018 A881      		ld r26,Y
 351 001a B981      		ldd r27,Y+1
 352 001c 1296      		adiw r26,2
 353 001e ED91      		ld r30,X+
 354 0020 FC91      		ld r31,X
 355 0022 1397      		sbiw r26,2+1
 356 0024 8081      		ld r24,Z
 357 0026 1696      		adiw r26,6
 358 0028 9C91      		ld r25,X
 359 002a 892B      		or r24,r25
 360 002c 8083      		st Z,r24
 361 002e 8AE1      		ldi r24,lo8(26)
 362 0030 8A95      	1:	dec r24
 363 0032 01F4      		brne 1b
GAS LISTING C:\Users\Aluno\AppData\Local\Temp\ccG3XMKI.s 			page 7


 364 0034 00C0      		rjmp .
 365 0036 61E0      		ldi r22,lo8(1)
 366 0038 8A81      		ldd r24,Y+2
 367 003a 9B81      		ldd r25,Y+3
 368 003c 0E94 0000 		call _ZN7GpioPin7setModeENS_4ModeE
 369 0040 85E3      		ldi r24,lo8(53)
 370 0042 8A95      	1:	dec r24
 371 0044 01F4      		brne 1b
 372 0046 0000      		nop
 373               	/* epilogue start */
 374 0048 DF91      		pop r29
 375 004a CF91      		pop r28
 376 004c 0895      		ret
 378               		.section	.text._ZN6Tm163710_writeByteEh,"ax",@progbits
 379               	.global	_ZN6Tm163710_writeByteEh
 381               	_ZN6Tm163710_writeByteEh:
 382 0000 EF92      		push r14
 383 0002 FF92      		push r15
 384 0004 0F93      		push r16
 385 0006 1F93      		push r17
 386 0008 CF93      		push r28
 387 000a DF93      		push r29
 388               	/* prologue: function */
 389               	/* frame size = 0 */
 390               	/* stack size = 6 */
 391               	.L__stack_usage = 6
 392 000c 8C01      		movw r16,r24
 393 000e D0E0      		ldi r29,0
 394 0010 C0E0      		ldi r28,0
 395 0012 E62E      		mov r14,r22
 396 0014 F12C      		mov r15,__zero_reg__
 397               	.L29:
 398 0016 F801      		movw r30,r16
 399 0018 8281      		ldd r24,Z+2
 400 001a 9381      		ldd r25,Z+3
 401 001c 9701      		movw r18,r14
 402 001e 0C2E      		mov r0,r28
 403 0020 00C0      		rjmp 2f
 404               		1:
 405 0022 3595      		asr r19
 406 0024 2795      		ror r18
 407               		2:
 408 0026 0A94      		dec r0
 409 0028 02F4      		brpl 1b
 410 002a 61E0      		ldi r22,lo8(1)
 411 002c 20FF      		sbrs r18,0
 412 002e 65E0      		ldi r22,lo8(5)
 413               	.L31:
 414 0030 0E94 0000 		call _ZN7GpioPin7setModeENS_4ModeE
 415 0034 4AE1      		ldi r20,lo8(26)
 416 0036 4A95      	1:	dec r20
 417 0038 01F4      		brne 1b
 418 003a 00C0      		rjmp .
 419 003c F801      		movw r30,r16
 420 003e A081      		ld r26,Z
 421 0040 B181      		ldd r27,Z+1
 422 0042 1296      		adiw r26,2
GAS LISTING C:\Users\Aluno\AppData\Local\Temp\ccG3XMKI.s 			page 8


 423 0044 ED91      		ld r30,X+
 424 0046 FC91      		ld r31,X
 425 0048 1397      		sbiw r26,2+1
 426 004a 8081      		ld r24,Z
 427 004c 1696      		adiw r26,6
 428 004e 9C91      		ld r25,X
 429 0050 892B      		or r24,r25
 430 0052 8083      		st Z,r24
 431 0054 FAE1      		ldi r31,lo8(26)
 432 0056 FA95      	1:	dec r31
 433 0058 01F4      		brne 1b
 434 005a 00C0      		rjmp .
 435 005c F801      		movw r30,r16
 436 005e A081      		ld r26,Z
 437 0060 B181      		ldd r27,Z+1
 438 0062 1296      		adiw r26,2
 439 0064 ED91      		ld r30,X+
 440 0066 FC91      		ld r31,X
 441 0068 1397      		sbiw r26,2+1
 442 006a 9081      		ld r25,Z
 443 006c 1696      		adiw r26,6
 444 006e 8C91      		ld r24,X
 445 0070 8095      		com r24
 446 0072 8923      		and r24,r25
 447 0074 8083      		st Z,r24
 448 0076 2196      		adiw r28,1
 449 0078 C830      		cpi r28,8
 450 007a D105      		cpc r29,__zero_reg__
 451 007c 01F4      		brne .L29
 452               	/* epilogue start */
 453 007e DF91      		pop r29
 454 0080 CF91      		pop r28
 455 0082 1F91      		pop r17
 456 0084 0F91      		pop r16
 457 0086 FF90      		pop r15
 458 0088 EF90      		pop r14
 459 008a 0895      		ret
 461               		.section	.text._ZN6Tm16379_readByteEPh,"ax",@progbits
 462               	.global	_ZN6Tm16379_readByteEPh
 464               	_ZN6Tm16379_readByteEPh:
 465               	/* prologue: function */
 466               	/* frame size = 0 */
 467               	/* stack size = 0 */
 468               	.L__stack_usage = 0
 469               	/* epilogue start */
 470 0000 0895      		ret
 472               		.section	.text._ZN6Tm16378_readAckEv,"ax",@progbits
 473               	.global	_ZN6Tm16378_readAckEv
 475               	_ZN6Tm16378_readAckEv:
 476 0000 CF93      		push r28
 477 0002 DF93      		push r29
 478               	/* prologue: function */
 479               	/* frame size = 0 */
 480               	/* stack size = 2 */
 481               	.L__stack_usage = 2
 482 0004 EC01      		movw r28,r24
 483 0006 61E0      		ldi r22,lo8(1)
GAS LISTING C:\Users\Aluno\AppData\Local\Temp\ccG3XMKI.s 			page 9


 484 0008 8A81      		ldd r24,Y+2
 485 000a 9B81      		ldd r25,Y+3
 486 000c 0E94 0000 		call _ZN7GpioPin7setModeENS_4ModeE
 487 0010 8AE1      		ldi r24,lo8(26)
 488 0012 8A95      	1:	dec r24
 489 0014 01F4      		brne 1b
 490 0016 00C0      		rjmp .
 491 0018 A881      		ld r26,Y
 492 001a B981      		ldd r27,Y+1
 493 001c 1296      		adiw r26,2
 494 001e ED91      		ld r30,X+
 495 0020 FC91      		ld r31,X
 496 0022 1397      		sbiw r26,2+1
 497 0024 8081      		ld r24,Z
 498 0026 1696      		adiw r26,6
 499 0028 9C91      		ld r25,X
 500 002a 892B      		or r24,r25
 501 002c 8083      		st Z,r24
 502 002e EA81      		ldd r30,Y+2
 503 0030 FB81      		ldd r31,Y+3
 504 0032 0480      		ldd __tmp_reg__,Z+4
 505 0034 F581      		ldd r31,Z+5
 506 0036 E02D      		mov r30,__tmp_reg__
 507 0038 8081      		ld r24,Z
 508 003a 8AE1      		ldi r24,lo8(26)
 509 003c 8A95      	1:	dec r24
 510 003e 01F4      		brne 1b
 511 0040 00C0      		rjmp .
 512 0042 A881      		ld r26,Y
 513 0044 B981      		ldd r27,Y+1
 514 0046 1296      		adiw r26,2
 515 0048 ED91      		ld r30,X+
 516 004a FC91      		ld r31,X
 517 004c 1397      		sbiw r26,2+1
 518 004e 9081      		ld r25,Z
 519 0050 1696      		adiw r26,6
 520 0052 8C91      		ld r24,X
 521 0054 8095      		com r24
 522 0056 8923      		and r24,r25
 523 0058 8083      		st Z,r24
 524 005a 81E0      		ldi r24,lo8(1)
 525               	/* epilogue start */
 526 005c DF91      		pop r29
 527 005e CF91      		pop r28
 528 0060 0895      		ret
 530               		.section	.text._ZN6Tm163718setDisplayContrastENS_8ContrastE,"ax",@progbits
 531               	.global	_ZN6Tm163718setDisplayContrastENS_8ContrastE
 533               	_ZN6Tm163718setDisplayContrastENS_8ContrastE:
 534 0000 0F93      		push r16
 535 0002 1F93      		push r17
 536 0004 CF93      		push r28
 537 0006 DF93      		push r29
 538               	/* prologue: function */
 539               	/* frame size = 0 */
 540               	/* stack size = 4 */
 541               	.L__stack_usage = 4
 542 0008 EC01      		movw r28,r24
GAS LISTING C:\Users\Aluno\AppData\Local\Temp\ccG3XMKI.s 			page 10


 543 000a 062F      		mov r16,r22
 544 000c 0E94 0000 		call _ZN6Tm163714_isInitializedEv
 545 0010 182F      		mov r17,r24
 546 0012 8823      		tst r24
 547 0014 01F0      		breq .L34
 548 0016 1985      		ldd r17,Y+9
 549 0018 28E0      		ldi r18,lo8(8)
 550 001a 129F      		mul r17,r18
 551 001c C001      		movw r24,r0
 552 001e 1124      		clr __zero_reg__
 553 0020 102F      		mov r17,r16
 554 0022 1770      		andi r17,lo8(7)
 555 0024 1068      		ori r17,lo8(-128)
 556 0026 182B      		or r17,r24
 557 0028 CE01      		movw r24,r28
 558 002a 0E94 0000 		call _ZN6Tm163710_sendStartEv
 559 002e 612F      		mov r22,r17
 560 0030 CE01      		movw r24,r28
 561 0032 0E94 0000 		call _ZN6Tm163710_writeByteEh
 562 0036 CE01      		movw r24,r28
 563 0038 0E94 0000 		call _ZN6Tm16378_readAckEv
 564 003c 182F      		mov r17,r24
 565 003e 8111      		cpse r24,__zero_reg__
 566 0040 00C0      		rjmp .L36
 567 0042 80E4      		ldi r24,lo8(64)
 568 0044 90E0      		ldi r25,0
 569 0046 9E83      		std Y+6,r25
 570 0048 8D83      		std Y+5,r24
 571               	.L34:
 572 004a 812F      		mov r24,r17
 573               	/* epilogue start */
 574 004c DF91      		pop r29
 575 004e CF91      		pop r28
 576 0050 1F91      		pop r17
 577 0052 0F91      		pop r16
 578 0054 0895      		ret
 579               	.L36:
 580 0056 CE01      		movw r24,r28
 581 0058 0E94 0000 		call _ZN6Tm16379_sendStopEv
 582 005c 0887      		std Y+8,r16
 583 005e 1E82      		std Y+6,__zero_reg__
 584 0060 1D82      		std Y+5,__zero_reg__
 585 0062 00C0      		rjmp .L34
 587               		.section	.text._ZN6Tm163711showDisplayEb,"ax",@progbits
 588               	.global	_ZN6Tm163711showDisplayEb
 590               	_ZN6Tm163711showDisplayEb:
 591 0000 0F93      		push r16
 592 0002 1F93      		push r17
 593 0004 CF93      		push r28
 594 0006 DF93      		push r29
 595               	/* prologue: function */
 596               	/* frame size = 0 */
 597               	/* stack size = 4 */
 598               	.L__stack_usage = 4
 599 0008 EC01      		movw r28,r24
 600 000a 062F      		mov r16,r22
 601 000c 0E94 0000 		call _ZN6Tm163714_isInitializedEv
GAS LISTING C:\Users\Aluno\AppData\Local\Temp\ccG3XMKI.s 			page 11


 602 0010 182F      		mov r17,r24
 603 0012 8823      		tst r24
 604 0014 01F0      		breq .L40
 605 0016 88E0      		ldi r24,lo8(8)
 606 0018 089F      		mul r16,r24
 607 001a B001      		movw r22,r0
 608 001c 1124      		clr __zero_reg__
 609 001e 6068      		ori r22,lo8(-128)
 610 0020 1885      		ldd r17,Y+8
 611 0022 1770      		andi r17,lo8(7)
 612 0024 162B      		or r17,r22
 613 0026 CE01      		movw r24,r28
 614 0028 0E94 0000 		call _ZN6Tm163710_sendStartEv
 615 002c 612F      		mov r22,r17
 616 002e CE01      		movw r24,r28
 617 0030 0E94 0000 		call _ZN6Tm163710_writeByteEh
 618 0034 CE01      		movw r24,r28
 619 0036 0E94 0000 		call _ZN6Tm16378_readAckEv
 620 003a 182F      		mov r17,r24
 621 003c 8111      		cpse r24,__zero_reg__
 622 003e 00C0      		rjmp .L42
 623 0040 80E4      		ldi r24,lo8(64)
 624 0042 90E0      		ldi r25,0
 625 0044 9E83      		std Y+6,r25
 626 0046 8D83      		std Y+5,r24
 627               	.L40:
 628 0048 812F      		mov r24,r17
 629               	/* epilogue start */
 630 004a DF91      		pop r29
 631 004c CF91      		pop r28
 632 004e 1F91      		pop r17
 633 0050 0F91      		pop r16
 634 0052 0895      		ret
 635               	.L42:
 636 0054 CE01      		movw r24,r28
 637 0056 0E94 0000 		call _ZN6Tm16379_sendStopEv
 638 005a 0987      		std Y+9,r16
 639 005c 1E82      		std Y+6,__zero_reg__
 640 005e 1D82      		std Y+5,__zero_reg__
 641 0060 00C0      		rjmp .L40
 643               		.section	.text._ZN6Tm163716writeDisplayDataEjh,"ax",@progbits
 644               	.global	_ZN6Tm163716writeDisplayDataEjh
 646               	_ZN6Tm163716writeDisplayDataEjh:
 647 0000 8F92      		push r8
 648 0002 9F92      		push r9
 649 0004 AF92      		push r10
 650 0006 BF92      		push r11
 651 0008 CF92      		push r12
 652 000a DF92      		push r13
 653 000c EF92      		push r14
 654 000e FF92      		push r15
 655 0010 0F93      		push r16
 656 0012 1F93      		push r17
 657 0014 CF93      		push r28
 658 0016 DF93      		push r29
 659 0018 00D0      		rcall .
 660 001a 00D0      		rcall .
GAS LISTING C:\Users\Aluno\AppData\Local\Temp\ccG3XMKI.s 			page 12


 661 001c CDB7      		in r28,__SP_L__
 662 001e DEB7      		in r29,__SP_H__
 663               	/* prologue: function */
 664               	/* frame size = 4 */
 665               	/* stack size = 16 */
 666               	.L__stack_usage = 16
 667 0020 8C01      		movw r16,r24
 668 0022 4B01      		movw r8,r22
 669 0024 A42E      		mov r10,r20
 670 0026 1982      		std Y+1,__zero_reg__
 671 0028 1A82      		std Y+2,__zero_reg__
 672 002a 1B82      		std Y+3,__zero_reg__
 673 002c 1C82      		std Y+4,__zero_reg__
 674 002e 0E94 0000 		call _ZN6Tm163714_isInitializedEv
 675 0032 B82E      		mov r11,r24
 676 0034 8823      		tst r24
 677 0036 01F0      		breq .L46
 678 0038 8EEF      		ldi r24,lo8(-2)
 679 003a 8A0D      		add r24,r10
 680 003c 8F30      		cpi r24,lo8(15)
 681 003e 00F0      		brlo .L48
 682 0040 82E1      		ldi r24,lo8(18)
 683 0042 90E0      		ldi r25,0
 684 0044 D801      		movw r26,r16
 685 0046 1696      		adiw r26,5+1
 686 0048 9C93      		st X,r25
 687 004a 8E93      		st -X,r24
 688 004c 1597      		sbiw r26,5
 689 004e B12C      		mov r11,__zero_reg__
 690               	.L46:
 691 0050 8B2D      		mov r24,r11
 692               	/* epilogue start */
 693 0052 0F90      		pop __tmp_reg__
 694 0054 0F90      		pop __tmp_reg__
 695 0056 0F90      		pop __tmp_reg__
 696 0058 0F90      		pop __tmp_reg__
 697 005a DF91      		pop r29
 698 005c CF91      		pop r28
 699 005e 1F91      		pop r17
 700 0060 0F91      		pop r16
 701 0062 FF90      		pop r15
 702 0064 EF90      		pop r14
 703 0066 DF90      		pop r13
 704 0068 CF90      		pop r12
 705 006a BF90      		pop r11
 706 006c AF90      		pop r10
 707 006e 9F90      		pop r9
 708 0070 8F90      		pop r8
 709 0072 0895      		ret
 710               	.L48:
 711 0074 FE01      		movw r30,r28
 712 0076 3196      		adiw r30,1
 713 0078 6F01      		movw r12,r30
 714 007a 3496      		adiw r30,4
 715 007c 7601      		movw r14,r12
 716 007e 2A2D      		mov r18,r10
 717 0080 30E0      		ldi r19,0
GAS LISTING C:\Users\Aluno\AppData\Local\Temp\ccG3XMKI.s 			page 13


 718               	.L49:
 719 0082 C401      		movw r24,r8
 720 0084 B901      		movw r22,r18
 721 0086 0E94 0000 		call __udivmodhi4
 722 008a 4B01      		movw r8,r22
 723 008c DC01      		movw r26,r24
 724 008e A050      		subi r26,lo8(-(_ZL8segments))
 725 0090 B040      		sbci r27,hi8(-(_ZL8segments))
 726 0092 8C91      		ld r24,X
 727 0094 D701      		movw r26,r14
 728 0096 8D93      		st X+,r24
 729 0098 7D01      		movw r14,r26
 730 009a AE17      		cp r26,r30
 731 009c BF07      		cpc r27,r31
 732 009e 01F4      		brne .L49
 733 00a0 C801      		movw r24,r16
 734 00a2 0E94 0000 		call _ZN6Tm163710_sendStartEv
 735 00a6 60EC      		ldi r22,lo8(-64)
 736 00a8 C801      		movw r24,r16
 737 00aa 0E94 0000 		call _ZN6Tm163710_writeByteEh
 738 00ae C801      		movw r24,r16
 739 00b0 0E94 0000 		call _ZN6Tm16378_readAckEv
 740               	.L50:
 741 00b4 F701      		movw r30,r14
 742 00b6 6291      		ld r22,-Z
 743 00b8 7F01      		movw r14,r30
 744 00ba C801      		movw r24,r16
 745 00bc 0E94 0000 		call _ZN6Tm163710_writeByteEh
 746 00c0 C801      		movw r24,r16
 747 00c2 0E94 0000 		call _ZN6Tm16378_readAckEv
 748 00c6 EC14      		cp r14,r12
 749 00c8 FD04      		cpc r15,r13
 750 00ca 01F4      		brne .L50
 751 00cc C801      		movw r24,r16
 752 00ce 0E94 0000 		call _ZN6Tm16379_sendStopEv
 753 00d2 D801      		movw r26,r16
 754 00d4 1696      		adiw r26,5+1
 755 00d6 1C92      		st X,__zero_reg__
 756 00d8 1E92      		st -X,__zero_reg__
 757 00da 1597      		sbiw r26,5
 758 00dc 00C0      		rjmp .L46
 760               		.section	.text._ZN6Tm163716writeDisplayDataEhhb,"ax",@progbits
 761               	.global	_ZN6Tm163716writeDisplayDataEhhb
 763               	_ZN6Tm163716writeDisplayDataEhhb:
 764 0000 EF92      		push r14
 765 0002 FF92      		push r15
 766 0004 0F93      		push r16
 767 0006 1F93      		push r17
 768 0008 CF93      		push r28
 769 000a DF93      		push r29
 770               	/* prologue: function */
 771               	/* frame size = 0 */
 772               	/* stack size = 6 */
 773               	.L__stack_usage = 6
 774 000c EC01      		movw r28,r24
 775 000e F62E      		mov r15,r22
 776 0010 142F      		mov r17,r20
GAS LISTING C:\Users\Aluno\AppData\Local\Temp\ccG3XMKI.s 			page 14


 777 0012 E22E      		mov r14,r18
 778 0014 0E94 0000 		call _ZN6Tm163714_isInitializedEv
 779 0018 082F      		mov r16,r24
 780 001a 8823      		tst r24
 781 001c 01F0      		breq .L56
 782 001e 1150      		subi r17,lo8(-(-1))
 783 0020 1430      		cpi r17,lo8(4)
 784 0022 00F0      		brlo .L58
 785 0024 82E1      		ldi r24,lo8(18)
 786 0026 90E0      		ldi r25,0
 787 0028 9E83      		std Y+6,r25
 788 002a 8D83      		std Y+5,r24
 789 002c 00E0      		ldi r16,0
 790               	.L56:
 791 002e 802F      		mov r24,r16
 792               	/* epilogue start */
 793 0030 DF91      		pop r29
 794 0032 CF91      		pop r28
 795 0034 1F91      		pop r17
 796 0036 0F91      		pop r16
 797 0038 FF90      		pop r15
 798 003a EF90      		pop r14
 799 003c 0895      		ret
 800               	.L58:
 801 003e 106C      		ori r17,lo8(-64)
 802 0040 EE20      		tst r14
 803 0042 01F0      		breq .L59
 804 0044 6894      		set
 805 0046 F7F8      		bld r15,7
 806               	.L59:
 807 0048 CE01      		movw r24,r28
 808 004a 0E94 0000 		call _ZN6Tm163710_sendStartEv
 809 004e 612F      		mov r22,r17
 810 0050 CE01      		movw r24,r28
 811 0052 0E94 0000 		call _ZN6Tm163710_writeByteEh
 812 0056 CE01      		movw r24,r28
 813 0058 0E94 0000 		call _ZN6Tm16378_readAckEv
 814 005c 6F2D      		mov r22,r15
 815 005e CE01      		movw r24,r28
 816 0060 0E94 0000 		call _ZN6Tm163710_writeByteEh
 817 0064 CE01      		movw r24,r28
 818 0066 0E94 0000 		call _ZN6Tm16378_readAckEv
 819 006a CE01      		movw r24,r28
 820 006c 0E94 0000 		call _ZN6Tm16379_sendStopEv
 821 0070 1E82      		std Y+6,__zero_reg__
 822 0072 1D82      		std Y+5,__zero_reg__
 823 0074 00C0      		rjmp .L56
 825               		.section	.rodata._ZL8segments,"a",@progbits
 828               	_ZL8segments:
 829 0000 3F        		.byte	63
 830 0001 06        		.byte	6
 831 0002 5B        		.byte	91
 832 0003 4F        		.byte	79
 833 0004 66        		.byte	102
 834 0005 6D        		.byte	109
 835 0006 7D        		.byte	125
 836 0007 07        		.byte	7
GAS LISTING C:\Users\Aluno\AppData\Local\Temp\ccG3XMKI.s 			page 15


 837 0008 7F        		.byte	127
 838 0009 6F        		.byte	111
 839 000a 77        		.byte	119
 840 000b 7C        		.byte	124
 841 000c 39        		.byte	57
 842 000d 5E        		.byte	94
 843 000e 79        		.byte	121
 844 000f 71        		.byte	113
 845               		.ident	"GCC: (AVR_8_bit_GNU_Toolchain_3.7.0_1796) 7.3.0"
 846               	.global __do_copy_data
GAS LISTING C:\Users\Aluno\AppData\Local\Temp\ccG3XMKI.s 			page 16


DEFINED SYMBOLS
                            *ABS*:0000000000000000 funsapeLibTm1637.cpp
C:\Users\Aluno\AppData\Local\Temp\ccG3XMKI.s:2      *ABS*:000000000000003e __SP_H__
C:\Users\Aluno\AppData\Local\Temp\ccG3XMKI.s:3      *ABS*:000000000000003d __SP_L__
C:\Users\Aluno\AppData\Local\Temp\ccG3XMKI.s:4      *ABS*:000000000000003f __SREG__
C:\Users\Aluno\AppData\Local\Temp\ccG3XMKI.s:5      *ABS*:0000000000000000 __tmp_reg__
C:\Users\Aluno\AppData\Local\Temp\ccG3XMKI.s:6      *ABS*:0000000000000001 __zero_reg__
C:\Users\Aluno\AppData\Local\Temp\ccG3XMKI.s:11     .text._Z7getTickv:0000000000000000 _Z7getTickv
C:\Users\Aluno\AppData\Local\Temp\ccG3XMKI.s:25     .text._ZN6Tm1637C2Ev:0000000000000000 _ZN6Tm1637C2Ev
C:\Users\Aluno\AppData\Local\Temp\ccG3XMKI.s:25     .text._ZN6Tm1637C2Ev:0000000000000000 _ZN6Tm1637C1Ev
C:\Users\Aluno\AppData\Local\Temp\ccG3XMKI.s:54     .text._ZN6Tm1637C2EPK7GpioPinS2_:0000000000000000 _ZN6Tm1637C2EPK7GpioPinS2_
C:\Users\Aluno\AppData\Local\Temp\ccG3XMKI.s:54     .text._ZN6Tm1637C2EPK7GpioPinS2_:0000000000000000 _ZN6Tm1637C1EPK7GpioPinS2_
C:\Users\Aluno\AppData\Local\Temp\ccG3XMKI.s:125    .text._ZN6Tm1637D2Ev:0000000000000000 _ZN6Tm1637D2Ev
C:\Users\Aluno\AppData\Local\Temp\ccG3XMKI.s:125    .text._ZN6Tm1637D2Ev:0000000000000000 _ZN6Tm1637D1Ev
C:\Users\Aluno\AppData\Local\Temp\ccG3XMKI.s:138    .text._ZN6Tm163712getLastErrorEv:0000000000000000 _ZN6Tm163712getLastErrorEv
C:\Users\Aluno\AppData\Local\Temp\ccG3XMKI.s:152    .text._ZN6Tm16374initEPK7GpioPinS2_:0000000000000000 _ZN6Tm16374initEPK7GpioPinS2_
C:\Users\Aluno\AppData\Local\Temp\ccG3XMKI.s:223    .text._ZN6Tm163717setAddressingModeEb:0000000000000000 _ZN6Tm163717setAddressingModeEb
C:\Users\Aluno\AppData\Local\Temp\ccG3XMKI.s:242    .text._ZN6Tm163714readKeypadDataEPh:0000000000000000 _ZN6Tm163714readKeypadDataEPh
C:\Users\Aluno\AppData\Local\Temp\ccG3XMKI.s:254    .text._ZN6Tm163714_isInitializedEv:0000000000000000 _ZN6Tm163714_isInitializedEv
C:\Users\Aluno\AppData\Local\Temp\ccG3XMKI.s:279    .text._ZN6Tm163710_sendStartEv:0000000000000000 _ZN6Tm163710_sendStartEv
C:\Users\Aluno\AppData\Local\Temp\ccG3XMKI.s:334    .text._ZN6Tm16379_sendStopEv:0000000000000000 _ZN6Tm16379_sendStopEv
C:\Users\Aluno\AppData\Local\Temp\ccG3XMKI.s:381    .text._ZN6Tm163710_writeByteEh:0000000000000000 _ZN6Tm163710_writeByteEh
C:\Users\Aluno\AppData\Local\Temp\ccG3XMKI.s:464    .text._ZN6Tm16379_readByteEPh:0000000000000000 _ZN6Tm16379_readByteEPh
C:\Users\Aluno\AppData\Local\Temp\ccG3XMKI.s:475    .text._ZN6Tm16378_readAckEv:0000000000000000 _ZN6Tm16378_readAckEv
C:\Users\Aluno\AppData\Local\Temp\ccG3XMKI.s:533    .text._ZN6Tm163718setDisplayContrastENS_8ContrastE:0000000000000000 _ZN6Tm163718setDisplayContrastENS_8ContrastE
C:\Users\Aluno\AppData\Local\Temp\ccG3XMKI.s:590    .text._ZN6Tm163711showDisplayEb:0000000000000000 _ZN6Tm163711showDisplayEb
C:\Users\Aluno\AppData\Local\Temp\ccG3XMKI.s:646    .text._ZN6Tm163716writeDisplayDataEjh:0000000000000000 _ZN6Tm163716writeDisplayDataEjh
C:\Users\Aluno\AppData\Local\Temp\ccG3XMKI.s:828    .rodata._ZL8segments:0000000000000000 _ZL8segments
C:\Users\Aluno\AppData\Local\Temp\ccG3XMKI.s:763    .text._ZN6Tm163716writeDisplayDataEhhb:0000000000000000 _ZN6Tm163716writeDisplayDataEhhb

UNDEFINED SYMBOLS
_ZN7GpioPin7setModeENS_4ModeE
__udivmodhi4
__do_copy_data
