GAS LISTING C:\Users\Docker\AppData\Local\Temp\ccyze4ub.s 			page 1


   1               		.file	"funsapeLibTimer1.cpp"
   2               	__SP_H__ = 0x3e
   3               	__SP_L__ = 0x3d
   4               	__SREG__ = 0x3f
   5               	__tmp_reg__ = 0
   6               	__zero_reg__ = 1
   7               		.text
   8               		.section	.text._Z7getTickv,"ax",@progbits
   9               		.weak	_Z7getTickv
  11               	_Z7getTickv:
  12               	/* prologue: function */
  13               	/* frame size = 0 */
  14               	/* stack size = 0 */
  15               	.L__stack_usage = 0
  16 0000 60E0      		ldi r22,0
  17 0002 70E0      		ldi r23,0
  18 0004 CB01      		movw r24,r22
  19               	/* epilogue start */
  20 0006 0895      		ret
  22               		.section	.text._ZN6Timer1C2Ev,"ax",@progbits
  23               	.global	_ZN6Timer1C2Ev
  25               	_ZN6Timer1C2Ev:
  26               	/* prologue: function */
  27               	/* frame size = 0 */
  28               	/* stack size = 0 */
  29               	.L__stack_usage = 0
  30 0000 FC01      		movw r30,r24
  31 0002 1182      		std Z+1,__zero_reg__
  32 0004 1282      		std Z+2,__zero_reg__
  33 0006 8081      		ld r24,Z
  34 0008 8E7F      		andi r24,lo8(~(1<<0))
  35 000a 8083      		st Z,r24
  36 000c 1482      		std Z+4,__zero_reg__
  37 000e 1382      		std Z+3,__zero_reg__
  38               	/* epilogue start */
  39 0010 0895      		ret
  41               	.global	_ZN6Timer1C1Ev
  42               		.set	_ZN6Timer1C1Ev,_ZN6Timer1C2Ev
  43               		.section	.text._ZN6Timer1D2Ev,"ax",@progbits
  44               	.global	_ZN6Timer1D2Ev
  46               	_ZN6Timer1D2Ev:
  47               	/* prologue: function */
  48               	/* frame size = 0 */
  49               	/* stack size = 0 */
  50               	.L__stack_usage = 0
  51               	/* epilogue start */
  52 0000 0895      		ret
  54               	.global	_ZN6Timer1D1Ev
  55               		.set	_ZN6Timer1D1Ev,_ZN6Timer1D2Ev
  56               		.section	.text._ZN6Timer14initENS_4ModeENS_11ClockSourceE,"ax",@progbits
  57               	.global	_ZN6Timer14initENS_4ModeENS_11ClockSourceE
  59               	_ZN6Timer14initENS_4ModeENS_11ClockSourceE:
  60 0000 CF93      		push r28
  61 0002 DF93      		push r29
  62               	/* prologue: function */
  63               	/* frame size = 0 */
  64               	/* stack size = 2 */
GAS LISTING C:\Users\Docker\AppData\Local\Temp\ccyze4ub.s 			page 2


  65               	.L__stack_usage = 2
  66 0004 FC01      		movw r30,r24
  67 0006 C0E8      		ldi r28,lo8(-128)
  68 0008 D0E0      		ldi r29,0
  69 000a 8881      		ld r24,Y
  70 000c A1E8      		ldi r26,lo8(-127)
  71 000e B0E0      		ldi r27,0
  72 0010 9C91      		ld r25,X
  73 0012 8C7F      		andi r24,lo8(-4)
  74 0014 262F      		mov r18,r22
  75 0016 2370      		andi r18,lo8(3)
  76 0018 822B      		or r24,r18
  77 001a 262F      		mov r18,r22
  78 001c 30E0      		ldi r19,0
  79 001e 3595      		asr r19
  80 0020 2795      		ror r18
  81 0022 3595      		asr r19
  82 0024 2795      		ror r18
  83 0026 73E0      		ldi r23,3
  84               		1:
  85 0028 220F      		lsl r18
  86 002a 331F      		rol r19
  87 002c 7A95      		dec r23
  88 002e 01F4      		brne 1b
  89 0030 977E      		andi r25,lo8(-25)
  90 0032 922B      		or r25,r18
  91 0034 987F      		andi r25,lo8(-8)
  92 0036 942B      		or r25,r20
  93 0038 8883      		st Y,r24
  94 003a 9C93      		st X,r25
  95 003c 6283      		std Z+2,r22
  96 003e 4183      		std Z+1,r20
  97 0040 8081      		ld r24,Z
  98 0042 8160      		ori r24,lo8(1<<0)
  99 0044 8083      		st Z,r24
 100 0046 1482      		std Z+4,__zero_reg__
 101 0048 1382      		std Z+3,__zero_reg__
 102 004a 81E0      		ldi r24,lo8(1)
 103               	/* epilogue start */
 104 004c DF91      		pop r29
 105 004e CF91      		pop r28
 106 0050 0895      		ret
 108               		.section	.text._ZN6Timer17setModeENS_4ModeE,"ax",@progbits
 109               	.global	_ZN6Timer17setModeENS_4ModeE
 111               	_ZN6Timer17setModeENS_4ModeE:
 112 0000 CF93      		push r28
 113 0002 DF93      		push r29
 114               	/* prologue: function */
 115               	/* frame size = 0 */
 116               	/* stack size = 2 */
 117               	.L__stack_usage = 2
 118 0004 FC01      		movw r30,r24
 119 0006 C0E8      		ldi r28,lo8(-128)
 120 0008 D0E0      		ldi r29,0
 121 000a 2881      		ld r18,Y
 122 000c A1E8      		ldi r26,lo8(-127)
 123 000e B0E0      		ldi r27,0
GAS LISTING C:\Users\Docker\AppData\Local\Temp\ccyze4ub.s 			page 3


 124 0010 9C91      		ld r25,X
 125 0012 2C7F      		andi r18,lo8(-4)
 126 0014 862F      		mov r24,r22
 127 0016 8370      		andi r24,lo8(3)
 128 0018 282B      		or r18,r24
 129 001a 462F      		mov r20,r22
 130 001c 50E0      		ldi r21,0
 131 001e 5595      		asr r21
 132 0020 4795      		ror r20
 133 0022 5595      		asr r21
 134 0024 4795      		ror r20
 135 0026 33E0      		ldi r19,3
 136               		1:
 137 0028 440F      		lsl r20
 138 002a 551F      		rol r21
 139 002c 3A95      		dec r19
 140 002e 01F4      		brne 1b
 141 0030 977E      		andi r25,lo8(-25)
 142 0032 942B      		or r25,r20
 143 0034 2883      		st Y,r18
 144 0036 9C93      		st X,r25
 145 0038 6283      		std Z+2,r22
 146 003a 1482      		std Z+4,__zero_reg__
 147 003c 1382      		std Z+3,__zero_reg__
 148 003e 81E0      		ldi r24,lo8(1)
 149               	/* epilogue start */
 150 0040 DF91      		pop r29
 151 0042 CF91      		pop r28
 152 0044 0895      		ret
 154               		.section	.text._ZN6Timer114setClockSourceENS_11ClockSourceE,"ax",@progbits
 155               	.global	_ZN6Timer114setClockSourceENS_11ClockSourceE
 157               	_ZN6Timer114setClockSourceENS_11ClockSourceE:
 158               	/* prologue: function */
 159               	/* frame size = 0 */
 160               	/* stack size = 0 */
 161               	.L__stack_usage = 0
 162 0000 FC01      		movw r30,r24
 163 0002 A1E8      		ldi r26,lo8(-127)
 164 0004 B0E0      		ldi r27,0
 165 0006 9C91      		ld r25,X
 166 0008 987F      		andi r25,lo8(-8)
 167 000a 962B      		or r25,r22
 168 000c 9C93      		st X,r25
 169 000e 6183      		std Z+1,r22
 170 0010 1482      		std Z+4,__zero_reg__
 171 0012 1382      		std Z+3,__zero_reg__
 172 0014 81E0      		ldi r24,lo8(1)
 173               	/* epilogue start */
 174 0016 0895      		ret
 176               		.section	.text._ZN6Timer113setOutputModeENS_10OutputModeES0_,"ax",@progbits
 177               	.global	_ZN6Timer113setOutputModeENS_10OutputModeES0_
 179               	_ZN6Timer113setOutputModeENS_10OutputModeES0_:
 180               	/* prologue: function */
 181               	/* frame size = 0 */
 182               	/* stack size = 0 */
 183               	.L__stack_usage = 0
 184 0000 E0E8      		ldi r30,lo8(-128)
GAS LISTING C:\Users\Docker\AppData\Local\Temp\ccyze4ub.s 			page 4


 185 0002 F0E0      		ldi r31,0
 186 0004 2081      		ld r18,Z
 187 0006 2F73      		andi r18,lo8(63)
 188 0008 30E4      		ldi r19,lo8(64)
 189 000a 639F      		mul r22,r19
 190 000c B001      		movw r22,r0
 191 000e 1124      		clr __zero_reg__
 192 0010 622B      		or r22,r18
 193 0012 6F7C      		andi r22,lo8(-49)
 194 0014 20E1      		ldi r18,lo8(16)
 195 0016 429F      		mul r20,r18
 196 0018 A001      		movw r20,r0
 197 001a 1124      		clr __zero_reg__
 198 001c 462B      		or r20,r22
 199 001e 4083      		st Z,r20
 200 0020 FC01      		movw r30,r24
 201 0022 1482      		std Z+4,__zero_reg__
 202 0024 1382      		std Z+3,__zero_reg__
 203 0026 81E0      		ldi r24,lo8(1)
 204               	/* epilogue start */
 205 0028 0895      		ret
 207               		.section	.text._ZN6Timer119setInputCaptureModeE4Edgeb,"ax",@progbits
 208               	.global	_ZN6Timer119setInputCaptureModeE4Edgeb
 210               	_ZN6Timer119setInputCaptureModeE4Edgeb:
 211               	/* prologue: function */
 212               	/* frame size = 0 */
 213               	/* stack size = 0 */
 214               	.L__stack_usage = 0
 215 0000 FC01      		movw r30,r24
 216 0002 9091 8100 		lds r25,129
 217 0006 4423      		tst r20
 218 0008 01F0      		breq .L9
 219 000a 9068      		ori r25,lo8(-128)
 220               	.L10:
 221 000c 6130      		cpi r22,lo8(1)
 222 000e 01F4      		brne .L11
 223 0010 9064      		ori r25,lo8(64)
 224               	.L12:
 225 0012 9093 8100 		sts 129,r25
 226 0016 1482      		std Z+4,__zero_reg__
 227 0018 1382      		std Z+3,__zero_reg__
 228 001a 81E0      		ldi r24,lo8(1)
 229               	/* epilogue start */
 230 001c 0895      		ret
 231               	.L9:
 232 001e 9F77      		andi r25,lo8(127)
 233 0020 00C0      		rjmp .L10
 234               	.L11:
 235 0022 9F7B      		andi r25,lo8(-65)
 236 0024 00C0      		rjmp .L12
 238               		.section	.text._ZN6Timer112getLastErrorEv,"ax",@progbits
 239               	.global	_ZN6Timer112getLastErrorEv
 241               	_ZN6Timer112getLastErrorEv:
 242               	/* prologue: function */
 243               	/* frame size = 0 */
 244               	/* stack size = 0 */
 245               	.L__stack_usage = 0
GAS LISTING C:\Users\Docker\AppData\Local\Temp\ccyze4ub.s 			page 5


 246 0000 FC01      		movw r30,r24
 247 0002 8381      		ldd r24,Z+3
 248 0004 9481      		ldd r25,Z+4
 249               	/* epilogue start */
 250 0006 0895      		ret
 252               		.section	.text._Z22timer1CompareACallbackv,"ax",@progbits
 253               		.weak	_Z22timer1CompareACallbackv
 255               	_Z22timer1CompareACallbackv:
 256               	/* prologue: function */
 257               	/* frame size = 0 */
 258               	/* stack size = 0 */
 259               	.L__stack_usage = 0
 260               	/* epilogue start */
 261 0000 0895      		ret
 263               		.section	.text._Z22timer1CompareBCallbackv,"ax",@progbits
 264               		.weak	_Z22timer1CompareBCallbackv
 266               	_Z22timer1CompareBCallbackv:
 267               	/* prologue: function */
 268               	/* frame size = 0 */
 269               	/* stack size = 0 */
 270               	.L__stack_usage = 0
 271               	/* epilogue start */
 272 0000 0895      		ret
 274               		.section	.text._Z26timer1InputCaptureCallbackv,"ax",@progbits
 275               		.weak	_Z26timer1InputCaptureCallbackv
 277               	_Z26timer1InputCaptureCallbackv:
 278               	/* prologue: function */
 279               	/* frame size = 0 */
 280               	/* stack size = 0 */
 281               	.L__stack_usage = 0
 282               	/* epilogue start */
 283 0000 0895      		ret
 285               		.section	.text._Z22timer1OverflowCallbackv,"ax",@progbits
 286               		.weak	_Z22timer1OverflowCallbackv
 288               	_Z22timer1OverflowCallbackv:
 289               	/* prologue: function */
 290               	/* frame size = 0 */
 291               	/* stack size = 0 */
 292               	.L__stack_usage = 0
 293               	/* epilogue start */
 294 0000 0895      		ret
 296               		.section	.text.__vector_11,"ax",@progbits
 297               	.global	__vector_11
 299               	__vector_11:
 300 0000 1F92      		push r1
 301 0002 0F92      		push r0
 302 0004 0FB6      		in r0,__SREG__
 303 0006 0F92      		push r0
 304 0008 1124      		clr __zero_reg__
 305 000a 2F93      		push r18
 306 000c 3F93      		push r19
 307 000e 4F93      		push r20
 308 0010 5F93      		push r21
 309 0012 6F93      		push r22
 310 0014 7F93      		push r23
 311 0016 8F93      		push r24
 312 0018 9F93      		push r25
GAS LISTING C:\Users\Docker\AppData\Local\Temp\ccyze4ub.s 			page 6


 313 001a AF93      		push r26
 314 001c BF93      		push r27
 315 001e EF93      		push r30
 316 0020 FF93      		push r31
 317               	/* prologue: Signal */
 318               	/* frame size = 0 */
 319               	/* stack size = 15 */
 320               	.L__stack_usage = 15
 321 0022 0E94 0000 		call _Z22timer1CompareACallbackv
 322               	/* epilogue start */
 323 0026 FF91      		pop r31
 324 0028 EF91      		pop r30
 325 002a BF91      		pop r27
 326 002c AF91      		pop r26
 327 002e 9F91      		pop r25
 328 0030 8F91      		pop r24
 329 0032 7F91      		pop r23
 330 0034 6F91      		pop r22
 331 0036 5F91      		pop r21
 332 0038 4F91      		pop r20
 333 003a 3F91      		pop r19
 334 003c 2F91      		pop r18
 335 003e 0F90      		pop r0
 336 0040 0FBE      		out __SREG__,r0
 337 0042 0F90      		pop r0
 338 0044 1F90      		pop r1
 339 0046 1895      		reti
 341               		.section	.text.__vector_12,"ax",@progbits
 342               	.global	__vector_12
 344               	__vector_12:
 345 0000 1F92      		push r1
 346 0002 0F92      		push r0
 347 0004 0FB6      		in r0,__SREG__
 348 0006 0F92      		push r0
 349 0008 1124      		clr __zero_reg__
 350 000a 2F93      		push r18
 351 000c 3F93      		push r19
 352 000e 4F93      		push r20
 353 0010 5F93      		push r21
 354 0012 6F93      		push r22
 355 0014 7F93      		push r23
 356 0016 8F93      		push r24
 357 0018 9F93      		push r25
 358 001a AF93      		push r26
 359 001c BF93      		push r27
 360 001e EF93      		push r30
 361 0020 FF93      		push r31
 362               	/* prologue: Signal */
 363               	/* frame size = 0 */
 364               	/* stack size = 15 */
 365               	.L__stack_usage = 15
 366 0022 0E94 0000 		call _Z22timer1CompareBCallbackv
 367               	/* epilogue start */
 368 0026 FF91      		pop r31
 369 0028 EF91      		pop r30
 370 002a BF91      		pop r27
 371 002c AF91      		pop r26
GAS LISTING C:\Users\Docker\AppData\Local\Temp\ccyze4ub.s 			page 7


 372 002e 9F91      		pop r25
 373 0030 8F91      		pop r24
 374 0032 7F91      		pop r23
 375 0034 6F91      		pop r22
 376 0036 5F91      		pop r21
 377 0038 4F91      		pop r20
 378 003a 3F91      		pop r19
 379 003c 2F91      		pop r18
 380 003e 0F90      		pop r0
 381 0040 0FBE      		out __SREG__,r0
 382 0042 0F90      		pop r0
 383 0044 1F90      		pop r1
 384 0046 1895      		reti
 386               		.section	.text.__vector_10,"ax",@progbits
 387               	.global	__vector_10
 389               	__vector_10:
 390 0000 1F92      		push r1
 391 0002 0F92      		push r0
 392 0004 0FB6      		in r0,__SREG__
 393 0006 0F92      		push r0
 394 0008 1124      		clr __zero_reg__
 395 000a 2F93      		push r18
 396 000c 3F93      		push r19
 397 000e 4F93      		push r20
 398 0010 5F93      		push r21
 399 0012 6F93      		push r22
 400 0014 7F93      		push r23
 401 0016 8F93      		push r24
 402 0018 9F93      		push r25
 403 001a AF93      		push r26
 404 001c BF93      		push r27
 405 001e EF93      		push r30
 406 0020 FF93      		push r31
 407               	/* prologue: Signal */
 408               	/* frame size = 0 */
 409               	/* stack size = 15 */
 410               	.L__stack_usage = 15
 411 0022 0E94 0000 		call _Z26timer1InputCaptureCallbackv
 412               	/* epilogue start */
 413 0026 FF91      		pop r31
 414 0028 EF91      		pop r30
 415 002a BF91      		pop r27
 416 002c AF91      		pop r26
 417 002e 9F91      		pop r25
 418 0030 8F91      		pop r24
 419 0032 7F91      		pop r23
 420 0034 6F91      		pop r22
 421 0036 5F91      		pop r21
 422 0038 4F91      		pop r20
 423 003a 3F91      		pop r19
 424 003c 2F91      		pop r18
 425 003e 0F90      		pop r0
 426 0040 0FBE      		out __SREG__,r0
 427 0042 0F90      		pop r0
 428 0044 1F90      		pop r1
 429 0046 1895      		reti
 431               		.section	.text.__vector_13,"ax",@progbits
GAS LISTING C:\Users\Docker\AppData\Local\Temp\ccyze4ub.s 			page 8


 432               	.global	__vector_13
 434               	__vector_13:
 435 0000 1F92      		push r1
 436 0002 0F92      		push r0
 437 0004 0FB6      		in r0,__SREG__
 438 0006 0F92      		push r0
 439 0008 1124      		clr __zero_reg__
 440 000a 2F93      		push r18
 441 000c 3F93      		push r19
 442 000e 4F93      		push r20
 443 0010 5F93      		push r21
 444 0012 6F93      		push r22
 445 0014 7F93      		push r23
 446 0016 8F93      		push r24
 447 0018 9F93      		push r25
 448 001a AF93      		push r26
 449 001c BF93      		push r27
 450 001e EF93      		push r30
 451 0020 FF93      		push r31
 452               	/* prologue: Signal */
 453               	/* frame size = 0 */
 454               	/* stack size = 15 */
 455               	.L__stack_usage = 15
 456 0022 0E94 0000 		call _Z22timer1OverflowCallbackv
 457               	/* epilogue start */
 458 0026 FF91      		pop r31
 459 0028 EF91      		pop r30
 460 002a BF91      		pop r27
 461 002c AF91      		pop r26
 462 002e 9F91      		pop r25
 463 0030 8F91      		pop r24
 464 0032 7F91      		pop r23
 465 0034 6F91      		pop r22
 466 0036 5F91      		pop r21
 467 0038 4F91      		pop r20
 468 003a 3F91      		pop r19
 469 003c 2F91      		pop r18
 470 003e 0F90      		pop r0
 471 0040 0FBE      		out __SREG__,r0
 472 0042 0F90      		pop r0
 473 0044 1F90      		pop r1
 474 0046 1895      		reti
 476               		.section	.text.startup._GLOBAL__sub_I_timer1,"ax",@progbits
 478               	_GLOBAL__sub_I_timer1:
 479               	/* prologue: function */
 480               	/* frame size = 0 */
 481               	/* stack size = 0 */
 482               	.L__stack_usage = 0
 483 0000 E0E0      		ldi r30,lo8(timer1)
 484 0002 F0E0      		ldi r31,hi8(timer1)
 485 0004 1182      		std Z+1,__zero_reg__
 486 0006 1282      		std Z+2,__zero_reg__
 487 0008 8081      		ld r24,Z
 488 000a 8E7F      		andi r24,lo8(~(1<<0))
 489 000c 8083      		st Z,r24
 490 000e 1482      		std Z+4,__zero_reg__
 491 0010 1382      		std Z+3,__zero_reg__
GAS LISTING C:\Users\Docker\AppData\Local\Temp\ccyze4ub.s 			page 9


 492               	/* epilogue start */
 493 0012 0895      		ret
 495               		.global __do_global_ctors
 496               		.section .ctors,"a",@progbits
 497               		.p2align	1
 498 0000 0000      		.word	gs(_GLOBAL__sub_I_timer1)
 499               	.global	timer1
 500               		.section	.bss.timer1,"aw",@nobits
 503               	timer1:
 504 0000 0000 0000 		.zero	5
 504      00
 505               		.ident	"GCC: (AVR_8_bit_GNU_Toolchain_3.7.0_1796) 7.3.0"
 506               	.global __do_clear_bss
GAS LISTING C:\Users\Docker\AppData\Local\Temp\ccyze4ub.s 			page 10


DEFINED SYMBOLS
                            *ABS*:0000000000000000 funsapeLibTimer1.cpp
C:\Users\Docker\AppData\Local\Temp\ccyze4ub.s:2      *ABS*:000000000000003e __SP_H__
C:\Users\Docker\AppData\Local\Temp\ccyze4ub.s:3      *ABS*:000000000000003d __SP_L__
C:\Users\Docker\AppData\Local\Temp\ccyze4ub.s:4      *ABS*:000000000000003f __SREG__
C:\Users\Docker\AppData\Local\Temp\ccyze4ub.s:5      *ABS*:0000000000000000 __tmp_reg__
C:\Users\Docker\AppData\Local\Temp\ccyze4ub.s:6      *ABS*:0000000000000001 __zero_reg__
C:\Users\Docker\AppData\Local\Temp\ccyze4ub.s:11     .text._Z7getTickv:0000000000000000 _Z7getTickv
C:\Users\Docker\AppData\Local\Temp\ccyze4ub.s:25     .text._ZN6Timer1C2Ev:0000000000000000 _ZN6Timer1C2Ev
C:\Users\Docker\AppData\Local\Temp\ccyze4ub.s:25     .text._ZN6Timer1C2Ev:0000000000000000 _ZN6Timer1C1Ev
C:\Users\Docker\AppData\Local\Temp\ccyze4ub.s:46     .text._ZN6Timer1D2Ev:0000000000000000 _ZN6Timer1D2Ev
C:\Users\Docker\AppData\Local\Temp\ccyze4ub.s:46     .text._ZN6Timer1D2Ev:0000000000000000 _ZN6Timer1D1Ev
C:\Users\Docker\AppData\Local\Temp\ccyze4ub.s:59     .text._ZN6Timer14initENS_4ModeENS_11ClockSourceE:0000000000000000 _ZN6Timer14initENS_4ModeENS_11ClockSourceE
C:\Users\Docker\AppData\Local\Temp\ccyze4ub.s:111    .text._ZN6Timer17setModeENS_4ModeE:0000000000000000 _ZN6Timer17setModeENS_4ModeE
C:\Users\Docker\AppData\Local\Temp\ccyze4ub.s:157    .text._ZN6Timer114setClockSourceENS_11ClockSourceE:0000000000000000 _ZN6Timer114setClockSourceENS_11ClockSourceE
C:\Users\Docker\AppData\Local\Temp\ccyze4ub.s:179    .text._ZN6Timer113setOutputModeENS_10OutputModeES0_:0000000000000000 _ZN6Timer113setOutputModeENS_10OutputModeES0_
C:\Users\Docker\AppData\Local\Temp\ccyze4ub.s:210    .text._ZN6Timer119setInputCaptureModeE4Edgeb:0000000000000000 _ZN6Timer119setInputCaptureModeE4Edgeb
C:\Users\Docker\AppData\Local\Temp\ccyze4ub.s:241    .text._ZN6Timer112getLastErrorEv:0000000000000000 _ZN6Timer112getLastErrorEv
C:\Users\Docker\AppData\Local\Temp\ccyze4ub.s:255    .text._Z22timer1CompareACallbackv:0000000000000000 _Z22timer1CompareACallbackv
C:\Users\Docker\AppData\Local\Temp\ccyze4ub.s:266    .text._Z22timer1CompareBCallbackv:0000000000000000 _Z22timer1CompareBCallbackv
C:\Users\Docker\AppData\Local\Temp\ccyze4ub.s:277    .text._Z26timer1InputCaptureCallbackv:0000000000000000 _Z26timer1InputCaptureCallbackv
C:\Users\Docker\AppData\Local\Temp\ccyze4ub.s:288    .text._Z22timer1OverflowCallbackv:0000000000000000 _Z22timer1OverflowCallbackv
C:\Users\Docker\AppData\Local\Temp\ccyze4ub.s:299    .text.__vector_11:0000000000000000 __vector_11
C:\Users\Docker\AppData\Local\Temp\ccyze4ub.s:344    .text.__vector_12:0000000000000000 __vector_12
C:\Users\Docker\AppData\Local\Temp\ccyze4ub.s:389    .text.__vector_10:0000000000000000 __vector_10
C:\Users\Docker\AppData\Local\Temp\ccyze4ub.s:434    .text.__vector_13:0000000000000000 __vector_13
C:\Users\Docker\AppData\Local\Temp\ccyze4ub.s:478    .text.startup._GLOBAL__sub_I_timer1:0000000000000000 _GLOBAL__sub_I_timer1
C:\Users\Docker\AppData\Local\Temp\ccyze4ub.s:503    .bss.timer1:0000000000000000 timer1

UNDEFINED SYMBOLS
__do_global_ctors
__do_clear_bss
