GAS LISTING C:\Users\Docker\AppData\Local\Temp\cc9Wf37d.s 			page 1


   1               		.file	"funsapeLibInt0.cpp"
   2               	__SP_H__ = 0x3e
   3               	__SP_L__ = 0x3d
   4               	__SREG__ = 0x3f
   5               	__tmp_reg__ = 0
   6               	__zero_reg__ = 1
   7               		.text
   8               		.section	.text._Z7getTickv,"ax",@progbits
   9               		.weak	_Z7getTickv
  11               	_Z7getTickv:
  12               	/* prologue: function */
  13               	/* frame size = 0 */
  14               	/* stack size = 0 */
  15               	.L__stack_usage = 0
  16 0000 60E0      		ldi r22,0
  17 0002 70E0      		ldi r23,0
  18 0004 CB01      		movw r24,r22
  19               	/* epilogue start */
  20 0006 0895      		ret
  22               		.section	.text._ZN4Int0C2Ev,"ax",@progbits
  23               	.global	_ZN4Int0C2Ev
  25               	_ZN4Int0C2Ev:
  26               	/* prologue: function */
  27               	/* frame size = 0 */
  28               	/* stack size = 0 */
  29               	.L__stack_usage = 0
  30 0000 FC01      		movw r30,r24
  31 0002 1182      		std Z+1,__zero_reg__
  32 0004 8081      		ld r24,Z
  33 0006 8E7F      		andi r24,lo8(~(1<<0))
  34 0008 8083      		st Z,r24
  35 000a 1382      		std Z+3,__zero_reg__
  36 000c 1282      		std Z+2,__zero_reg__
  37               	/* epilogue start */
  38 000e 0895      		ret
  40               	.global	_ZN4Int0C1Ev
  41               		.set	_ZN4Int0C1Ev,_ZN4Int0C2Ev
  42               		.section	.text._ZN4Int0D2Ev,"ax",@progbits
  43               	.global	_ZN4Int0D2Ev
  45               	_ZN4Int0D2Ev:
  46               	/* prologue: function */
  47               	/* frame size = 0 */
  48               	/* stack size = 0 */
  49               	.L__stack_usage = 0
  50               	/* epilogue start */
  51 0000 0895      		ret
  53               	.global	_ZN4Int0D1Ev
  54               		.set	_ZN4Int0D1Ev,_ZN4Int0D2Ev
  55               		.section	.text._ZN4Int04initENS_9SenseModeE,"ax",@progbits
  56               	.global	_ZN4Int04initENS_9SenseModeE
  58               	_ZN4Int04initENS_9SenseModeE:
  59               	/* prologue: function */
  60               	/* frame size = 0 */
  61               	/* stack size = 0 */
  62               	.L__stack_usage = 0
  63 0000 FC01      		movw r30,r24
  64 0002 A9E6      		ldi r26,lo8(105)
GAS LISTING C:\Users\Docker\AppData\Local\Temp\cc9Wf37d.s 			page 2


  65 0004 B0E0      		ldi r27,0
  66 0006 9C91      		ld r25,X
  67 0008 9C7F      		andi r25,lo8(-4)
  68 000a 962B      		or r25,r22
  69 000c 9C93      		st X,r25
  70 000e 6183      		std Z+1,r22
  71 0010 8081      		ld r24,Z
  72 0012 8160      		ori r24,lo8(1<<0)
  73 0014 8083      		st Z,r24
  74 0016 1382      		std Z+3,__zero_reg__
  75 0018 1282      		std Z+2,__zero_reg__
  76 001a 81E0      		ldi r24,lo8(1)
  77               	/* epilogue start */
  78 001c 0895      		ret
  80               		.section	.text._ZN4Int012setSenseModeENS_9SenseModeE,"ax",@progbits
  81               	.global	_ZN4Int012setSenseModeENS_9SenseModeE
  83               	_ZN4Int012setSenseModeENS_9SenseModeE:
  84               	/* prologue: function */
  85               	/* frame size = 0 */
  86               	/* stack size = 0 */
  87               	.L__stack_usage = 0
  88 0000 FC01      		movw r30,r24
  89 0002 A9E6      		ldi r26,lo8(105)
  90 0004 B0E0      		ldi r27,0
  91 0006 9C91      		ld r25,X
  92 0008 9C7F      		andi r25,lo8(-4)
  93 000a 962B      		or r25,r22
  94 000c 9C93      		st X,r25
  95 000e 6183      		std Z+1,r22
  96 0010 1382      		std Z+3,__zero_reg__
  97 0012 1282      		std Z+2,__zero_reg__
  98 0014 81E0      		ldi r24,lo8(1)
  99               	/* epilogue start */
 100 0016 0895      		ret
 102               		.section	.text._ZN4Int012getLastErrorEv,"ax",@progbits
 103               	.global	_ZN4Int012getLastErrorEv
 105               	_ZN4Int012getLastErrorEv:
 106               	/* prologue: function */
 107               	/* frame size = 0 */
 108               	/* stack size = 0 */
 109               	.L__stack_usage = 0
 110 0000 FC01      		movw r30,r24
 111 0002 8281      		ldd r24,Z+2
 112 0004 9381      		ldd r25,Z+3
 113               	/* epilogue start */
 114 0006 0895      		ret
 116               		.section	.text._Z21int0InterruptCallbackv,"ax",@progbits
 117               		.weak	_Z21int0InterruptCallbackv
 119               	_Z21int0InterruptCallbackv:
 120               	/* prologue: function */
 121               	/* frame size = 0 */
 122               	/* stack size = 0 */
 123               	.L__stack_usage = 0
 124               	/* epilogue start */
 125 0000 0895      		ret
 127               		.section	.text.__vector_1,"ax",@progbits
 128               	.global	__vector_1
GAS LISTING C:\Users\Docker\AppData\Local\Temp\cc9Wf37d.s 			page 3


 130               	__vector_1:
 131 0000 1F92      		push r1
 132 0002 0F92      		push r0
 133 0004 0FB6      		in r0,__SREG__
 134 0006 0F92      		push r0
 135 0008 1124      		clr __zero_reg__
 136 000a 2F93      		push r18
 137 000c 3F93      		push r19
 138 000e 4F93      		push r20
 139 0010 5F93      		push r21
 140 0012 6F93      		push r22
 141 0014 7F93      		push r23
 142 0016 8F93      		push r24
 143 0018 9F93      		push r25
 144 001a AF93      		push r26
 145 001c BF93      		push r27
 146 001e EF93      		push r30
 147 0020 FF93      		push r31
 148               	/* prologue: Signal */
 149               	/* frame size = 0 */
 150               	/* stack size = 15 */
 151               	.L__stack_usage = 15
 152 0022 0E94 0000 		call _Z21int0InterruptCallbackv
 153               	/* epilogue start */
 154 0026 FF91      		pop r31
 155 0028 EF91      		pop r30
 156 002a BF91      		pop r27
 157 002c AF91      		pop r26
 158 002e 9F91      		pop r25
 159 0030 8F91      		pop r24
 160 0032 7F91      		pop r23
 161 0034 6F91      		pop r22
 162 0036 5F91      		pop r21
 163 0038 4F91      		pop r20
 164 003a 3F91      		pop r19
 165 003c 2F91      		pop r18
 166 003e 0F90      		pop r0
 167 0040 0FBE      		out __SREG__,r0
 168 0042 0F90      		pop r0
 169 0044 1F90      		pop r1
 170 0046 1895      		reti
 172               		.section	.text.startup._GLOBAL__sub_I_int0,"ax",@progbits
 174               	_GLOBAL__sub_I_int0:
 175               	/* prologue: function */
 176               	/* frame size = 0 */
 177               	/* stack size = 0 */
 178               	.L__stack_usage = 0
 179 0000 E0E0      		ldi r30,lo8(int0)
 180 0002 F0E0      		ldi r31,hi8(int0)
 181 0004 1182      		std Z+1,__zero_reg__
 182 0006 8081      		ld r24,Z
 183 0008 8E7F      		andi r24,lo8(~(1<<0))
 184 000a 8083      		st Z,r24
 185 000c 1382      		std Z+3,__zero_reg__
 186 000e 1282      		std Z+2,__zero_reg__
 187               	/* epilogue start */
 188 0010 0895      		ret
GAS LISTING C:\Users\Docker\AppData\Local\Temp\cc9Wf37d.s 			page 4


 190               		.global __do_global_ctors
 191               		.section .ctors,"a",@progbits
 192               		.p2align	1
 193 0000 0000      		.word	gs(_GLOBAL__sub_I_int0)
 194               	.global	int0
 195               		.section	.bss.int0,"aw",@nobits
 198               	int0:
 199 0000 0000 0000 		.zero	4
 200               		.ident	"GCC: (AVR_8_bit_GNU_Toolchain_3.7.0_1796) 7.3.0"
 201               	.global __do_clear_bss
GAS LISTING C:\Users\Docker\AppData\Local\Temp\cc9Wf37d.s 			page 5


DEFINED SYMBOLS
                            *ABS*:0000000000000000 funsapeLibInt0.cpp
C:\Users\Docker\AppData\Local\Temp\cc9Wf37d.s:2      *ABS*:000000000000003e __SP_H__
C:\Users\Docker\AppData\Local\Temp\cc9Wf37d.s:3      *ABS*:000000000000003d __SP_L__
C:\Users\Docker\AppData\Local\Temp\cc9Wf37d.s:4      *ABS*:000000000000003f __SREG__
C:\Users\Docker\AppData\Local\Temp\cc9Wf37d.s:5      *ABS*:0000000000000000 __tmp_reg__
C:\Users\Docker\AppData\Local\Temp\cc9Wf37d.s:6      *ABS*:0000000000000001 __zero_reg__
C:\Users\Docker\AppData\Local\Temp\cc9Wf37d.s:11     .text._Z7getTickv:0000000000000000 _Z7getTickv
C:\Users\Docker\AppData\Local\Temp\cc9Wf37d.s:25     .text._ZN4Int0C2Ev:0000000000000000 _ZN4Int0C2Ev
C:\Users\Docker\AppData\Local\Temp\cc9Wf37d.s:25     .text._ZN4Int0C2Ev:0000000000000000 _ZN4Int0C1Ev
C:\Users\Docker\AppData\Local\Temp\cc9Wf37d.s:45     .text._ZN4Int0D2Ev:0000000000000000 _ZN4Int0D2Ev
C:\Users\Docker\AppData\Local\Temp\cc9Wf37d.s:45     .text._ZN4Int0D2Ev:0000000000000000 _ZN4Int0D1Ev
C:\Users\Docker\AppData\Local\Temp\cc9Wf37d.s:58     .text._ZN4Int04initENS_9SenseModeE:0000000000000000 _ZN4Int04initENS_9SenseModeE
C:\Users\Docker\AppData\Local\Temp\cc9Wf37d.s:83     .text._ZN4Int012setSenseModeENS_9SenseModeE:0000000000000000 _ZN4Int012setSenseModeENS_9SenseModeE
C:\Users\Docker\AppData\Local\Temp\cc9Wf37d.s:105    .text._ZN4Int012getLastErrorEv:0000000000000000 _ZN4Int012getLastErrorEv
C:\Users\Docker\AppData\Local\Temp\cc9Wf37d.s:119    .text._Z21int0InterruptCallbackv:0000000000000000 _Z21int0InterruptCallbackv
C:\Users\Docker\AppData\Local\Temp\cc9Wf37d.s:130    .text.__vector_1:0000000000000000 __vector_1
C:\Users\Docker\AppData\Local\Temp\cc9Wf37d.s:174    .text.startup._GLOBAL__sub_I_int0:0000000000000000 _GLOBAL__sub_I_int0
C:\Users\Docker\AppData\Local\Temp\cc9Wf37d.s:198    .bss.int0:0000000000000000 int0

UNDEFINED SYMBOLS
__do_global_ctors
__do_clear_bss
