GAS LISTING C:\Users\Docker\AppData\Local\Temp\ccgqmiIT.s 			page 1


   1               		.file	"funsapeLibDateTime.cpp"
   2               	__SP_H__ = 0x3e
   3               	__SP_L__ = 0x3d
   4               	__SREG__ = 0x3f
   5               	__tmp_reg__ = 0
   6               	__zero_reg__ = 1
   7               		.text
   8               		.section	.text._Z7getTickv,"ax",@progbits
   9               		.weak	_Z7getTickv
  11               	_Z7getTickv:
  12               	/* prologue: function */
  13               	/* frame size = 0 */
  14               	/* stack size = 0 */
  15               	.L__stack_usage = 0
  16 0000 60E0      		ldi r22,0
  17 0002 70E0      		ldi r23,0
  18 0004 CB01      		movw r24,r22
  19               	/* epilogue start */
  20 0006 0895      		ret
  22               		.section	.text._ZN8DateTimeD2Ev,"ax",@progbits
  23               	.global	_ZN8DateTimeD2Ev
  25               	_ZN8DateTimeD2Ev:
  26               	/* prologue: function */
  27               	/* frame size = 0 */
  28               	/* stack size = 0 */
  29               	.L__stack_usage = 0
  30               	/* epilogue start */
  31 0000 0895      		ret
  33               	.global	_ZN8DateTimeD1Ev
  34               		.set	_ZN8DateTimeD1Ev,_ZN8DateTimeD2Ev
  35               		.section	.text._ZN8DateTime12getLastErrorEv,"ax",@progbits
  36               	.global	_ZN8DateTime12getLastErrorEv
  38               	_ZN8DateTime12getLastErrorEv:
  39               	/* prologue: function */
  40               	/* frame size = 0 */
  41               	/* stack size = 0 */
  42               	.L__stack_usage = 0
  43 0000 FC01      		movw r30,r24
  44 0002 8181      		ldd r24,Z+1
  45 0004 9281      		ldd r25,Z+2
  46               	/* epilogue start */
  47 0006 0895      		ret
  49               		.section	.text._ZN8DateTime9isDateSetEv,"ax",@progbits
  50               	.global	_ZN8DateTime9isDateSetEv
  52               	_ZN8DateTime9isDateSetEv:
  53               	/* prologue: function */
  54               	/* frame size = 0 */
  55               	/* stack size = 0 */
  56               	.L__stack_usage = 0
  57 0000 FC01      		movw r30,r24
  58 0002 1282      		std Z+2,__zero_reg__
  59 0004 1182      		std Z+1,__zero_reg__
  60 0006 8081      		ld r24,Z
  61 0008 8170      		andi r24,lo8(1)
  62               	/* epilogue start */
  63 000a 0895      		ret
  65               		.section	.text._ZN8DateTime9isTimeSetEv,"ax",@progbits
GAS LISTING C:\Users\Docker\AppData\Local\Temp\ccgqmiIT.s 			page 2


  66               	.global	_ZN8DateTime9isTimeSetEv
  68               	_ZN8DateTime9isTimeSetEv:
  69               	/* prologue: function */
  70               	/* frame size = 0 */
  71               	/* stack size = 0 */
  72               	.L__stack_usage = 0
  73 0000 FC01      		movw r30,r24
  74 0002 1282      		std Z+2,__zero_reg__
  75 0004 1182      		std Z+1,__zero_reg__
  76 0006 8081      		ld r24,Z
  77 0008 8695      		lsr r24
  78 000a 8170      		andi r24,1
  79               	/* epilogue start */
  80 000c 0895      		ret
  82               		.section	.text._ZN8DateTime7getDateEPjPNS_5MonthEPhPNS_7WeekDayE,"ax",@progbits
  83               	.global	_ZN8DateTime7getDateEPjPNS_5MonthEPhPNS_7WeekDayE
  85               	_ZN8DateTime7getDateEPjPNS_5MonthEPhPNS_7WeekDayE:
  86 0000 0F93      		push r16
  87 0002 1F93      		push r17
  88               	/* prologue: function */
  89               	/* frame size = 0 */
  90               	/* stack size = 2 */
  91               	.L__stack_usage = 2
  92 0004 FC01      		movw r30,r24
  93 0006 9081      		ld r25,Z
  94 0008 892F      		mov r24,r25
  95 000a 8170      		andi r24,1
  96 000c 90FD      		sbrc r25,0
  97 000e 00C0      		rjmp .L7
  98 0010 20E5      		ldi r18,lo8(80)
  99 0012 30E0      		ldi r19,0
 100 0014 3283      		std Z+2,r19
 101 0016 2183      		std Z+1,r18
 102               	.L6:
 103               	/* epilogue start */
 104 0018 1F91      		pop r17
 105 001a 0F91      		pop r16
 106 001c 0895      		ret
 107               	.L7:
 108 001e 6115      		cp r22,__zero_reg__
 109 0020 7105      		cpc r23,__zero_reg__
 110 0022 01F0      		breq .L9
 111 0024 4115      		cp r20,__zero_reg__
 112 0026 5105      		cpc r21,__zero_reg__
 113 0028 01F0      		breq .L9
 114 002a 2115      		cp r18,__zero_reg__
 115 002c 3105      		cpc r19,__zero_reg__
 116 002e 01F4      		brne .L10
 117               	.L9:
 118 0030 81E1      		ldi r24,lo8(17)
 119 0032 90E0      		ldi r25,0
 120 0034 9283      		std Z+2,r25
 121 0036 8183      		std Z+1,r24
 122 0038 80E0      		ldi r24,0
 123 003a 00C0      		rjmp .L6
 124               	.L10:
 125 003c 9381      		ldd r25,Z+3
GAS LISTING C:\Users\Docker\AppData\Local\Temp\ccgqmiIT.s 			page 3


 126 003e 9F71      		andi r25,lo8(31)
 127 0040 D901      		movw r26,r18
 128 0042 9C93      		st X,r25
 129 0044 9481      		ldd r25,Z+4
 130 0046 DA01      		movw r26,r20
 131 0048 9C93      		st X,r25
 132 004a 2581      		ldd r18,Z+5
 133 004c 9681      		ldd r25,Z+6
 134 004e 9F73      		andi r25,lo8(63)
 135 0050 DB01      		movw r26,r22
 136 0052 2C93      		st X,r18
 137 0054 1196      		adiw r26,1
 138 0056 9C93      		st X,r25
 139 0058 0115      		cp r16,__zero_reg__
 140 005a 1105      		cpc r17,__zero_reg__
 141 005c 01F0      		breq .L11
 142 005e 9781      		ldd r25,Z+7
 143 0060 D801      		movw r26,r16
 144 0062 9C93      		st X,r25
 145               	.L11:
 146 0064 1282      		std Z+2,__zero_reg__
 147 0066 1182      		std Z+1,__zero_reg__
 148 0068 00C0      		rjmp .L6
 150               		.section	.text._ZN8DateTime10getWeekDayEPNS_7WeekDayE,"ax",@progbits
 151               	.global	_ZN8DateTime10getWeekDayEPNS_7WeekDayE
 153               	_ZN8DateTime10getWeekDayEPNS_7WeekDayE:
 154               	/* prologue: function */
 155               	/* frame size = 0 */
 156               	/* stack size = 0 */
 157               	.L__stack_usage = 0
 158 0000 FC01      		movw r30,r24
 159 0002 9081      		ld r25,Z
 160 0004 892F      		mov r24,r25
 161 0006 8170      		andi r24,1
 162 0008 90FD      		sbrc r25,0
 163 000a 00C0      		rjmp .L22
 164 000c 20E5      		ldi r18,lo8(80)
 165 000e 30E0      		ldi r19,0
 166 0010 3283      		std Z+2,r19
 167 0012 2183      		std Z+1,r18
 168 0014 0895      		ret
 169               	.L22:
 170 0016 6115      		cp r22,__zero_reg__
 171 0018 7105      		cpc r23,__zero_reg__
 172 001a 01F4      		brne .L24
 173 001c 81E1      		ldi r24,lo8(17)
 174 001e 90E0      		ldi r25,0
 175 0020 9283      		std Z+2,r25
 176 0022 8183      		std Z+1,r24
 177 0024 80E0      		ldi r24,0
 178 0026 0895      		ret
 179               	.L24:
 180 0028 9781      		ldd r25,Z+7
 181 002a DB01      		movw r26,r22
 182 002c 9C93      		st X,r25
 183 002e 1282      		std Z+2,__zero_reg__
 184 0030 1182      		std Z+1,__zero_reg__
GAS LISTING C:\Users\Docker\AppData\Local\Temp\ccgqmiIT.s 			page 4


 185               	/* epilogue start */
 186 0032 0895      		ret
 188               		.section	.text._ZN8DateTime10isLeapYearEv,"ax",@progbits
 189               	.global	_ZN8DateTime10isLeapYearEv
 191               	_ZN8DateTime10isLeapYearEv:
 192               	/* prologue: function */
 193               	/* frame size = 0 */
 194               	/* stack size = 0 */
 195               	.L__stack_usage = 0
 196 0000 FC01      		movw r30,r24
 197 0002 9081      		ld r25,Z
 198 0004 892F      		mov r24,r25
 199 0006 8170      		andi r24,1
 200 0008 90FD      		sbrc r25,0
 201 000a 00C0      		rjmp .L26
 202 000c 20E5      		ldi r18,lo8(80)
 203 000e 30E0      		ldi r19,0
 204 0010 3283      		std Z+2,r19
 205 0012 2183      		std Z+1,r18
 206 0014 0895      		ret
 207               	.L26:
 208 0016 1282      		std Z+2,__zero_reg__
 209 0018 1182      		std Z+1,__zero_reg__
 210 001a 8381      		ldd r24,Z+3
 211 001c 85FB      		bst r24,5
 212 001e 8827      		clr r24
 213 0020 80F9      		bld r24,0
 214               	/* epilogue start */
 215 0022 0895      		ret
 217               		.section	.text._ZN8DateTime13getTimeFormatEPNS_10TimeFormatE,"ax",@progbits
 218               	.global	_ZN8DateTime13getTimeFormatEPNS_10TimeFormatE
 220               	_ZN8DateTime13getTimeFormatEPNS_10TimeFormatE:
 221               	/* prologue: function */
 222               	/* frame size = 0 */
 223               	/* stack size = 0 */
 224               	.L__stack_usage = 0
 225 0000 FC01      		movw r30,r24
 226 0002 9081      		ld r25,Z
 227 0004 91FB      		bst r25,1
 228 0006 8827      		clr r24
 229 0008 80F9      		bld r24,0
 230 000a 91FD      		sbrc r25,1
 231 000c 00C0      		rjmp .L29
 232 000e 27E5      		ldi r18,lo8(87)
 233 0010 30E0      		ldi r19,0
 234 0012 3283      		std Z+2,r19
 235 0014 2183      		std Z+1,r18
 236 0016 0895      		ret
 237               	.L29:
 238 0018 6115      		cp r22,__zero_reg__
 239 001a 7105      		cpc r23,__zero_reg__
 240 001c 01F4      		brne .L31
 241 001e 81E1      		ldi r24,lo8(17)
 242 0020 90E0      		ldi r25,0
 243 0022 9283      		std Z+2,r25
 244 0024 8183      		std Z+1,r24
 245 0026 80E0      		ldi r24,0
GAS LISTING C:\Users\Docker\AppData\Local\Temp\ccgqmiIT.s 			page 5


 246 0028 0895      		ret
 247               	.L31:
 248 002a 9585      		ldd r25,Z+13
 249 002c DB01      		movw r26,r22
 250 002e 9C93      		st X,r25
 251 0030 1282      		std Z+2,__zero_reg__
 252 0032 1182      		std Z+1,__zero_reg__
 253               	/* epilogue start */
 254 0034 0895      		ret
 256               		.section	.text._ZN8DateTime11getTimeZoneEPNS_8TimeZoneE,"ax",@progbits
 257               	.global	_ZN8DateTime11getTimeZoneEPNS_8TimeZoneE
 259               	_ZN8DateTime11getTimeZoneEPNS_8TimeZoneE:
 260               	/* prologue: function */
 261               	/* frame size = 0 */
 262               	/* stack size = 0 */
 263               	.L__stack_usage = 0
 264 0000 FC01      		movw r30,r24
 265 0002 6115      		cp r22,__zero_reg__
 266 0004 7105      		cpc r23,__zero_reg__
 267 0006 01F4      		brne .L33
 268 0008 81E1      		ldi r24,lo8(17)
 269 000a 90E0      		ldi r25,0
 270 000c 9283      		std Z+2,r25
 271 000e 8183      		std Z+1,r24
 272 0010 80E0      		ldi r24,0
 273 0012 0895      		ret
 274               	.L33:
 275 0014 8685      		ldd r24,Z+14
 276 0016 DB01      		movw r26,r22
 277 0018 8C93      		st X,r24
 278 001a 1282      		std Z+2,__zero_reg__
 279 001c 1182      		std Z+1,__zero_reg__
 280 001e 81E0      		ldi r24,lo8(1)
 281               	/* epilogue start */
 282 0020 0895      		ret
 284               		.section	.text._ZN8DateTime11setTimeZoneENS_8TimeZoneE,"ax",@progbits
 285               	.global	_ZN8DateTime11setTimeZoneENS_8TimeZoneE
 287               	_ZN8DateTime11setTimeZoneENS_8TimeZoneE:
 288               	/* prologue: function */
 289               	/* frame size = 0 */
 290               	/* stack size = 0 */
 291               	.L__stack_usage = 0
 292 0000 FC01      		movw r30,r24
 293 0002 6687      		std Z+14,r22
 294 0004 1282      		std Z+2,__zero_reg__
 295 0006 1182      		std Z+1,__zero_reg__
 296 0008 81E0      		ldi r24,lo8(1)
 297               	/* epilogue start */
 298 000a 0895      		ret
 300               		.section	.text._ZN8DateTime10_clearDataEv,"ax",@progbits
 301               	.global	_ZN8DateTime10_clearDataEv
 303               	_ZN8DateTime10_clearDataEv:
 304               	/* prologue: function */
 305               	/* frame size = 0 */
 306               	/* stack size = 0 */
 307               	.L__stack_usage = 0
 308 0000 FC01      		movw r30,r24
GAS LISTING C:\Users\Docker\AppData\Local\Temp\ccgqmiIT.s 			page 6


 309 0002 8081      		ld r24,Z
 310 0004 8E7F      		andi r24,lo8(-2)
 311 0006 8D7F      		andi r24,lo8(~(1<<1))
 312 0008 8083      		st Z,r24
 313 000a 8381      		ldd r24,Z+3
 314 000c 807E      		andi r24,lo8(-32)
 315 000e 8F7D      		andi r24,lo8(~(1<<5))
 316 0010 8383      		std Z+3,r24
 317 0012 1482      		std Z+4,__zero_reg__
 318 0014 1582      		std Z+5,__zero_reg__
 319 0016 8681      		ldd r24,Z+6
 320 0018 807C      		andi r24,lo8(-64)
 321 001a 8683      		std Z+6,r24
 322 001c 1782      		std Z+7,__zero_reg__
 323 001e 1086      		std Z+8,__zero_reg__
 324 0020 1186      		std Z+9,__zero_reg__
 325 0022 1286      		std Z+10,__zero_reg__
 326 0024 1386      		std Z+11,__zero_reg__
 327 0026 8485      		ldd r24,Z+12
 328 0028 887F      		andi r24,lo8(-8)
 329 002a 8487      		std Z+12,r24
 330 002c 1586      		std Z+13,__zero_reg__
 331 002e 1686      		std Z+14,__zero_reg__
 332 0030 1282      		std Z+2,__zero_reg__
 333 0032 1182      		std Z+1,__zero_reg__
 334               	/* epilogue start */
 335 0034 0895      		ret
 337               		.section	.text._ZN8DateTimeC2Ev,"ax",@progbits
 338               	.global	_ZN8DateTimeC2Ev
 340               	_ZN8DateTimeC2Ev:
 341 0000 CF93      		push r28
 342 0002 DF93      		push r29
 343               	/* prologue: function */
 344               	/* frame size = 0 */
 345               	/* stack size = 2 */
 346               	.L__stack_usage = 2
 347 0004 EC01      		movw r28,r24
 348 0006 0E94 0000 		call _ZN8DateTime10_clearDataEv
 349 000a 1A82      		std Y+2,__zero_reg__
 350 000c 1982      		std Y+1,__zero_reg__
 351               	/* epilogue start */
 352 000e DF91      		pop r29
 353 0010 CF91      		pop r28
 354 0012 0895      		ret
 356               	.global	_ZN8DateTimeC1Ev
 357               		.set	_ZN8DateTimeC1Ev,_ZN8DateTimeC2Ev
 358               		.section	.rodata._ZN8DateTime18_evaluateDayOfWeekEv.str1.1,"aMS",@progbits,1
 359               	.LC0:
 360 0000 2D62 6564 		.string	"-bed=pen+mad."
 360      3D70 656E 
 360      2B6D 6164 
 360      2E00 
 361               		.section	.text._ZN8DateTime18_evaluateDayOfWeekEv,"ax",@progbits
 362               	.global	_ZN8DateTime18_evaluateDayOfWeekEv
 364               	_ZN8DateTime18_evaluateDayOfWeekEv:
 365 0000 CF93      		push r28
 366 0002 DF93      		push r29
GAS LISTING C:\Users\Docker\AppData\Local\Temp\ccgqmiIT.s 			page 7


 367               	/* prologue: function */
 368               	/* frame size = 0 */
 369               	/* stack size = 2 */
 370               	.L__stack_usage = 2
 371 0004 EC01      		movw r28,r24
 372 0006 ED81      		ldd r30,Y+5
 373 0008 8E81      		ldd r24,Y+6
 374 000a F82F      		mov r31,r24
 375 000c FF73      		andi r31,lo8(63)
 376 000e AC81      		ldd r26,Y+4
 377 0010 81E0      		ldi r24,lo8(1)
 378 0012 90E0      		ldi r25,0
 379 0014 A330      		cpi r26,lo8(3)
 380 0016 00F0      		brlo .L39
 381 0018 90E0      		ldi r25,0
 382 001a 80E0      		ldi r24,0
 383               	.L39:
 384 001c E81B      		sub r30,r24
 385 001e F90B      		sbc r31,r25
 386 0020 2B81      		ldd r18,Y+3
 387 0022 2F71      		andi r18,lo8(31)
 388 0024 B0E0      		ldi r27,0
 389 0026 A050      		subi r26,lo8(-(.LC0))
 390 0028 B040      		sbci r27,hi8(-(.LC0))
 391 002a 8C91      		ld r24,X
 392 002c BF01      		movw r22,r30
 393 002e 680F      		add r22,r24
 394 0030 711D      		adc r23,__zero_reg__
 395 0032 87FD      		sbrc r24,7
 396 0034 7A95      		dec r23
 397 0036 260F      		add r18,r22
 398 0038 372F      		mov r19,r23
 399 003a 311D      		adc r19,__zero_reg__
 400 003c BF01      		movw r22,r30
 401 003e 7695      		lsr r23
 402 0040 6795      		ror r22
 403 0042 7695      		lsr r23
 404 0044 6795      		ror r22
 405 0046 260F      		add r18,r22
 406 0048 371F      		adc r19,r23
 407 004a CF01      		movw r24,r30
 408 004c 60E9      		ldi r22,lo8(-112)
 409 004e 71E0      		ldi r23,lo8(1)
 410 0050 0E94 0000 		call __udivmodhi4
 411 0054 260F      		add r18,r22
 412 0056 371F      		adc r19,r23
 413 0058 CF01      		movw r24,r30
 414 005a 64E6      		ldi r22,lo8(100)
 415 005c 70E0      		ldi r23,0
 416 005e 0E94 0000 		call __udivmodhi4
 417 0062 C901      		movw r24,r18
 418 0064 861B      		sub r24,r22
 419 0066 970B      		sbc r25,r23
 420 0068 67E0      		ldi r22,lo8(7)
 421 006a 70E0      		ldi r23,0
 422 006c 0E94 0000 		call __udivmodhi4
 423 0070 1A82      		std Y+2,__zero_reg__
GAS LISTING C:\Users\Docker\AppData\Local\Temp\ccgqmiIT.s 			page 8


 424 0072 1982      		std Y+1,__zero_reg__
 425 0074 8F5F      		subi r24,lo8(-(1))
 426               	/* epilogue start */
 427 0076 DF91      		pop r29
 428 0078 CF91      		pop r28
 429 007a 0895      		ret
 431               		.section	.text._ZN8DateTime11_isLeapYearEj,"ax",@progbits
 432               	.global	_ZN8DateTime11_isLeapYearEj
 434               	_ZN8DateTime11_isLeapYearEj:
 435               	/* prologue: function */
 436               	/* frame size = 0 */
 437               	/* stack size = 0 */
 438               	.L__stack_usage = 0
 439 0000 FC01      		movw r30,r24
 440 0002 9B01      		movw r18,r22
 441 0004 CB01      		movw r24,r22
 442 0006 60E9      		ldi r22,lo8(-112)
 443 0008 71E0      		ldi r23,lo8(1)
 444 000a 0E94 0000 		call __udivmodhi4
 445 000e 892B      		or r24,r25
 446 0010 01F0      		breq .L43
 447 0012 C901      		movw r24,r18
 448 0014 64E6      		ldi r22,lo8(100)
 449 0016 70E0      		ldi r23,0
 450 0018 0E94 0000 		call __udivmodhi4
 451 001c 892B      		or r24,r25
 452 001e 01F0      		breq .L44
 453 0020 2370      		andi r18,3
 454 0022 3327      		clr r19
 455 0024 81E0      		ldi r24,lo8(1)
 456 0026 232B      		or r18,r19
 457 0028 01F0      		breq .L41
 458               	.L44:
 459 002a 80E0      		ldi r24,0
 460 002c 00C0      		rjmp .L41
 461               	.L43:
 462 002e 81E0      		ldi r24,lo8(1)
 463               	.L41:
 464 0030 1282      		std Z+2,__zero_reg__
 465 0032 1182      		std Z+1,__zero_reg__
 466               	/* epilogue start */
 467 0034 0895      		ret
 469               		.section	.text._ZN8DateTime12_isValidDateEjNS_5MonthEh,"ax",@progbits
 470               	.global	_ZN8DateTime12_isValidDateEjNS_5MonthEh
 472               	_ZN8DateTime12_isValidDateEjNS_5MonthEh:
 473 0000 CF93      		push r28
 474 0002 DF93      		push r29
 475               	/* prologue: function */
 476               	/* frame size = 0 */
 477               	/* stack size = 2 */
 478               	.L__stack_usage = 2
 479 0004 2223      		tst r18
 480 0006 01F0      		breq .L49
 481 0008 4423      		tst r20
 482 000a 01F0      		breq .L49
 483 000c 6115      		cp r22,__zero_reg__
 484 000e 7105      		cpc r23,__zero_reg__
GAS LISTING C:\Users\Docker\AppData\Local\Temp\ccgqmiIT.s 			page 9


 485 0010 01F4      		brne .L50
 486               	.L49:
 487 0012 2AE5      		ldi r18,lo8(90)
 488 0014 30E0      		ldi r19,0
 489 0016 FC01      		movw r30,r24
 490 0018 3283      		std Z+2,r19
 491 001a 2183      		std Z+1,r18
 492               	.L65:
 493 001c 80E0      		ldi r24,0
 494               	.L48:
 495               	/* epilogue start */
 496 001e DF91      		pop r29
 497 0020 CF91      		pop r28
 498 0022 0895      		ret
 499               	.L50:
 500 0024 EC01      		movw r28,r24
 501 0026 4150      		subi r20,lo8(-(-1))
 502 0028 4C30      		cpi r20,lo8(12)
 503 002a 00F4      		brsh .L52
 504 002c E42F      		mov r30,r20
 505 002e F0E0      		ldi r31,0
 506 0030 E050      		subi r30,lo8(-(gs(.L54)))
 507 0032 F040      		sbci r31,hi8(-(gs(.L54)))
 508 0034 0C94 0000 		jmp __tablejump2__
 509               		.p2align	1
 510               	.L54:
 511 0038 0000      		.word gs(.L53)
 512 003a 0000      		.word gs(.L55)
 513 003c 0000      		.word gs(.L53)
 514 003e 0000      		.word gs(.L56)
 515 0040 0000      		.word gs(.L53)
 516 0042 0000      		.word gs(.L56)
 517 0044 0000      		.word gs(.L53)
 518 0046 0000      		.word gs(.L53)
 519 0048 0000      		.word gs(.L56)
 520 004a 0000      		.word gs(.L53)
 521 004c 0000      		.word gs(.L56)
 522 004e 0000      		.word gs(.L53)
 523               	.L53:
 524 0050 2032      		cpi r18,lo8(32)
 525 0052 00F0      		brlo .L57
 526               	.L52:
 527 0054 8AE5      		ldi r24,lo8(90)
 528 0056 90E0      		ldi r25,0
 529 0058 9A83      		std Y+2,r25
 530 005a 8983      		std Y+1,r24
 531 005c 00C0      		rjmp .L65
 532               	.L56:
 533 005e 2F31      		cpi r18,lo8(31)
 534 0060 00F4      		brsh .L52
 535               	.L57:
 536 0062 1A82      		std Y+2,__zero_reg__
 537 0064 1982      		std Y+1,__zero_reg__
 538 0066 81E0      		ldi r24,lo8(1)
 539 0068 00C0      		rjmp .L48
 540               	.L55:
 541 006a 2E31      		cpi r18,lo8(30)
GAS LISTING C:\Users\Docker\AppData\Local\Temp\ccgqmiIT.s 			page 10


 542 006c 00F4      		brsh .L52
 543 006e 2D31      		cpi r18,lo8(29)
 544 0070 01F4      		brne .L57
 545 0072 0E94 0000 		call _ZN8DateTime11_isLeapYearEj
 546 0076 8111      		cpse r24,__zero_reg__
 547 0078 00C0      		rjmp .L57
 548 007a 00C0      		rjmp .L52
 550               		.section	.text._ZN8DateTime7setDateEjNS_5MonthEh,"ax",@progbits
 551               	.global	_ZN8DateTime7setDateEjNS_5MonthEh
 553               	_ZN8DateTime7setDateEjNS_5MonthEh:
 554 0000 DF92      		push r13
 555 0002 EF92      		push r14
 556 0004 FF92      		push r15
 557 0006 0F93      		push r16
 558 0008 1F93      		push r17
 559 000a CF93      		push r28
 560 000c DF93      		push r29
 561               	/* prologue: function */
 562               	/* frame size = 0 */
 563               	/* stack size = 7 */
 564               	.L__stack_usage = 7
 565 000e EC01      		movw r28,r24
 566 0010 F62E      		mov r15,r22
 567 0012 072F      		mov r16,r23
 568 0014 D42E      		mov r13,r20
 569 0016 122F      		mov r17,r18
 570 0018 8881      		ld r24,Y
 571 001a 8E7F      		andi r24,lo8(~(1<<0))
 572 001c 8883      		st Y,r24
 573 001e CE01      		movw r24,r28
 574 0020 0E94 0000 		call _ZN8DateTime12_isValidDateEjNS_5MonthEh
 575 0024 E82E      		mov r14,r24
 576 0026 8823      		tst r24
 577 0028 01F0      		breq .L66
 578 002a 8881      		ld r24,Y
 579 002c 8160      		ori r24,lo8(1<<0)
 580 002e 8883      		st Y,r24
 581 0030 FD82      		std Y+5,r15
 582 0032 902F      		mov r25,r16
 583 0034 9F73      		andi r25,lo8(63)
 584 0036 8E81      		ldd r24,Y+6
 585 0038 807C      		andi r24,lo8(-64)
 586 003a 892B      		or r24,r25
 587 003c 8E83      		std Y+6,r24
 588 003e 6F2D      		mov r22,r15
 589 0040 702F      		mov r23,r16
 590 0042 CE01      		movw r24,r28
 591 0044 0E94 0000 		call _ZN8DateTime11_isLeapYearEj
 592 0048 9B81      		ldd r25,Y+3
 593 004a 80FB      		bst r24,0
 594 004c 95F9      		bld r25,5
 595 004e DC82      		std Y+4,r13
 596 0050 1F71      		andi r17,lo8(31)
 597 0052 907E      		andi r25,lo8(-32)
 598 0054 912B      		or r25,r17
 599 0056 9B83      		std Y+3,r25
 600 0058 CE01      		movw r24,r28
GAS LISTING C:\Users\Docker\AppData\Local\Temp\ccgqmiIT.s 			page 11


 601 005a 0E94 0000 		call _ZN8DateTime18_evaluateDayOfWeekEv
 602 005e 8F83      		std Y+7,r24
 603 0060 1A82      		std Y+2,__zero_reg__
 604 0062 1982      		std Y+1,__zero_reg__
 605               	.L66:
 606 0064 8E2D      		mov r24,r14
 607               	/* epilogue start */
 608 0066 DF91      		pop r29
 609 0068 CF91      		pop r28
 610 006a 1F91      		pop r17
 611 006c 0F91      		pop r16
 612 006e FF90      		pop r15
 613 0070 EF90      		pop r14
 614 0072 DF90      		pop r13
 615 0074 0895      		ret
 617               		.section	.text._ZN8DateTime18_convertTimeFormatEPhPNS_8AmPmFlagENS_10TimeFormatES3_,"ax",@progbits
 618               	.global	_ZN8DateTime18_convertTimeFormatEPhPNS_8AmPmFlagENS_10TimeFormatES3_
 620               	_ZN8DateTime18_convertTimeFormatEPhPNS_8AmPmFlagENS_10TimeFormatES3_:
 621 0000 0F93      		push r16
 622 0002 CF93      		push r28
 623 0004 DF93      		push r29
 624               	/* prologue: function */
 625               	/* frame size = 0 */
 626               	/* stack size = 3 */
 627               	.L__stack_usage = 3
 628 0006 EC01      		movw r28,r24
 629 0008 FB01      		movw r30,r22
 630 000a DA01      		movw r26,r20
 631 000c 2130      		cpi r18,lo8(1)
 632 000e 01F4      		brne .L72
 633 0010 0111      		cpse r16,__zero_reg__
 634 0012 00C0      		rjmp .L73
 635 0014 8081      		ld r24,Z
 636 0016 9C91      		ld r25,X
 637 0018 9111      		cpse r25,__zero_reg__
 638 001a 00C0      		rjmp .L74
 639 001c 8C30      		cpi r24,lo8(12)
 640 001e 01F4      		brne .L73
 641 0020 1082      		st Z,__zero_reg__
 642               	.L73:
 643 0022 1A82      		std Y+2,__zero_reg__
 644 0024 1982      		std Y+1,__zero_reg__
 645 0026 81E0      		ldi r24,lo8(1)
 646 0028 00C0      		rjmp .L71
 647               	.L74:
 648 002a 8C30      		cpi r24,lo8(12)
 649 002c 01F4      		brne .L73
 650 002e 88E1      		ldi r24,lo8(24)
 651 0030 8083      		st Z,r24
 652 0032 00C0      		rjmp .L73
 653               	.L72:
 654 0034 0130      		cpi r16,lo8(1)
 655 0036 01F4      		brne .L73
 656 0038 9081      		ld r25,Z
 657 003a 9C30      		cpi r25,lo8(12)
 658 003c 00F4      		brsh .L76
 659 003e 9130      		cpi r25,lo8(1)
GAS LISTING C:\Users\Docker\AppData\Local\Temp\ccgqmiIT.s 			page 12


 660 0040 00F0      		brlo .L82
 661               	.L77:
 662 0042 1C92      		st X,__zero_reg__
 663 0044 00C0      		rjmp .L73
 664               	.L76:
 665 0046 9C30      		cpi r25,lo8(12)
 666 0048 01F0      		breq .L84
 667 004a 9831      		cpi r25,lo8(24)
 668 004c 00F0      		brlo .L83
 669 004e 8FEF      		ldi r24,lo8(-1)
 670 0050 9FEF      		ldi r25,lo8(-1)
 671 0052 9A83      		std Y+2,r25
 672 0054 8983      		std Y+1,r24
 673 0056 80E0      		ldi r24,0
 674               	.L71:
 675               	/* epilogue start */
 676 0058 DF91      		pop r29
 677 005a CF91      		pop r28
 678 005c 0F91      		pop r16
 679 005e 0895      		ret
 680               	.L82:
 681 0060 8CE0      		ldi r24,lo8(12)
 682 0062 8083      		st Z,r24
 683 0064 00C0      		rjmp .L77
 684               	.L83:
 685 0066 9C50      		subi r25,lo8(-(-12))
 686 0068 9083      		st Z,r25
 687               	.L84:
 688 006a 0C93      		st X,r16
 689 006c 00C0      		rjmp .L73
 691               		.section	.text._ZN8DateTime7getTimeEPhS0_S0_NS_10TimeFormatEPNS_8AmPmFlagE,"ax",@progbits
 692               	.global	_ZN8DateTime7getTimeEPhS0_S0_NS_10TimeFormatEPNS_8AmPmFlagE
 694               	_ZN8DateTime7getTimeEPhS0_S0_NS_10TimeFormatEPNS_8AmPmFlagE:
 695 0000 6F92      		push r6
 696 0002 7F92      		push r7
 697 0004 8F92      		push r8
 698 0006 9F92      		push r9
 699 0008 AF92      		push r10
 700 000a BF92      		push r11
 701 000c CF92      		push r12
 702 000e DF92      		push r13
 703 0010 EF92      		push r14
 704 0012 FF92      		push r15
 705 0014 0F93      		push r16
 706 0016 1F93      		push r17
 707 0018 CF93      		push r28
 708 001a DF93      		push r29
 709 001c 00D0      		rcall .
 710 001e CDB7      		in r28,__SP_L__
 711 0020 DEB7      		in r29,__SP_H__
 712               	/* prologue: function */
 713               	/* frame size = 2 */
 714               	/* stack size = 16 */
 715               	.L__stack_usage = 16
 716 0022 FC01      		movw r30,r24
 717 0024 8081      		ld r24,Z
 718 0026 81FB      		bst r24,1
GAS LISTING C:\Users\Docker\AppData\Local\Temp\ccgqmiIT.s 			page 13


 719 0028 1127      		clr r17
 720 002a 10F9      		bld r17,0
 721 002c 81FD      		sbrc r24,1
 722 002e 00C0      		rjmp .L86
 723 0030 87E5      		ldi r24,lo8(87)
 724 0032 90E0      		ldi r25,0
 725 0034 9283      		std Z+2,r25
 726 0036 8183      		std Z+1,r24
 727               	.L85:
 728 0038 812F      		mov r24,r17
 729               	/* epilogue start */
 730 003a 0F90      		pop __tmp_reg__
 731 003c 0F90      		pop __tmp_reg__
 732 003e DF91      		pop r29
 733 0040 CF91      		pop r28
 734 0042 1F91      		pop r17
 735 0044 0F91      		pop r16
 736 0046 FF90      		pop r15
 737 0048 EF90      		pop r14
 738 004a DF90      		pop r13
 739 004c CF90      		pop r12
 740 004e BF90      		pop r11
 741 0050 AF90      		pop r10
 742 0052 9F90      		pop r9
 743 0054 8F90      		pop r8
 744 0056 7F90      		pop r7
 745 0058 6F90      		pop r6
 746 005a 0895      		ret
 747               	.L86:
 748 005c 6115      		cp r22,__zero_reg__
 749 005e 7105      		cpc r23,__zero_reg__
 750 0060 01F0      		breq .L88
 751 0062 4115      		cp r20,__zero_reg__
 752 0064 5105      		cpc r21,__zero_reg__
 753 0066 01F0      		breq .L88
 754 0068 2115      		cp r18,__zero_reg__
 755 006a 3105      		cpc r19,__zero_reg__
 756 006c 01F4      		brne .L89
 757               	.L88:
 758 006e 81E1      		ldi r24,lo8(17)
 759 0070 90E0      		ldi r25,0
 760 0072 9283      		std Z+2,r25
 761 0074 8183      		std Z+1,r24
 762               	.L104:
 763 0076 10E0      		ldi r17,0
 764 0078 00C0      		rjmp .L85
 765               	.L89:
 766 007a 0130      		cpi r16,lo8(1)
 767 007c 01F4      		brne .L90
 768 007e E114      		cp r14,__zero_reg__
 769 0080 F104      		cpc r15,__zero_reg__
 770 0082 01F0      		breq .L88
 771               	.L90:
 772 0084 5901      		movw r10,r18
 773 0086 4A01      		movw r8,r20
 774 0088 3B01      		movw r6,r22
 775 008a 6F01      		movw r12,r30
GAS LISTING C:\Users\Docker\AppData\Local\Temp\ccgqmiIT.s 			page 14


 776 008c 8085      		ldd r24,Z+8
 777 008e 8983      		std Y+1,r24
 778 0090 8185      		ldd r24,Z+9
 779 0092 8F71      		andi r24,lo8(31)
 780 0094 8A83      		std Y+2,r24
 781 0096 2585      		ldd r18,Z+13
 782 0098 2013      		cpse r18,r16
 783 009a 00C0      		rjmp .L91
 784               	.L94:
 785 009c E114      		cp r14,__zero_reg__
 786 009e F104      		cpc r15,__zero_reg__
 787 00a0 01F4      		brne .L92
 788               	.L93:
 789 00a2 8A81      		ldd r24,Y+2
 790 00a4 F301      		movw r30,r6
 791 00a6 8083      		st Z,r24
 792 00a8 F601      		movw r30,r12
 793 00aa 8285      		ldd r24,Z+10
 794 00ac 982F      		mov r25,r24
 795 00ae 991F      		rol r25
 796 00b0 9927      		clr r25
 797 00b2 991F      		rol r25
 798 00b4 8385      		ldd r24,Z+11
 799 00b6 8F71      		andi r24,lo8(31)
 800 00b8 880F      		lsl r24
 801 00ba 892B      		or r24,r25
 802 00bc F401      		movw r30,r8
 803 00be 8083      		st Z,r24
 804 00c0 F601      		movw r30,r12
 805 00c2 8385      		ldd r24,Z+11
 806 00c4 982F      		mov r25,r24
 807 00c6 9295      		swap r25
 808 00c8 9695      		lsr r25
 809 00ca 9770      		andi r25,lo8(7)
 810 00cc 8485      		ldd r24,Z+12
 811 00ce 8770      		andi r24,lo8(7)
 812 00d0 880F      		lsl r24
 813 00d2 880F      		lsl r24
 814 00d4 880F      		lsl r24
 815 00d6 892B      		or r24,r25
 816 00d8 F501      		movw r30,r10
 817 00da 8083      		st Z,r24
 818 00dc F601      		movw r30,r12
 819 00de 1282      		std Z+2,__zero_reg__
 820 00e0 1182      		std Z+1,__zero_reg__
 821 00e2 00C0      		rjmp .L85
 822               	.L91:
 823 00e4 AE01      		movw r20,r28
 824 00e6 4F5F      		subi r20,-1
 825 00e8 5F4F      		sbci r21,-1
 826 00ea BE01      		movw r22,r28
 827 00ec 6E5F      		subi r22,-2
 828 00ee 7F4F      		sbci r23,-1
 829 00f0 CF01      		movw r24,r30
 830 00f2 0E94 0000 		call _ZN8DateTime18_convertTimeFormatEPhPNS_8AmPmFlagENS_10TimeFormatES3_
 831 00f6 8111      		cpse r24,__zero_reg__
 832 00f8 00C0      		rjmp .L94
GAS LISTING C:\Users\Docker\AppData\Local\Temp\ccgqmiIT.s 			page 15


 833 00fa 00C0      		rjmp .L104
 834               	.L92:
 835 00fc 8981      		ldd r24,Y+1
 836 00fe F701      		movw r30,r14
 837 0100 8083      		st Z,r24
 838 0102 00C0      		rjmp .L93
 840               		.section	.text._ZN8DateTime7getTimeEPhS0_S0_PjNS_10TimeFormatEPNS_8AmPmFlagE,"ax",@progbits
 841               	.global	_ZN8DateTime7getTimeEPhS0_S0_PjNS_10TimeFormatEPNS_8AmPmFlagE
 843               	_ZN8DateTime7getTimeEPhS0_S0_PjNS_10TimeFormatEPNS_8AmPmFlagE:
 844 0000 2F92      		push r2
 845 0002 3F92      		push r3
 846 0004 4F92      		push r4
 847 0006 5F92      		push r5
 848 0008 6F92      		push r6
 849 000a 7F92      		push r7
 850 000c 8F92      		push r8
 851 000e 9F92      		push r9
 852 0010 AF92      		push r10
 853 0012 BF92      		push r11
 854 0014 CF92      		push r12
 855 0016 DF92      		push r13
 856 0018 EF92      		push r14
 857 001a 0F93      		push r16
 858 001c 1F93      		push r17
 859 001e CF93      		push r28
 860 0020 DF93      		push r29
 861 0022 00D0      		rcall .
 862 0024 CDB7      		in r28,__SP_L__
 863 0026 DEB7      		in r29,__SP_H__
 864               	/* prologue: function */
 865               	/* frame size = 2 */
 866               	/* stack size = 19 */
 867               	.L__stack_usage = 19
 868 0028 FC01      		movw r30,r24
 869 002a 4801      		movw r8,r16
 870 002c 8081      		ld r24,Z
 871 002e 81FB      		bst r24,1
 872 0030 1127      		clr r17
 873 0032 10F9      		bld r17,0
 874 0034 81FD      		sbrc r24,1
 875 0036 00C0      		rjmp .L106
 876 0038 87E5      		ldi r24,lo8(87)
 877 003a 90E0      		ldi r25,0
 878 003c 9283      		std Z+2,r25
 879 003e 8183      		std Z+1,r24
 880               	.L105:
 881 0040 812F      		mov r24,r17
 882               	/* epilogue start */
 883 0042 0F90      		pop __tmp_reg__
 884 0044 0F90      		pop __tmp_reg__
 885 0046 DF91      		pop r29
 886 0048 CF91      		pop r28
 887 004a 1F91      		pop r17
 888 004c 0F91      		pop r16
 889 004e EF90      		pop r14
 890 0050 DF90      		pop r13
 891 0052 CF90      		pop r12
GAS LISTING C:\Users\Docker\AppData\Local\Temp\ccgqmiIT.s 			page 16


 892 0054 BF90      		pop r11
 893 0056 AF90      		pop r10
 894 0058 9F90      		pop r9
 895 005a 8F90      		pop r8
 896 005c 7F90      		pop r7
 897 005e 6F90      		pop r6
 898 0060 5F90      		pop r5
 899 0062 4F90      		pop r4
 900 0064 3F90      		pop r3
 901 0066 2F90      		pop r2
 902 0068 0895      		ret
 903               	.L106:
 904 006a 6115      		cp r22,__zero_reg__
 905 006c 7105      		cpc r23,__zero_reg__
 906 006e 01F0      		breq .L108
 907 0070 4115      		cp r20,__zero_reg__
 908 0072 5105      		cpc r21,__zero_reg__
 909 0074 01F0      		breq .L108
 910 0076 2115      		cp r18,__zero_reg__
 911 0078 3105      		cpc r19,__zero_reg__
 912 007a 01F0      		breq .L108
 913 007c 8114      		cp r8,__zero_reg__
 914 007e 9104      		cpc r9,__zero_reg__
 915 0080 01F4      		brne .L109
 916               	.L108:
 917 0082 81E1      		ldi r24,lo8(17)
 918 0084 90E0      		ldi r25,0
 919 0086 9283      		std Z+2,r25
 920 0088 8183      		std Z+1,r24
 921               	.L127:
 922 008a 10E0      		ldi r17,0
 923 008c 00C0      		rjmp .L105
 924               	.L109:
 925 008e 81E0      		ldi r24,lo8(1)
 926 0090 E812      		cpse r14,r24
 927 0092 00C0      		rjmp .L110
 928 0094 C114      		cp r12,__zero_reg__
 929 0096 D104      		cpc r13,__zero_reg__
 930 0098 01F0      		breq .L108
 931               	.L110:
 932 009a 0E2D      		mov r16,r14
 933 009c 1901      		movw r2,r18
 934 009e 3A01      		movw r6,r20
 935 00a0 2B01      		movw r4,r22
 936 00a2 5F01      		movw r10,r30
 937 00a4 8085      		ldd r24,Z+8
 938 00a6 8983      		std Y+1,r24
 939 00a8 8185      		ldd r24,Z+9
 940 00aa 8F71      		andi r24,lo8(31)
 941 00ac 8A83      		std Y+2,r24
 942 00ae 2585      		ldd r18,Z+13
 943 00b0 2E11      		cpse r18,r14
 944 00b2 00C0      		rjmp .L111
 945               	.L114:
 946 00b4 C114      		cp r12,__zero_reg__
 947 00b6 D104      		cpc r13,__zero_reg__
 948 00b8 01F0      		breq .+2
GAS LISTING C:\Users\Docker\AppData\Local\Temp\ccgqmiIT.s 			page 17


 949 00ba 00C0      		rjmp .L112
 950               	.L113:
 951 00bc 8A81      		ldd r24,Y+2
 952 00be F201      		movw r30,r4
 953 00c0 8083      		st Z,r24
 954 00c2 F501      		movw r30,r10
 955 00c4 8285      		ldd r24,Z+10
 956 00c6 982F      		mov r25,r24
 957 00c8 991F      		rol r25
 958 00ca 9927      		clr r25
 959 00cc 991F      		rol r25
 960 00ce 8385      		ldd r24,Z+11
 961 00d0 8F71      		andi r24,lo8(31)
 962 00d2 880F      		lsl r24
 963 00d4 892B      		or r24,r25
 964 00d6 F301      		movw r30,r6
 965 00d8 8083      		st Z,r24
 966 00da F501      		movw r30,r10
 967 00dc 8385      		ldd r24,Z+11
 968 00de 982F      		mov r25,r24
 969 00e0 9295      		swap r25
 970 00e2 9695      		lsr r25
 971 00e4 9770      		andi r25,lo8(7)
 972 00e6 8485      		ldd r24,Z+12
 973 00e8 8770      		andi r24,lo8(7)
 974 00ea 880F      		lsl r24
 975 00ec 880F      		lsl r24
 976 00ee 880F      		lsl r24
 977 00f0 892B      		or r24,r25
 978 00f2 F101      		movw r30,r2
 979 00f4 8083      		st Z,r24
 980 00f6 F501      		movw r30,r10
 981 00f8 9185      		ldd r25,Z+9
 982 00fa 292F      		mov r18,r25
 983 00fc 2295      		swap r18
 984 00fe 2695      		lsr r18
 985 0100 2770      		andi r18,lo8(7)
 986 0102 8285      		ldd r24,Z+10
 987 0104 982F      		mov r25,r24
 988 0106 990F      		lsl r25
 989 0108 990F      		lsl r25
 990 010a 990F      		lsl r25
 991 010c 922B      		or r25,r18
 992 010e 8295      		swap r24
 993 0110 8695      		lsr r24
 994 0112 8370      		andi r24,lo8(3)
 995 0114 F401      		movw r30,r8
 996 0116 9083      		st Z,r25
 997 0118 8183      		std Z+1,r24
 998 011a F501      		movw r30,r10
 999 011c 1282      		std Z+2,__zero_reg__
 1000 011e 1182      		std Z+1,__zero_reg__
 1001 0120 00C0      		rjmp .L105
 1002               	.L111:
 1003 0122 AE01      		movw r20,r28
 1004 0124 4F5F      		subi r20,-1
 1005 0126 5F4F      		sbci r21,-1
GAS LISTING C:\Users\Docker\AppData\Local\Temp\ccgqmiIT.s 			page 18


 1006 0128 BE01      		movw r22,r28
 1007 012a 6E5F      		subi r22,-2
 1008 012c 7F4F      		sbci r23,-1
 1009 012e CF01      		movw r24,r30
 1010 0130 0E94 0000 		call _ZN8DateTime18_convertTimeFormatEPhPNS_8AmPmFlagENS_10TimeFormatES3_
 1011 0134 8111      		cpse r24,__zero_reg__
 1012 0136 00C0      		rjmp .L114
 1013 0138 00C0      		rjmp .L127
 1014               	.L112:
 1015 013a 8981      		ldd r24,Y+1
 1016 013c F601      		movw r30,r12
 1017 013e 8083      		st Z,r24
 1018 0140 00C0      		rjmp .L113
 1020               		.section	.text._ZN8DateTime13setTimeFormatENS_10TimeFormatE,"ax",@progbits
 1021               	.global	_ZN8DateTime13setTimeFormatENS_10TimeFormatE
 1023               	_ZN8DateTime13setTimeFormatENS_10TimeFormatE:
 1024 0000 EF92      		push r14
 1025 0002 FF92      		push r15
 1026 0004 0F93      		push r16
 1027 0006 1F93      		push r17
 1028 0008 CF93      		push r28
 1029 000a DF93      		push r29
 1030 000c 00D0      		rcall .
 1031 000e CDB7      		in r28,__SP_L__
 1032 0010 DEB7      		in r29,__SP_H__
 1033               	/* prologue: function */
 1034               	/* frame size = 2 */
 1035               	/* stack size = 8 */
 1036               	.L__stack_usage = 8
 1037 0012 FC01      		movw r30,r24
 1038 0014 8185      		ldd r24,Z+9
 1039 0016 8F71      		andi r24,lo8(31)
 1040 0018 8A83      		std Y+2,r24
 1041 001a 8085      		ldd r24,Z+8
 1042 001c 8983      		std Y+1,r24
 1043 001e 9081      		ld r25,Z
 1044 0020 91FB      		bst r25,1
 1045 0022 8827      		clr r24
 1046 0024 80F9      		bld r24,0
 1047 0026 91FD      		sbrc r25,1
 1048 0028 00C0      		rjmp .L129
 1049 002a 27E5      		ldi r18,lo8(87)
 1050 002c 30E0      		ldi r19,0
 1051 002e 3283      		std Z+2,r19
 1052 0030 2183      		std Z+1,r18
 1053               	.L128:
 1054               	/* epilogue start */
 1055 0032 0F90      		pop __tmp_reg__
 1056 0034 0F90      		pop __tmp_reg__
 1057 0036 DF91      		pop r29
 1058 0038 CF91      		pop r28
 1059 003a 1F91      		pop r17
 1060 003c 0F91      		pop r16
 1061 003e FF90      		pop r15
 1062 0040 EF90      		pop r14
 1063 0042 0895      		ret
 1064               	.L129:
GAS LISTING C:\Users\Docker\AppData\Local\Temp\ccgqmiIT.s 			page 19


 1065 0044 2585      		ldd r18,Z+13
 1066 0046 2613      		cpse r18,r22
 1067 0048 00C0      		rjmp .L131
 1068 004a 1282      		std Z+2,__zero_reg__
 1069 004c 1182      		std Z+1,__zero_reg__
 1070 004e 80E0      		ldi r24,0
 1071 0050 00C0      		rjmp .L128
 1072               	.L131:
 1073 0052 162F      		mov r17,r22
 1074 0054 7F01      		movw r14,r30
 1075 0056 062F      		mov r16,r22
 1076 0058 AE01      		movw r20,r28
 1077 005a 4F5F      		subi r20,-1
 1078 005c 5F4F      		sbci r21,-1
 1079 005e BE01      		movw r22,r28
 1080 0060 6E5F      		subi r22,-2
 1081 0062 7F4F      		sbci r23,-1
 1082 0064 CF01      		movw r24,r30
 1083 0066 0E94 0000 		call _ZN8DateTime18_convertTimeFormatEPhPNS_8AmPmFlagENS_10TimeFormatES3_
 1084 006a 8823      		tst r24
 1085 006c 01F0      		breq .L128
 1086 006e 2A81      		ldd r18,Y+2
 1087 0070 2F71      		andi r18,lo8(31)
 1088 0072 F701      		movw r30,r14
 1089 0074 9185      		ldd r25,Z+9
 1090 0076 907E      		andi r25,lo8(-32)
 1091 0078 922B      		or r25,r18
 1092 007a 9187      		std Z+9,r25
 1093 007c 9981      		ldd r25,Y+1
 1094 007e 9087      		std Z+8,r25
 1095 0080 1587      		std Z+13,r17
 1096 0082 1282      		std Z+2,__zero_reg__
 1097 0084 1182      		std Z+1,__zero_reg__
 1098 0086 00C0      		rjmp .L128
 1100               		.section	.text._ZN8DateTime12_isValidTimeEhhhNS_10TimeFormatE,"ax",@progbits
 1101               	.global	_ZN8DateTime12_isValidTimeEhhhNS_10TimeFormatE
 1103               	_ZN8DateTime12_isValidTimeEhhhNS_10TimeFormatE:
 1104 0000 0F93      		push r16
 1105               	/* prologue: function */
 1106               	/* frame size = 0 */
 1107               	/* stack size = 1 */
 1108               	.L__stack_usage = 1
 1109 0002 2C33      		cpi r18,lo8(60)
 1110 0004 00F4      		brsh .L136
 1111 0006 4C33      		cpi r20,lo8(60)
 1112 0008 00F0      		brlo .L137
 1113               	.L136:
 1114 000a 2BE5      		ldi r18,lo8(91)
 1115 000c 30E0      		ldi r19,0
 1116 000e FC01      		movw r30,r24
 1117 0010 3283      		std Z+2,r19
 1118 0012 2183      		std Z+1,r18
 1119 0014 80E0      		ldi r24,0
 1120               	.L135:
 1121               	/* epilogue start */
 1122 0016 0F91      		pop r16
 1123 0018 0895      		ret
GAS LISTING C:\Users\Docker\AppData\Local\Temp\ccgqmiIT.s 			page 20


 1124               	.L137:
 1125 001a 0130      		cpi r16,lo8(1)
 1126 001c 01F4      		brne .L139
 1127 001e 6150      		subi r22,lo8(-(-1))
 1128 0020 6C30      		cpi r22,lo8(12)
 1129 0022 00F4      		brsh .L136
 1130               	.L140:
 1131 0024 FC01      		movw r30,r24
 1132 0026 1282      		std Z+2,__zero_reg__
 1133 0028 1182      		std Z+1,__zero_reg__
 1134 002a 81E0      		ldi r24,lo8(1)
 1135 002c 00C0      		rjmp .L135
 1136               	.L139:
 1137 002e 6831      		cpi r22,lo8(24)
 1138 0030 00F0      		brlo .L140
 1139 0032 00C0      		rjmp .L136
 1141               		.section	.text._ZN8DateTime7setTimeEhhhNS_10TimeFormatENS_8AmPmFlagE,"ax",@progbits
 1142               	.global	_ZN8DateTime7setTimeEhhhNS_10TimeFormatENS_8AmPmFlagE
 1144               	_ZN8DateTime7setTimeEhhhNS_10TimeFormatENS_8AmPmFlagE:
 1145 0000 CF92      		push r12
 1146 0002 DF92      		push r13
 1147 0004 EF92      		push r14
 1148 0006 FF92      		push r15
 1149 0008 0F93      		push r16
 1150 000a 1F93      		push r17
 1151 000c CF93      		push r28
 1152 000e DF93      		push r29
 1153               	/* prologue: function */
 1154               	/* frame size = 0 */
 1155               	/* stack size = 8 */
 1156               	.L__stack_usage = 8
 1157 0010 EC01      		movw r28,r24
 1158 0012 D62E      		mov r13,r22
 1159 0014 142F      		mov r17,r20
 1160 0016 F22E      		mov r15,r18
 1161 0018 8881      		ld r24,Y
 1162 001a 8D7F      		andi r24,lo8(~(1<<1))
 1163 001c 8883      		st Y,r24
 1164 001e CE01      		movw r24,r28
 1165 0020 0E94 0000 		call _ZN8DateTime12_isValidTimeEhhhNS_10TimeFormatE
 1166 0024 8823      		tst r24
 1167 0026 01F0      		breq .L141
 1168 0028 9881      		ld r25,Y
 1169 002a 9260      		ori r25,lo8(1<<1)
 1170 002c 9883      		st Y,r25
 1171 002e 9D2D      		mov r25,r13
 1172 0030 9F71      		andi r25,lo8(31)
 1173 0032 6985      		ldd r22,Y+9
 1174 0034 607E      		andi r22,lo8(-32)
 1175 0036 692B      		or r22,r25
 1176 0038 6987      		std Y+9,r22
 1177 003a 0D87      		std Y+13,r16
 1178 003c E886      		std Y+8,r14
 1179 003e 9A85      		ldd r25,Y+10
 1180 0040 10FB      		bst r17,0
 1181 0042 97F9      		bld r25,7
 1182 0044 9A87      		std Y+10,r25
GAS LISTING C:\Users\Docker\AppData\Local\Temp\ccgqmiIT.s 			page 21


 1183 0046 1695      		lsr r17
 1184 0048 9F2D      		mov r25,r15
 1185 004a 9295      		swap r25
 1186 004c 990F      		lsl r25
 1187 004e 907E      		andi r25,lo8(-32)
 1188 0050 1F71      		andi r17,lo8(31)
 1189 0052 192B      		or r17,r25
 1190 0054 1B87      		std Y+11,r17
 1191 0056 9F2D      		mov r25,r15
 1192 0058 9695      		lsr r25
 1193 005a 9695      		lsr r25
 1194 005c 9695      		lsr r25
 1195 005e 9770      		andi r25,lo8(7)
 1196 0060 2C85      		ldd r18,Y+12
 1197 0062 287F      		andi r18,lo8(-8)
 1198 0064 922B      		or r25,r18
 1199 0066 9C87      		std Y+12,r25
 1200 0068 1A82      		std Y+2,__zero_reg__
 1201 006a 1982      		std Y+1,__zero_reg__
 1202               	.L141:
 1203               	/* epilogue start */
 1204 006c DF91      		pop r29
 1205 006e CF91      		pop r28
 1206 0070 1F91      		pop r17
 1207 0072 0F91      		pop r16
 1208 0074 FF90      		pop r15
 1209 0076 EF90      		pop r14
 1210 0078 DF90      		pop r13
 1211 007a CF90      		pop r12
 1212 007c 0895      		ret
 1214               		.section	.text._ZN8DateTime7setTimeEhhhjNS_10TimeFormatENS_8AmPmFlagE,"ax",@progbits
 1215               	.global	_ZN8DateTime7setTimeEhhhjNS_10TimeFormatENS_8AmPmFlagE
 1217               	_ZN8DateTime7setTimeEhhhjNS_10TimeFormatENS_8AmPmFlagE:
 1218 0000 8F92      		push r8
 1219 0002 9F92      		push r9
 1220 0004 BF92      		push r11
 1221 0006 CF92      		push r12
 1222 0008 DF92      		push r13
 1223 000a EF92      		push r14
 1224 000c FF92      		push r15
 1225 000e 0F93      		push r16
 1226 0010 1F93      		push r17
 1227 0012 CF93      		push r28
 1228 0014 DF93      		push r29
 1229               	/* prologue: function */
 1230               	/* frame size = 0 */
 1231               	/* stack size = 11 */
 1232               	.L__stack_usage = 11
 1233 0016 EC01      		movw r28,r24
 1234 0018 B62E      		mov r11,r22
 1235 001a F42E      		mov r15,r20
 1236 001c D22E      		mov r13,r18
 1237 001e 4801      		movw r8,r16
 1238 0020 8881      		ld r24,Y
 1239 0022 8D7F      		andi r24,lo8(~(1<<1))
 1240 0024 8883      		st Y,r24
 1241 0026 0E2D      		mov r16,r14
GAS LISTING C:\Users\Docker\AppData\Local\Temp\ccgqmiIT.s 			page 22


 1242 0028 CE01      		movw r24,r28
 1243 002a 0E94 0000 		call _ZN8DateTime12_isValidTimeEhhhNS_10TimeFormatE
 1244 002e 8823      		tst r24
 1245 0030 01F0      		breq .L146
 1246 0032 2985      		ldd r18,Y+9
 1247 0034 9A85      		ldd r25,Y+10
 1248 0036 38EE      		ldi r19,-24
 1249 0038 8316      		cp r8,r19
 1250 003a 33E0      		ldi r19,3
 1251 003c 9306      		cpc r9,r19
 1252 003e 00F0      		brlo .L148
 1253 0040 2F71      		andi r18,lo8(31)
 1254 0042 2987      		std Y+9,r18
 1255 0044 9078      		andi r25,lo8(-128)
 1256               	.L153:
 1257 0046 9A87      		std Y+10,r25
 1258 0048 9B2D      		mov r25,r11
 1259 004a 9F71      		andi r25,lo8(31)
 1260 004c B92E      		mov r11,r25
 1261 004e 9985      		ldd r25,Y+9
 1262 0050 907E      		andi r25,lo8(-32)
 1263 0052 B92A      		or r11,r25
 1264 0054 B986      		std Y+9,r11
 1265 0056 9A85      		ldd r25,Y+10
 1266 0058 F0FA      		bst r15,0
 1267 005a 97F9      		bld r25,7
 1268 005c 9A87      		std Y+10,r25
 1269 005e F694      		lsr r15
 1270 0060 9D2D      		mov r25,r13
 1271 0062 9295      		swap r25
 1272 0064 990F      		lsl r25
 1273 0066 907E      		andi r25,lo8(-32)
 1274 0068 2F2D      		mov r18,r15
 1275 006a 2F71      		andi r18,lo8(31)
 1276 006c F22E      		mov r15,r18
 1277 006e F92A      		or r15,r25
 1278 0070 FB86      		std Y+11,r15
 1279 0072 9D2D      		mov r25,r13
 1280 0074 9695      		lsr r25
 1281 0076 9695      		lsr r25
 1282 0078 9695      		lsr r25
 1283 007a 9770      		andi r25,lo8(7)
 1284 007c 2C85      		ldd r18,Y+12
 1285 007e 287F      		andi r18,lo8(-8)
 1286 0080 922B      		or r25,r18
 1287 0082 9C87      		std Y+12,r25
 1288 0084 C886      		std Y+8,r12
 1289 0086 ED86      		std Y+13,r14
 1290 0088 1A82      		std Y+2,__zero_reg__
 1291 008a 1982      		std Y+1,__zero_reg__
 1292               	.L146:
 1293               	/* epilogue start */
 1294 008c DF91      		pop r29
 1295 008e CF91      		pop r28
 1296 0090 1F91      		pop r17
 1297 0092 0F91      		pop r16
 1298 0094 FF90      		pop r15
GAS LISTING C:\Users\Docker\AppData\Local\Temp\ccgqmiIT.s 			page 23


 1299 0096 EF90      		pop r14
 1300 0098 DF90      		pop r13
 1301 009a CF90      		pop r12
 1302 009c BF90      		pop r11
 1303 009e 9F90      		pop r9
 1304 00a0 8F90      		pop r8
 1305 00a2 0895      		ret
 1306               	.L148:
 1307 00a4 382D      		mov r19,r8
 1308 00a6 3295      		swap r19
 1309 00a8 330F      		lsl r19
 1310 00aa 307E      		andi r19,lo8(-32)
 1311 00ac 2F71      		andi r18,lo8(31)
 1312 00ae 232B      		or r18,r19
 1313 00b0 2987      		std Y+9,r18
 1314 00b2 382D      		mov r19,r8
 1315 00b4 3695      		lsr r19
 1316 00b6 3695      		lsr r19
 1317 00b8 3695      		lsr r19
 1318 00ba 9078      		andi r25,lo8(-128)
 1319 00bc 292D      		mov r18,r9
 1320 00be 2370      		andi r18,lo8(3)
 1321 00c0 2295      		swap r18
 1322 00c2 220F      		lsl r18
 1323 00c4 207E      		andi r18,lo8(-32)
 1324 00c6 932B      		or r25,r19
 1325 00c8 922B      		or r25,r18
 1326 00ca 00C0      		rjmp .L153
 1328               		.ident	"GCC: (AVR_8_bit_GNU_Toolchain_3.7.0_1796) 7.3.0"
 1329               	.global __do_copy_data
GAS LISTING C:\Users\Docker\AppData\Local\Temp\ccgqmiIT.s 			page 24


DEFINED SYMBOLS
                            *ABS*:0000000000000000 funsapeLibDateTime.cpp
C:\Users\Docker\AppData\Local\Temp\ccgqmiIT.s:2      *ABS*:000000000000003e __SP_H__
C:\Users\Docker\AppData\Local\Temp\ccgqmiIT.s:3      *ABS*:000000000000003d __SP_L__
C:\Users\Docker\AppData\Local\Temp\ccgqmiIT.s:4      *ABS*:000000000000003f __SREG__
C:\Users\Docker\AppData\Local\Temp\ccgqmiIT.s:5      *ABS*:0000000000000000 __tmp_reg__
C:\Users\Docker\AppData\Local\Temp\ccgqmiIT.s:6      *ABS*:0000000000000001 __zero_reg__
C:\Users\Docker\AppData\Local\Temp\ccgqmiIT.s:11     .text._Z7getTickv:0000000000000000 _Z7getTickv
C:\Users\Docker\AppData\Local\Temp\ccgqmiIT.s:25     .text._ZN8DateTimeD2Ev:0000000000000000 _ZN8DateTimeD2Ev
C:\Users\Docker\AppData\Local\Temp\ccgqmiIT.s:25     .text._ZN8DateTimeD2Ev:0000000000000000 _ZN8DateTimeD1Ev
C:\Users\Docker\AppData\Local\Temp\ccgqmiIT.s:38     .text._ZN8DateTime12getLastErrorEv:0000000000000000 _ZN8DateTime12getLastErrorEv
C:\Users\Docker\AppData\Local\Temp\ccgqmiIT.s:52     .text._ZN8DateTime9isDateSetEv:0000000000000000 _ZN8DateTime9isDateSetEv
C:\Users\Docker\AppData\Local\Temp\ccgqmiIT.s:68     .text._ZN8DateTime9isTimeSetEv:0000000000000000 _ZN8DateTime9isTimeSetEv
C:\Users\Docker\AppData\Local\Temp\ccgqmiIT.s:85     .text._ZN8DateTime7getDateEPjPNS_5MonthEPhPNS_7WeekDayE:0000000000000000 _ZN8DateTime7getDateEPjPNS_5MonthEPhPNS_7WeekDayE
C:\Users\Docker\AppData\Local\Temp\ccgqmiIT.s:153    .text._ZN8DateTime10getWeekDayEPNS_7WeekDayE:0000000000000000 _ZN8DateTime10getWeekDayEPNS_7WeekDayE
C:\Users\Docker\AppData\Local\Temp\ccgqmiIT.s:191    .text._ZN8DateTime10isLeapYearEv:0000000000000000 _ZN8DateTime10isLeapYearEv
C:\Users\Docker\AppData\Local\Temp\ccgqmiIT.s:220    .text._ZN8DateTime13getTimeFormatEPNS_10TimeFormatE:0000000000000000 _ZN8DateTime13getTimeFormatEPNS_10TimeFormatE
C:\Users\Docker\AppData\Local\Temp\ccgqmiIT.s:259    .text._ZN8DateTime11getTimeZoneEPNS_8TimeZoneE:0000000000000000 _ZN8DateTime11getTimeZoneEPNS_8TimeZoneE
C:\Users\Docker\AppData\Local\Temp\ccgqmiIT.s:287    .text._ZN8DateTime11setTimeZoneENS_8TimeZoneE:0000000000000000 _ZN8DateTime11setTimeZoneENS_8TimeZoneE
C:\Users\Docker\AppData\Local\Temp\ccgqmiIT.s:303    .text._ZN8DateTime10_clearDataEv:0000000000000000 _ZN8DateTime10_clearDataEv
C:\Users\Docker\AppData\Local\Temp\ccgqmiIT.s:340    .text._ZN8DateTimeC2Ev:0000000000000000 _ZN8DateTimeC2Ev
C:\Users\Docker\AppData\Local\Temp\ccgqmiIT.s:340    .text._ZN8DateTimeC2Ev:0000000000000000 _ZN8DateTimeC1Ev
C:\Users\Docker\AppData\Local\Temp\ccgqmiIT.s:364    .text._ZN8DateTime18_evaluateDayOfWeekEv:0000000000000000 _ZN8DateTime18_evaluateDayOfWeekEv
C:\Users\Docker\AppData\Local\Temp\ccgqmiIT.s:434    .text._ZN8DateTime11_isLeapYearEj:0000000000000000 _ZN8DateTime11_isLeapYearEj
C:\Users\Docker\AppData\Local\Temp\ccgqmiIT.s:472    .text._ZN8DateTime12_isValidDateEjNS_5MonthEh:0000000000000000 _ZN8DateTime12_isValidDateEjNS_5MonthEh
C:\Users\Docker\AppData\Local\Temp\ccgqmiIT.s:553    .text._ZN8DateTime7setDateEjNS_5MonthEh:0000000000000000 _ZN8DateTime7setDateEjNS_5MonthEh
C:\Users\Docker\AppData\Local\Temp\ccgqmiIT.s:620    .text._ZN8DateTime18_convertTimeFormatEPhPNS_8AmPmFlagENS_10TimeFormatES3_:0000000000000000 _ZN8DateTime18_convertTimeFormatEPhPNS_8AmPmFlagENS_10TimeFormatES3_
C:\Users\Docker\AppData\Local\Temp\ccgqmiIT.s:694    .text._ZN8DateTime7getTimeEPhS0_S0_NS_10TimeFormatEPNS_8AmPmFlagE:0000000000000000 _ZN8DateTime7getTimeEPhS0_S0_NS_10TimeFormatEPNS_8AmPmFlagE
C:\Users\Docker\AppData\Local\Temp\ccgqmiIT.s:843    .text._ZN8DateTime7getTimeEPhS0_S0_PjNS_10TimeFormatEPNS_8AmPmFlagE:0000000000000000 _ZN8DateTime7getTimeEPhS0_S0_PjNS_10TimeFormatEPNS_8AmPmFlagE
C:\Users\Docker\AppData\Local\Temp\ccgqmiIT.s:1023   .text._ZN8DateTime13setTimeFormatENS_10TimeFormatE:0000000000000000 _ZN8DateTime13setTimeFormatENS_10TimeFormatE
C:\Users\Docker\AppData\Local\Temp\ccgqmiIT.s:1103   .text._ZN8DateTime12_isValidTimeEhhhNS_10TimeFormatE:0000000000000000 _ZN8DateTime12_isValidTimeEhhhNS_10TimeFormatE
C:\Users\Docker\AppData\Local\Temp\ccgqmiIT.s:1144   .text._ZN8DateTime7setTimeEhhhNS_10TimeFormatENS_8AmPmFlagE:0000000000000000 _ZN8DateTime7setTimeEhhhNS_10TimeFormatENS_8AmPmFlagE
C:\Users\Docker\AppData\Local\Temp\ccgqmiIT.s:1217   .text._ZN8DateTime7setTimeEhhhjNS_10TimeFormatENS_8AmPmFlagE:0000000000000000 _ZN8DateTime7setTimeEhhhjNS_10TimeFormatENS_8AmPmFlagE

UNDEFINED SYMBOLS
__udivmodhi4
__tablejump2__
__do_copy_data
